#
# A fatal error has been detected by the Java Runtime Environment:
#
#  Internal Error (jvmciRuntime.cpp:1224), pid=11592, tid=14548
#  fatal error: Fatal exception in JVMCI: Exception during JVMCI compiler initialization
#
# JRE version: OpenJDK Runtime Environment GraalVM CE 21.3.0 (17.0.1+12) (build 17.0.1+12-jvmci-21.3-b05)
# Java VM: OpenJDK 64-Bit Server VM GraalVM CE 21.3.0 (17.0.1+12-jvmci-21.3-b05, mixed mode, sharing, tiered, jvmci, jvmci compiler, compressed oops, compressed class ptrs, g1 gc, windows-amd64)
# No core dump will be written. Minidumps are not enabled by default on client versions of Windows
#
# If you would like to submit a bug report, please visit:
#   https://github.com/oracle/graal/issues
#

---------------  S U M M A R Y ------------

Command Line: -XX:ThreadPriorityPolicy=1 -XX:+UnlockExperimentalVMOptions -XX:+EnableJVMCIProduct -XX:-UnlockExperimentalVMOptions --add-opens=java.base/java.util=ALL-UNNAMED --add-opens=java.base/java.lang=ALL-UNNAMED --add-opens=java.base/java.lang.invoke=ALL-UNNAMED --add-opens=java.base/java.util=ALL-UNNAMED --add-opens=java.prefs/java.util.prefs=ALL-UNNAMED --add-opens=java.prefs/java.util.prefs=ALL-UNNAMED --add-opens=java.base/java.nio.charset=ALL-UNNAMED --add-opens=java.base/java.net=ALL-UNNAMED --add-opens=java.base/java.util.concurrent.atomic=ALL-UNNAMED -Xmx2048m -Dfile.encoding=UTF-8 -Duser.country=ID -Duser.language=en -Duser.variant org.gradle.launcher.daemon.bootstrap.GradleDaemon 7.3

Host: AMD Ryzen 5 3500U with Radeon Vega Mobile Gfx  , 8 cores, 9G,  Windows 10 , 64 bit Build 19041 (10.0.19041.1348)
Time: Sun Dec 19 07:16:07 2021 SE Asia Standard Time elapsed time: 10247.876258 seconds (0d 2h 50m 47s)

---------------  T H R E A D  ---------------

Current thread (0x0000016ff69cbfd0):  JavaThread "JVMCI-native CompilerThread0" daemon [_thread_in_vm, id=14548, stack(0x0000005f22700000,0x0000005f22800000)]


Current CompileTask:
JVMCI-native:10247876 35843       4       java.io.ObjectStreamClass$FieldReflector::getPrimFieldValues (317 bytes)

Stack: [0x0000005f22700000,0x0000005f22800000]
Native frames: (J=compiled Java code, j=interpreted, Vv=VM code, C=native code)
V  [jvm.dll+0x670bfa]
V  [jvm.dll+0x7cf8fd]
V  [jvm.dll+0x7d120e]
V  [jvm.dll+0x24279f]
V  [jvm.dll+0x4b9974]
V  [jvm.dll+0x2245a1]
V  [jvm.dll+0x2229bc]
V  [jvm.dll+0x78553b]
V  [jvm.dll+0x77fafa]
V  [jvm.dll+0x66fa25]
C  [ucrtbase.dll+0x21bb2]
C  [KERNEL32.DLL+0x17034]
C  [ntdll.dll+0x52651]


---------------  P R O C E S S  ---------------

Threads class SMR info:
_java_thread_list=0x0000016fa4231230, length=90, elements={
0x0000016fd6da1110, 0x0000016ff69afc70, 0x0000016ff69b0730, 0x0000016ff69c12e0,
0x0000016ff69c1da0, 0x0000016ff69c5620, 0x0000016ff69cab90, 0x0000016ff69cbfd0,
0x0000016ff69cd530, 0x0000016ff69d05e0, 0x0000016ff746e790, 0x0000016ff74ecd50,
0x0000016f8b6aa580, 0x0000016f954a5400, 0x0000016f954db6c0, 0x0000016f95578150,
0x0000016f95623c40, 0x0000016f95622430, 0x0000016f95623770, 0x0000016f956245e0,
0x0000016f956215c0, 0x0000016f9593cc20, 0x0000016f9593f770, 0x0000016f9593e430,
0x0000016f9593df60, 0x0000016f95938d90, 0x0000016f9d339090, 0x0000016f9d33a3d0,
0x0000016f9d33ad70, 0x0000016f9d339560, 0x0000016f9d339a30, 0x0000016f9d33b240,
0x0000016fa40e05b0, 0x0000016fa40e0a80, 0x0000016f9593aa70, 0x0000016fa4119260,
0x0000016fa411a5a0, 0x0000016fa6e4aa20, 0x0000016fa6d96ee0, 0x0000016fa6d99a30,
0x0000016fa46b5810, 0x0000016fa4982bd0, 0x0000016fa48a3480, 0x0000016fa6e483a0,
0x0000016fa4984d80, 0x0000016fa4985250, 0x0000016fa3d56050, 0x0000016fa6d97d50,
0x0000016fa6dffc00, 0x0000016fa6dfcbe0, 0x0000016fa6d99090, 0x0000016fa6d98bc0,
0x0000016fa6d973b0, 0x0000016fa6dfe8c0, 0x0000016fa6dff260, 0x0000016fa6dfed90,
0x0000016f8b9bc280, 0x0000016f8b9c0f80, 0x0000016f8b9c2c60, 0x0000016f8b9c0110,
0x0000016f8b9c3130, 0x0000016f8b9c3600, 0x0000016fa6dfda50, 0x0000016fa6dfd0b0,
0x0000016fa6dff730, 0x0000016fa6dfc710, 0x0000016fa6dfd580, 0x0000016f8b9bcc20,
0x0000016f8b9bd0f0, 0x0000016f8b9bd5c0, 0x0000016f8b9c1450, 0x0000016f8b9bda90,
0x0000016fa3d36500, 0x0000016fa3d351c0, 0x0000016fa3d35690, 0x0000016fa3d35b60,
0x0000016fa3d334e0, 0x0000016fa3d36030, 0x0000016fa3d369d0, 0x0000016fa3d339b0,
0x0000016fa3d33e80, 0x0000016fa3d34350, 0x0000016fa3d34820, 0x0000016fa6d986f0,
0x0000016fa46fe510, 0x0000016fa46fe9e0, 0x0000016fa46ff850, 0x0000016fa46feeb0,
0x0000016fa47006c0, 0x0000016fa4701530
}

Java Threads: ( => current thread )
  0x0000016fd6da1110 JavaThread "main" [_thread_blocked, id=13380, stack(0x0000005f21a00000,0x0000005f21b00000)]
  0x0000016ff69afc70 JavaThread "Reference Handler" daemon [_thread_blocked, id=17664, stack(0x0000005f22100000,0x0000005f22200000)]
  0x0000016ff69b0730 JavaThread "Finalizer" daemon [_thread_blocked, id=10872, stack(0x0000005f22200000,0x0000005f22300000)]
  0x0000016ff69c12e0 JavaThread "Signal Dispatcher" daemon [_thread_blocked, id=6920, stack(0x0000005f22300000,0x0000005f22400000)]
  0x0000016ff69c1da0 JavaThread "Attach Listener" daemon [_thread_blocked, id=11680, stack(0x0000005f22400000,0x0000005f22500000)]
  0x0000016ff69c5620 JavaThread "Service Thread" daemon [_thread_blocked, id=16008, stack(0x0000005f22500000,0x0000005f22600000)]
  0x0000016ff69cab90 JavaThread "Monitor Deflation Thread" daemon [_thread_blocked, id=16028, stack(0x0000005f22600000,0x0000005f22700000)]
=>0x0000016ff69cbfd0 JavaThread "JVMCI-native CompilerThread0" daemon [_thread_in_vm, id=14548, stack(0x0000005f22700000,0x0000005f22800000)]
  0x0000016ff69cd530 JavaThread "C1 CompilerThread0" daemon [_thread_blocked, id=16468, stack(0x0000005f22800000,0x0000005f22900000)]
  0x0000016ff69d05e0 JavaThread "Sweeper thread" daemon [_thread_blocked, id=9888, stack(0x0000005f22900000,0x0000005f22a00000)]
  0x0000016ff746e790 JavaThread "Common-Cleaner" daemon [_thread_blocked, id=8800, stack(0x0000005f22a00000,0x0000005f22b00000)]
  0x0000016ff74ecd50 JavaThread "Notification Thread" daemon [_thread_blocked, id=16124, stack(0x0000005f22b00000,0x0000005f22c00000)]
  0x0000016f8b6aa580 JavaThread "Libgraal MBean Registration" daemon [_thread_blocked, id=15988, stack(0x0000005f22f00000,0x0000005f23000000)]
  0x0000016f954a5400 JavaThread "Daemon health stats" [_thread_blocked, id=11268, stack(0x0000005f23400000,0x0000005f23500000)]
  0x0000016f954db6c0 JavaThread "Incoming local TCP Connector on port 65131" [_thread_in_native, id=14708, stack(0x0000005f22e00000,0x0000005f22f00000)]
  0x0000016f95578150 JavaThread "Daemon periodic checks" [_thread_blocked, id=7736, stack(0x0000005f23500000,0x0000005f23600000)]
  0x0000016f95623c40 JavaThread "Cache worker for journal cache (C:\Users\jonat\.gradle\caches\journal-1)" [_thread_blocked, id=15548, stack(0x0000005f23d00000,0x0000005f23e00000)]
  0x0000016f95622430 JavaThread "File lock request listener" [_thread_in_native, id=12936, stack(0x0000005f23e00000,0x0000005f23f00000)]
  0x0000016f95623770 JavaThread "Cache worker for file hash cache (C:\Users\jonat\.gradle\caches\7.3\fileHashes)" [_thread_blocked, id=3116, stack(0x0000005f23f00000,0x0000005f24000000)]
  0x0000016f956245e0 JavaThread "File watcher server" daemon [_thread_in_native, id=8064, stack(0x0000005f24000000,0x0000005f24100000)]
  0x0000016f956215c0 JavaThread "File watcher consumer" daemon [_thread_blocked, id=12236, stack(0x0000005f24200000,0x0000005f24300000)]
  0x0000016f9593cc20 JavaThread "Cache worker for execution history cache (C:\Users\jonat\.gradle\caches\7.3\executionHistory)" [_thread_blocked, id=17740, stack(0x0000005f24900000,0x0000005f24a00000)]
  0x0000016f9593f770 JavaThread "jar transforms" [_thread_blocked, id=15952, stack(0x0000005f24b00000,0x0000005f24c00000)]
  0x0000016f9593e430 JavaThread "jar transforms Thread 2" [_thread_blocked, id=16476, stack(0x0000005f24c00000,0x0000005f24d00000)]
  0x0000016f9593df60 JavaThread "Cache worker for file content cache (C:\Users\jonat\.gradle\caches\7.3\fileContent)" [_thread_blocked, id=5920, stack(0x0000005f24d00000,0x0000005f24e00000)]
  0x0000016f95938d90 JavaThread "jar transforms Thread 3" [_thread_blocked, id=8500, stack(0x0000005f24a00000,0x0000005f24b00000)]
  0x0000016f9d339090 JavaThread "jar transforms Thread 4" [_thread_blocked, id=11368, stack(0x0000005f2a100000,0x0000005f2a200000)]
  0x0000016f9d33a3d0 JavaThread "jar transforms Thread 5" [_thread_blocked, id=7764, stack(0x0000005f2a200000,0x0000005f2a300000)]
  0x0000016f9d33ad70 JavaThread "jar transforms Thread 6" [_thread_blocked, id=14416, stack(0x0000005f2a300000,0x0000005f2a400000)]
  0x0000016f9d339560 JavaThread "jar transforms Thread 7" [_thread_blocked, id=14196, stack(0x0000005f2a400000,0x0000005f2a500000)]
  0x0000016f9d339a30 JavaThread "jar transforms Thread 8" [_thread_blocked, id=12012, stack(0x0000005f2a500000,0x0000005f2a600000)]
  0x0000016f9d33b240 JavaThread "Memory manager" [_thread_blocked, id=6436, stack(0x0000005f2a600000,0x0000005f2a700000)]
  0x0000016fa40e05b0 JavaThread "RMI Scheduler(0)" daemon [_thread_blocked, id=12076, stack(0x0000005f2af00000,0x0000005f2b000000)]
  0x0000016fa40e0a80 JavaThread "RMI TCP Accept-0" daemon [_thread_in_native, id=9728, stack(0x0000005f2b200000,0x0000005f2b300000)]
  0x0000016f9593aa70 JavaThread "Cache worker for Java compile cache (C:\Users\jonat\.gradle\caches\7.3\javaCompile)" [_thread_blocked, id=18392, stack(0x0000005f2bd00000,0x0000005f2be00000)]
  0x0000016fa4119260 JavaThread "RMI GC Daemon" daemon [_thread_blocked, id=18280, stack(0x0000005f2ae00000,0x0000005f2af00000)]
  0x0000016fa411a5a0 JavaThread "RMI Reaper" [_thread_blocked, id=15052, stack(0x0000005f2b000000,0x0000005f2b100000)]
  0x0000016fa6e4aa20 JavaThread "RMI TCP Connection(idle)" daemon [_thread_blocked, id=17952, stack(0x0000005f21900000,0x0000005f21a00000)]
  0x0000016fa6d96ee0 JavaThread "ForkJoinPool.commonPool-worker-107" daemon [_thread_blocked, id=5424, stack(0x0000005f2c200000,0x0000005f2c300000)]
  0x0000016fa6d99a30 JavaThread "ForkJoinPool.commonPool-worker-108" daemon [_thread_blocked, id=9344, stack(0x0000005f2ca00000,0x0000005f2cb00000)]
  0x0000016fa46b5810 JavaThread "ForkJoinPool.commonPool-worker-109" daemon [_thread_blocked, id=4940, stack(0x0000005f2cb00000,0x0000005f2cc00000)]
  0x0000016fa4982bd0 JavaThread "ForkJoinPool.commonPool-worker-110" daemon [_thread_blocked, id=7544, stack(0x0000005f2cc00000,0x0000005f2cd00000)]
  0x0000016fa48a3480 JavaThread "ForkJoinPool.commonPool-worker-111" daemon [_thread_blocked, id=15020, stack(0x0000005f2cd00000,0x0000005f2ce00000)]
  0x0000016fa6e483a0 JavaThread "RMI TCP Connection(idle)" daemon [_thread_blocked, id=13248, stack(0x0000005f21800000,0x0000005f21900000)]
  0x0000016fa4984d80 JavaThread "RMI TCP Connection(idle)" daemon [_thread_blocked, id=16196, stack(0x0000005f21700000,0x0000005f21800000)]
  0x0000016fa4985250 JavaThread "RMI TCP Connection(idle)" daemon [_thread_blocked, id=3884, stack(0x0000005f23600000,0x0000005f23700000)]
  0x0000016fa3d56050 JavaThread "Daemon Thread 32" [_thread_blocked, id=2276, stack(0x0000005f23700000,0x0000005f23800000)]
  0x0000016fa6d97d50 JavaThread "Daemon worker Thread 32" [_thread_blocked, id=15900, stack(0x0000005f23a00000,0x0000005f23b00000)]
  0x0000016fa6dffc00 JavaThread "Handler for socket connection from /127.0.0.1:65131 to /127.0.0.1:58252" [_thread_in_native, id=3372, stack(0x0000005f23800000,0x0000005f23900000)]
  0x0000016fa6dfcbe0 JavaThread "Cancel handler" [_thread_blocked, id=7304, stack(0x0000005f23900000,0x0000005f23a00000)]
  0x0000016fa6d99090 JavaThread "Asynchronous log dispatcher for DefaultDaemonConnection: socket connection from /127.0.0.1:65131 to /127.0.0.1:58252" [_thread_blocked, id=17316, stack(0x0000005f23b00000,0x0000005f23c00000)]
  0x0000016fa6d98bc0 JavaThread "Stdin handler" [_thread_blocked, id=16164, stack(0x0000005f23c00000,0x0000005f23d00000)]
  0x0000016fa6d973b0 JavaThread "Daemon client event forwarder" [_thread_blocked, id=12304, stack(0x0000005f24100000,0x0000005f24200000)]
  0x0000016fa6dfe8c0 JavaThread "Unconstrained build operations" [_thread_blocked, id=16448, stack(0x0000005f25100000,0x0000005f25200000)]
  0x0000016fa6dff260 JavaThread "Unconstrained build operations Thread 2" [_thread_blocked, id=14280, stack(0x0000005f25200000,0x0000005f25300000)]
  0x0000016fa6dfed90 JavaThread "Unconstrained build operations Thread 3" [_thread_blocked, id=10248, stack(0x0000005f25300000,0x0000005f25400000)]
  0x0000016f8b9bc280 JavaThread "Unconstrained build operations Thread 4" [_thread_blocked, id=8968, stack(0x0000005f25400000,0x0000005f25500000)]
  0x0000016f8b9c0f80 JavaThread "Unconstrained build operations Thread 5" [_thread_blocked, id=17004, stack(0x0000005f25500000,0x0000005f25600000)]
  0x0000016f8b9c2c60 JavaThread "Unconstrained build operations Thread 6" [_thread_blocked, id=13244, stack(0x0000005f25600000,0x0000005f25700000)]
  0x0000016f8b9c0110 JavaThread "Unconstrained build operations Thread 7" [_thread_blocked, id=11940, stack(0x0000005f25700000,0x0000005f25800000)]
  0x0000016f8b9c3130 JavaThread "Unconstrained build operations Thread 8" [_thread_blocked, id=3868, stack(0x0000005f25800000,0x0000005f25900000)]
  0x0000016f8b9c3600 JavaThread "Unconstrained build operations Thread 9" [_thread_blocked, id=11620, stack(0x0000005f25900000,0x0000005f25a00000)]
  0x0000016fa6dfda50 JavaThread "Unconstrained build operations Thread 10" [_thread_blocked, id=16236, stack(0x0000005f25a00000,0x0000005f25b00000)]
  0x0000016fa6dfd0b0 JavaThread "Unconstrained build operations Thread 11" [_thread_blocked, id=12828, stack(0x0000005f25b00000,0x0000005f25c00000)]
  0x0000016fa6dff730 JavaThread "Unconstrained build operations Thread 12" [_thread_blocked, id=10584, stack(0x0000005f25c00000,0x0000005f25d00000)]
  0x0000016fa6dfc710 JavaThread "Unconstrained build operations Thread 13" [_thread_blocked, id=11472, stack(0x0000005f25d00000,0x0000005f25e00000)]
  0x0000016fa6dfd580 JavaThread "Unconstrained build operations Thread 14" [_thread_blocked, id=6424, stack(0x0000005f25e00000,0x0000005f25f00000)]
  0x0000016f8b9bcc20 JavaThread "Unconstrained build operations Thread 15" [_thread_blocked, id=7472, stack(0x0000005f25f00000,0x0000005f26000000)]
  0x0000016f8b9bd0f0 JavaThread "Unconstrained build operations Thread 16" [_thread_blocked, id=17644, stack(0x0000005f26000000,0x0000005f26100000)]
  0x0000016f8b9bd5c0 JavaThread "Unconstrained build operations Thread 17" [_thread_blocked, id=9068, stack(0x0000005f26100000,0x0000005f26200000)]
  0x0000016f8b9c1450 JavaThread "Unconstrained build operations Thread 18" [_thread_blocked, id=15692, stack(0x0000005f26200000,0x0000005f26300000)]
  0x0000016f8b9bda90 JavaThread "Unconstrained build operations Thread 19" [_thread_blocked, id=15064, stack(0x0000005f26300000,0x0000005f26400000)]
  0x0000016fa3d36500 JavaThread "Unconstrained build operations Thread 20" [_thread_blocked, id=3284, stack(0x0000005f26400000,0x0000005f26500000)]
  0x0000016fa3d351c0 JavaThread "Unconstrained build operations Thread 21" [_thread_blocked, id=14604, stack(0x0000005f26500000,0x0000005f26600000)]
  0x0000016fa3d35690 JavaThread "Unconstrained build operations Thread 22" [_thread_blocked, id=3816, stack(0x0000005f26600000,0x0000005f26700000)]
  0x0000016fa3d35b60 JavaThread "Unconstrained build operations Thread 23" [_thread_blocked, id=5852, stack(0x0000005f26700000,0x0000005f26800000)]
  0x0000016fa3d334e0 JavaThread "Unconstrained build operations Thread 24" [_thread_blocked, id=16588, stack(0x0000005f26800000,0x0000005f26900000)]
  0x0000016fa3d36030 JavaThread "Unconstrained build operations Thread 25" [_thread_blocked, id=1732, stack(0x0000005f26900000,0x0000005f26a00000)]
  0x0000016fa3d369d0 JavaThread "Unconstrained build operations Thread 26" [_thread_blocked, id=16540, stack(0x0000005f26a00000,0x0000005f26b00000)]
  0x0000016fa3d339b0 JavaThread "Unconstrained build operations Thread 27" [_thread_blocked, id=9928, stack(0x0000005f26b00000,0x0000005f26c00000)]
  0x0000016fa3d33e80 JavaThread "Unconstrained build operations Thread 28" [_thread_blocked, id=15508, stack(0x0000005f26c00000,0x0000005f26d00000)]
  0x0000016fa3d34350 JavaThread "Unconstrained build operations Thread 29" [_thread_blocked, id=9516, stack(0x0000005f26d00000,0x0000005f26e00000)]
  0x0000016fa3d34820 JavaThread "Unconstrained build operations Thread 30" [_thread_blocked, id=15776, stack(0x0000005f26e00000,0x0000005f26f00000)]
  0x0000016fa6d986f0 JavaThread "Unconstrained build operations Thread 31" [_thread_blocked, id=7112, stack(0x0000005f26f00000,0x0000005f27000000)]
  0x0000016fa46fe510 JavaThread "Unconstrained build operations Thread 32" [_thread_blocked, id=17280, stack(0x0000005f27000000,0x0000005f27100000)]
  0x0000016fa46fe9e0 JavaThread "Unconstrained build operations Thread 33" [_thread_blocked, id=14316, stack(0x0000005f27100000,0x0000005f27200000)]
  0x0000016fa46ff850 JavaThread "Unconstrained build operations Thread 34" [_thread_blocked, id=10088, stack(0x0000005f27200000,0x0000005f27300000)]
  0x0000016fa46feeb0 JavaThread "Unconstrained build operations Thread 35" [_thread_blocked, id=17432, stack(0x0000005f27300000,0x0000005f27400000)]
  0x0000016fa47006c0 JavaThread "Unconstrained build operations Thread 36" [_thread_blocked, id=13944, stack(0x0000005f27400000,0x0000005f27500000)]
  0x0000016fa4701530 JavaThread "Unconstrained build operations Thread 37" [_thread_blocked, id=15416, stack(0x0000005f27500000,0x0000005f27600000)]

Other Threads:
  0x0000016ff69a6240 VMThread "VM Thread" [stack: 0x0000005f22000000,0x0000005f22100000] [id=14580]
  0x0000016ff74ed220 WatcherThread [stack: 0x0000005f22c00000,0x0000005f22d00000] [id=13112]
  0x0000016fd6de3390 GCTaskThread "GC Thread#0" [stack: 0x0000005f21b00000,0x0000005f21c00000] [id=17536]
  0x0000016f8b6d12d0 GCTaskThread "GC Thread#1" [stack: 0x0000005f22d00000,0x0000005f22e00000] [id=5568]
  0x0000016f8b6d1580 GCTaskThread "GC Thread#2" [stack: 0x0000005f23000000,0x0000005f23100000] [id=17544]
  0x0000016f94c39e10 GCTaskThread "GC Thread#3" [stack: 0x0000005f23100000,0x0000005f23200000] [id=5932]
  0x0000016f94c3a0c0 GCTaskThread "GC Thread#4" [stack: 0x0000005f23200000,0x0000005f23300000] [id=15752]
  0x0000016f94c42790 GCTaskThread "GC Thread#5" [stack: 0x0000005f23300000,0x0000005f23400000] [id=8876]
  0x0000016f8b5f7b30 GCTaskThread "GC Thread#6" [stack: 0x0000005f24400000,0x0000005f24500000] [id=12504]
  0x0000016f8b5f8090 GCTaskThread "GC Thread#7" [stack: 0x0000005f24500000,0x0000005f24600000] [id=14428]
  0x0000016fd6df4080 ConcurrentGCThread "G1 Main Marker" [stack: 0x0000005f21c00000,0x0000005f21d00000] [id=11280]
  0x0000016fd6df4fe0 ConcurrentGCThread "G1 Conc#0" [stack: 0x0000005f21d00000,0x0000005f21e00000] [id=17812]
  0x0000016f8b5f75d0 ConcurrentGCThread "G1 Conc#1" [stack: 0x0000005f24700000,0x0000005f24800000] [id=3300]
  0x0000016ff68620a0 ConcurrentGCThread "G1 Refine#0" [stack: 0x0000005f21e00000,0x0000005f21f00000] [id=16532]
  0x0000016f9f398760 ConcurrentGCThread "G1 Refine#1" [stack: 0x0000005f2b900000,0x0000005f2ba00000] [id=12552]
  0x0000016f9f398a40 ConcurrentGCThread "G1 Refine#2" [stack: 0x0000005f2ba00000,0x0000005f2bb00000] [id=9300]
  0x0000016f9f398d20 ConcurrentGCThread "G1 Refine#3" [stack: 0x0000005f2b300000,0x0000005f2b400000] [id=11912]
  0x0000016ff6862870 ConcurrentGCThread "G1 Service" [stack: 0x0000005f21f00000,0x0000005f22000000] [id=4468]

Threads with active compile tasks:
JVMCI-native CompilerThread0  10247939 35843       4       java.io.ObjectStreamClass$FieldReflector::getPrimFieldValues (317 bytes)

VM state: not at safepoint (normal execution)

VM Mutex/Monitor currently owned by a thread: None

OutOfMemory and StackOverflow Exception counts:
OutOfMemoryError java_heap_errors=1
LinkageErrors=225

Heap address: 0x0000000080000000, size: 2048 MB, Compressed Oops mode: 32-bit

CDS archive(s) mapped at: [0x0000000800000000-0x0000000800bc0000-0x0000000800bc0000), size 12320768, SharedBaseAddress: 0x0000000800000000, ArchiveRelocationMode: 0.
Compressed class space mapped at: 0x0000000800c00000-0x0000000840c00000, reserved size: 1073741824
Narrow klass base: 0x0000000800000000, Narrow klass shift: 0, Narrow klass range: 0x100000000

GC Precious Log:
 CPUs: 8 total, 8 available
 Memory: 10170M
 Large Page Support: Disabled
 NUMA Support: Disabled
 Compressed Oops: Enabled (32-bit)
 Heap Region Size: 1M
 Heap Min Capacity: 8M
 Heap Initial Capacity: 160M
 Heap Max Capacity: 2G
 Pre-touch: Disabled
 Parallel Workers: 8
 Concurrent Workers: 2
 Concurrent Refinement Workers: 8
 Periodic GC: Disabled

Heap:
 garbage-first heap   total 286720K, used 156337K [0x0000000080000000, 0x0000000100000000)
  region size 1024K, 63 young (64512K), 6 survivors (6144K)
 Metaspace       used 127441K, committed 129536K, reserved 1163264K
  class space    used 15494K, committed 16512K, reserved 1048576K

Heap Regions: E=young(eden), S=young(survivor), O=old, HS=humongous(starts), HC=humongous(continues), CS=collection set, F=free, OA=open archive, CA=closed archive, TAMS=top-at-mark-start (previous, next)
|   0|0x0000000080000000, 0x00000000800fffe8, 0x0000000080100000| 99%| O|  |TAMS 0x0000000080000000, 0x0000000080000000| Untracked 
|   1|0x0000000080100000, 0x00000000801ffff8, 0x0000000080200000| 99%| O|  |TAMS 0x00000000801ffff8, 0x0000000080100000| Untracked 
|   2|0x0000000080200000, 0x00000000802ffff0, 0x0000000080300000| 99%| O|  |TAMS 0x00000000802ffff0, 0x0000000080200000| Untracked 
|   3|0x0000000080300000, 0x0000000080400000, 0x0000000080400000|100%|HS|  |TAMS 0x0000000080400000, 0x0000000080300000| Untracked 
|   4|0x0000000080400000, 0x0000000080500000, 0x0000000080500000|100%|HC|  |TAMS 0x0000000080500000, 0x0000000080400000| Untracked 
|   5|0x0000000080500000, 0x0000000080600000, 0x0000000080600000|100%|HC|  |TAMS 0x0000000080600000, 0x0000000080500000| Untracked 
|   6|0x0000000080600000, 0x0000000080700000, 0x0000000080700000|100%| O|  |TAMS 0x0000000080700000, 0x0000000080600000| Untracked 
|   7|0x0000000080700000, 0x0000000080800000, 0x0000000080800000|100%| O|  |TAMS 0x0000000080800000, 0x0000000080700000| Untracked 
|   8|0x0000000080800000, 0x00000000808ffff8, 0x0000000080900000| 99%| O|  |TAMS 0x00000000808ffff8, 0x0000000080800000| Untracked 
|   9|0x0000000080900000, 0x00000000809fffe8, 0x0000000080a00000| 99%| O|  |TAMS 0x00000000809fffe8, 0x0000000080900000| Untracked 
|  10|0x0000000080a00000, 0x0000000080b00000, 0x0000000080b00000|100%| O|  |TAMS 0x0000000080b00000, 0x0000000080a00000| Untracked 
|  11|0x0000000080b00000, 0x0000000080bffff8, 0x0000000080c00000| 99%| O|  |TAMS 0x0000000080bffff8, 0x0000000080b00000| Untracked 
|  12|0x0000000080c00000, 0x0000000080cffff8, 0x0000000080d00000| 99%| O|  |TAMS 0x0000000080cffff8, 0x0000000080c00000| Untracked 
|  13|0x0000000080d00000, 0x0000000080e00000, 0x0000000080e00000|100%| O|  |TAMS 0x0000000080e00000, 0x0000000080d00000| Untracked 
|  14|0x0000000080e00000, 0x0000000080effff8, 0x0000000080f00000| 99%| O|  |TAMS 0x0000000080effff8, 0x0000000080e00000| Untracked 
|  15|0x0000000080f00000, 0x0000000080ffffe8, 0x0000000081000000| 99%| O|  |TAMS 0x0000000080ffffe8, 0x0000000080f00000| Untracked 
|  16|0x0000000081000000, 0x00000000810fffa8, 0x0000000081100000| 99%| O|  |TAMS 0x00000000810fffa8, 0x0000000081000000| Untracked 
|  17|0x0000000081100000, 0x00000000811ffff0, 0x0000000081200000| 99%| O|  |TAMS 0x00000000811ffff0, 0x0000000081100000| Untracked 
|  18|0x0000000081200000, 0x00000000812fffe0, 0x0000000081300000| 99%| O|  |TAMS 0x0000000081200000, 0x0000000081200000| Untracked 
|  19|0x0000000081300000, 0x00000000813fffd0, 0x0000000081400000| 99%| O|  |TAMS 0x00000000813fffd0, 0x0000000081300000| Untracked 
|  20|0x0000000081400000, 0x00000000814ffff0, 0x0000000081500000| 99%| O|  |TAMS 0x00000000814ffff0, 0x0000000081400000| Untracked 
|  21|0x0000000081500000, 0x00000000815fffe0, 0x0000000081600000| 99%| O|  |TAMS 0x00000000815fffe0, 0x0000000081500000| Untracked 
|  22|0x0000000081600000, 0x00000000816fffe8, 0x0000000081700000| 99%| O|  |TAMS 0x00000000816fffe8, 0x0000000081600000| Untracked 
|  23|0x0000000081700000, 0x0000000081800000, 0x0000000081800000|100%| O|  |TAMS 0x0000000081800000, 0x0000000081700000| Untracked 
|  24|0x0000000081800000, 0x00000000818ffff0, 0x0000000081900000| 99%| O|  |TAMS 0x00000000818ffff0, 0x0000000081800000| Untracked 
|  25|0x0000000081900000, 0x00000000819fffc8, 0x0000000081a00000| 99%| O|  |TAMS 0x00000000819fffc8, 0x0000000081900000| Untracked 
|  26|0x0000000081a00000, 0x0000000081b00000, 0x0000000081b00000|100%|HS|  |TAMS 0x0000000081b00000, 0x0000000081a00000| Untracked 
|  27|0x0000000081b00000, 0x0000000081c00000, 0x0000000081c00000|100%|HS|  |TAMS 0x0000000081c00000, 0x0000000081b00000| Untracked 
|  28|0x0000000081c00000, 0x0000000081d00000, 0x0000000081d00000|100%|HS|  |TAMS 0x0000000081d00000, 0x0000000081c00000| Untracked 
|  29|0x0000000081d00000, 0x0000000081dffff0, 0x0000000081e00000| 99%| O|  |TAMS 0x0000000081dffff0, 0x0000000081d00000| Untracked 
|  30|0x0000000081e00000, 0x0000000081efa1a0, 0x0000000081f00000| 97%| O|  |TAMS 0x0000000081efa1a0, 0x0000000081e00000| Untracked 
|  31|0x0000000081f00000, 0x0000000081ffff00, 0x0000000082000000| 99%| O|  |TAMS 0x0000000081ffff00, 0x0000000081f00000| Untracked 
|  32|0x0000000082000000, 0x00000000820ffff0, 0x0000000082100000| 99%| O|  |TAMS 0x0000000082000000, 0x0000000082000000| Untracked 
|  33|0x0000000082100000, 0x00000000821fffe8, 0x0000000082200000| 99%| O|  |TAMS 0x00000000821fffe8, 0x0000000082100000| Untracked 
|  34|0x0000000082200000, 0x0000000082300000, 0x0000000082300000|100%| O|  |TAMS 0x0000000082300000, 0x0000000082200000| Untracked 
|  35|0x0000000082300000, 0x00000000823ffff0, 0x0000000082400000| 99%| O|  |TAMS 0x00000000823ffff0, 0x0000000082300000| Untracked 
|  36|0x0000000082400000, 0x00000000824fffe0, 0x0000000082500000| 99%| O|  |TAMS 0x00000000824fffe0, 0x0000000082400000| Untracked 
|  37|0x0000000082500000, 0x00000000825ffff0, 0x0000000082600000| 99%| O|  |TAMS 0x00000000825ffff0, 0x0000000082500000| Untracked 
|  38|0x0000000082600000, 0x00000000826cd830, 0x0000000082700000| 80%| O|  |TAMS 0x0000000082600000, 0x0000000082600000| Untracked 
|  39|0x0000000082700000, 0x0000000082800000, 0x0000000082800000|100%|HS|  |TAMS 0x0000000082800000, 0x0000000082700000| Untracked 
|  40|0x0000000082800000, 0x0000000082900000, 0x0000000082900000|100%|HC|  |TAMS 0x0000000082900000, 0x0000000082800000| Untracked 
|  41|0x0000000082900000, 0x0000000082a00000, 0x0000000082a00000|100%|HC|  |TAMS 0x0000000082a00000, 0x0000000082900000| Untracked 
|  42|0x0000000082a00000, 0x0000000082b00000, 0x0000000082b00000|100%| O|  |TAMS 0x0000000082b00000, 0x0000000082a00000| Untracked 
|  43|0x0000000082b00000, 0x0000000082c00000, 0x0000000082c00000|100%| O|  |TAMS 0x0000000082c00000, 0x0000000082b00000| Untracked 
|  44|0x0000000082c00000, 0x0000000082cfffe0, 0x0000000082d00000| 99%| O|  |TAMS 0x0000000082cfffe0, 0x0000000082c00000| Untracked 
|  45|0x0000000082d00000, 0x0000000082e00000, 0x0000000082e00000|100%| O|  |TAMS 0x0000000082e00000, 0x0000000082d00000| Untracked 
|  46|0x0000000082e00000, 0x0000000082f00000, 0x0000000082f00000|100%|HS|  |TAMS 0x0000000082f00000, 0x0000000082e00000| Untracked 
|  47|0x0000000082f00000, 0x0000000083000000, 0x0000000083000000|100%|HC|  |TAMS 0x0000000083000000, 0x0000000082f00000| Untracked 
|  48|0x0000000083000000, 0x00000000830fffd8, 0x0000000083100000| 99%| O|  |TAMS 0x00000000830fffd8, 0x0000000083000000| Untracked 
|  49|0x0000000083100000, 0x00000000831fffe8, 0x0000000083200000| 99%| O|  |TAMS 0x00000000831fffe8, 0x0000000083100000| Untracked 
|  50|0x0000000083200000, 0x0000000083300000, 0x0000000083300000|100%| O|  |TAMS 0x0000000083300000, 0x0000000083200000| Untracked 
|  51|0x0000000083300000, 0x00000000833f7f28, 0x0000000083400000| 96%| O|  |TAMS 0x00000000833f7f28, 0x0000000083300000| Untracked 
|  52|0x0000000083400000, 0x00000000834ffff8, 0x0000000083500000| 99%| O|  |TAMS 0x00000000834ffff8, 0x0000000083400000| Untracked 
|  53|0x0000000083500000, 0x00000000835ffff0, 0x0000000083600000| 99%| O|  |TAMS 0x00000000835ffff0, 0x0000000083500000| Untracked 
|  54|0x0000000083600000, 0x0000000083700000, 0x0000000083700000|100%| O|  |TAMS 0x0000000083700000, 0x0000000083600000| Untracked 
|  55|0x0000000083700000, 0x00000000837fffe0, 0x0000000083800000| 99%| O|  |TAMS 0x00000000837fffe0, 0x0000000083700000| Untracked 
|  56|0x0000000083800000, 0x00000000838fffc0, 0x0000000083900000| 99%| O|  |TAMS 0x00000000838fffc0, 0x0000000083800000| Untracked 
|  57|0x0000000083900000, 0x00000000839ffff8, 0x0000000083a00000| 99%| O|  |TAMS 0x00000000839ffff8, 0x0000000083900000| Untracked 
|  58|0x0000000083a00000, 0x0000000083affff8, 0x0000000083b00000| 99%| O|  |TAMS 0x0000000083affff8, 0x0000000083a00000| Untracked 
|  59|0x0000000083b00000, 0x0000000083bfffe8, 0x0000000083c00000| 99%| O|  |TAMS 0x0000000083bfffe8, 0x0000000083b00000| Untracked 
|  60|0x0000000083c00000, 0x0000000083d00000, 0x0000000083d00000|100%| O|  |TAMS 0x0000000083d00000, 0x0000000083c00000| Untracked 
|  61|0x0000000083d00000, 0x0000000083dffff0, 0x0000000083e00000| 99%| O|  |TAMS 0x0000000083dffff0, 0x0000000083d00000| Untracked 
|  62|0x0000000083e00000, 0x0000000083f00000, 0x0000000083f00000|100%| O|  |TAMS 0x0000000083f00000, 0x0000000083e00000| Untracked 
|  63|0x0000000083f00000, 0x0000000083ffffc8, 0x0000000084000000| 99%| O|  |TAMS 0x0000000083ffffc8, 0x0000000083f00000| Untracked 
|  64|0x0000000084000000, 0x00000000840ffff8, 0x0000000084100000| 99%| O|  |TAMS 0x00000000840ffff8, 0x0000000084000000| Untracked 
|  65|0x0000000084100000, 0x00000000841fffe0, 0x0000000084200000| 99%| O|  |TAMS 0x0000000084100000, 0x0000000084100000| Untracked 
|  66|0x0000000084200000, 0x00000000842fffe8, 0x0000000084300000| 99%| O|  |TAMS 0x00000000842fffe8, 0x0000000084200000| Untracked 
|  67|0x0000000084300000, 0x00000000843ffff8, 0x0000000084400000| 99%| O|  |TAMS 0x00000000843ffff8, 0x0000000084300000| Untracked 
|  68|0x0000000084400000, 0x00000000844fffd8, 0x0000000084500000| 99%| O|  |TAMS 0x0000000084400000, 0x0000000084400000| Untracked 
|  69|0x0000000084500000, 0x00000000845ffa40, 0x0000000084600000| 99%| O|  |TAMS 0x00000000845ffa40, 0x0000000084500000| Untracked 
|  70|0x0000000084600000, 0x0000000084700000, 0x0000000084700000|100%| O|  |TAMS 0x0000000084600000, 0x0000000084600000| Untracked 
|  71|0x0000000084700000, 0x0000000084800000, 0x0000000084800000|100%| O|  |TAMS 0x0000000084700000, 0x0000000084700000| Untracked 
|  72|0x0000000084800000, 0x00000000848ffff8, 0x0000000084900000| 99%| O|  |TAMS 0x00000000848ffff8, 0x0000000084800000| Untracked 
|  73|0x0000000084900000, 0x00000000849ffff8, 0x0000000084a00000| 99%| O|  |TAMS 0x00000000849ffff8, 0x0000000084900000| Untracked 
|  74|0x0000000084a00000, 0x0000000084affff8, 0x0000000084b00000| 99%| O|  |TAMS 0x0000000084affff8, 0x0000000084a00000| Untracked 
|  75|0x0000000084b00000, 0x0000000084bff968, 0x0000000084c00000| 99%| O|  |TAMS 0x0000000084bff968, 0x0000000084b00000| Untracked 
|  76|0x0000000084c00000, 0x0000000084cffff8, 0x0000000084d00000| 99%| O|  |TAMS 0x0000000084cffff8, 0x0000000084c00000| Untracked 
|  77|0x0000000084d00000, 0x0000000084dffff0, 0x0000000084e00000| 99%| O|  |TAMS 0x0000000084dffff0, 0x0000000084d00000| Untracked 
|  78|0x0000000084e00000, 0x0000000084effff0, 0x0000000084f00000| 99%| O|  |TAMS 0x0000000084e00000, 0x0000000084e00000| Untracked 
|  79|0x0000000084f00000, 0x0000000084f4f620, 0x0000000085000000| 31%| O|  |TAMS 0x0000000084f00000, 0x0000000084f00000| Untracked 
|  80|0x0000000085000000, 0x00000000850c8fd8, 0x0000000085100000| 78%| O|  |TAMS 0x0000000085000000, 0x0000000085000000| Untracked 
|  81|0x0000000085100000, 0x0000000085100000, 0x0000000085200000|  0%| F|  |TAMS 0x0000000085100000, 0x0000000085100000| Untracked 
|  82|0x0000000085200000, 0x0000000085200000, 0x0000000085300000|  0%| F|  |TAMS 0x0000000085200000, 0x0000000085200000| Untracked 
|  83|0x0000000085300000, 0x0000000085300000, 0x0000000085400000|  0%| F|  |TAMS 0x0000000085300000, 0x0000000085300000| Untracked 
|  84|0x0000000085400000, 0x0000000085500000, 0x0000000085500000|100%|HS|  |TAMS 0x0000000085400000, 0x0000000085400000| Complete 
|  85|0x0000000085500000, 0x0000000085600000, 0x0000000085600000|100%| O|  |TAMS 0x0000000085500000, 0x0000000085500000| Untracked 
|  86|0x0000000085600000, 0x00000000856ffff8, 0x0000000085700000| 99%| O|  |TAMS 0x00000000856ffff8, 0x0000000085600000| Untracked 
|  87|0x0000000085700000, 0x0000000085794280, 0x0000000085800000| 57%| O|  |TAMS 0x0000000085700000, 0x0000000085700000| Untracked 
|  88|0x0000000085800000, 0x0000000085900000, 0x0000000085900000|100%| O|  |TAMS 0x0000000085800000, 0x0000000085800000| Untracked 
|  89|0x0000000085900000, 0x0000000085900000, 0x0000000085a00000|  0%| F|  |TAMS 0x0000000085900000, 0x0000000085900000| Untracked 
|  90|0x0000000085a00000, 0x0000000085a00000, 0x0000000085b00000|  0%| F|  |TAMS 0x0000000085a00000, 0x0000000085a00000| Untracked 
|  91|0x0000000085b00000, 0x0000000085b00000, 0x0000000085c00000|  0%| F|  |TAMS 0x0000000085b00000, 0x0000000085b00000| Untracked 
|  92|0x0000000085c00000, 0x0000000085c00000, 0x0000000085d00000|  0%| F|  |TAMS 0x0000000085c00000, 0x0000000085c00000| Untracked 
|  93|0x0000000085d00000, 0x0000000085e00000, 0x0000000085e00000|100%| O|  |TAMS 0x0000000085d00000, 0x0000000085d00000| Untracked 
|  94|0x0000000085e00000, 0x0000000085f00000, 0x0000000085f00000|100%| O|  |TAMS 0x0000000085e00000, 0x0000000085e00000| Untracked 
|  95|0x0000000085f00000, 0x0000000085f00000, 0x0000000086000000|  0%| F|  |TAMS 0x0000000085f00000, 0x0000000085f00000| Untracked 
|  96|0x0000000086000000, 0x0000000086000000, 0x0000000086100000|  0%| F|  |TAMS 0x0000000086000000, 0x0000000086000000| Untracked 
|  97|0x0000000086100000, 0x0000000086200000, 0x0000000086200000|100%| O|  |TAMS 0x0000000086100000, 0x0000000086100000| Untracked 
|  98|0x0000000086200000, 0x000000008622b100, 0x0000000086300000| 16%| O|  |TAMS 0x0000000086200000, 0x0000000086200000| Untracked 
|  99|0x0000000086300000, 0x0000000086300000, 0x0000000086400000|  0%| F|  |TAMS 0x0000000086300000, 0x0000000086300000| Untracked 
| 100|0x0000000086400000, 0x0000000086400000, 0x0000000086500000|  0%| F|  |TAMS 0x0000000086400000, 0x0000000086400000| Untracked 
| 101|0x0000000086500000, 0x0000000086500000, 0x0000000086600000|  0%| F|  |TAMS 0x0000000086500000, 0x0000000086500000| Untracked 
| 102|0x0000000086600000, 0x0000000086600000, 0x0000000086700000|  0%| F|  |TAMS 0x0000000086600000, 0x0000000086600000| Untracked 
| 103|0x0000000086700000, 0x0000000086700000, 0x0000000086800000|  0%| F|  |TAMS 0x0000000086700000, 0x0000000086700000| Untracked 
| 104|0x0000000086800000, 0x0000000086800000, 0x0000000086900000|  0%| F|  |TAMS 0x0000000086800000, 0x0000000086800000| Untracked 
| 105|0x0000000086900000, 0x0000000086900000, 0x0000000086a00000|  0%| F|  |TAMS 0x0000000086900000, 0x0000000086900000| Untracked 
| 106|0x0000000086a00000, 0x0000000086a00000, 0x0000000086b00000|  0%| F|  |TAMS 0x0000000086a00000, 0x0000000086a00000| Untracked 
| 107|0x0000000086b00000, 0x0000000086b00000, 0x0000000086c00000|  0%| F|  |TAMS 0x0000000086b00000, 0x0000000086b00000| Untracked 
| 108|0x0000000086c00000, 0x0000000086c00000, 0x0000000086d00000|  0%| F|  |TAMS 0x0000000086c00000, 0x0000000086c00000| Untracked 
| 109|0x0000000086d00000, 0x0000000086e00000, 0x0000000086e00000|100%| O|  |TAMS 0x0000000086d00000, 0x0000000086d00000| Untracked 
| 110|0x0000000086e00000, 0x0000000086e92e00, 0x0000000086f00000| 57%| O|  |TAMS 0x0000000086e00000, 0x0000000086e00000| Untracked 
| 111|0x0000000086f00000, 0x0000000086f00000, 0x0000000087000000|  0%| F|  |TAMS 0x0000000086f00000, 0x0000000086f00000| Untracked 
| 112|0x0000000087000000, 0x0000000087000000, 0x0000000087100000|  0%| F|  |TAMS 0x0000000087000000, 0x0000000087000000| Untracked 
| 113|0x0000000087100000, 0x0000000087200000, 0x0000000087200000|100%| O|  |TAMS 0x0000000087100000, 0x0000000087100000| Untracked 
| 114|0x0000000087200000, 0x0000000087200000, 0x0000000087300000|  0%| F|  |TAMS 0x0000000087200000, 0x0000000087200000| Untracked 
| 115|0x0000000087300000, 0x0000000087300000, 0x0000000087400000|  0%| F|  |TAMS 0x0000000087300000, 0x0000000087300000| Untracked 
| 116|0x0000000087400000, 0x0000000087400000, 0x0000000087500000|  0%| F|  |TAMS 0x0000000087400000, 0x0000000087400000| Untracked 
| 117|0x0000000087500000, 0x0000000087500000, 0x0000000087600000|  0%| F|  |TAMS 0x0000000087500000, 0x0000000087500000| Untracked 
| 118|0x0000000087600000, 0x0000000087600000, 0x0000000087700000|  0%| F|  |TAMS 0x0000000087600000, 0x0000000087600000| Untracked 
| 119|0x0000000087700000, 0x0000000087700000, 0x0000000087800000|  0%| F|  |TAMS 0x0000000087700000, 0x0000000087700000| Untracked 
| 120|0x0000000087800000, 0x0000000087800000, 0x0000000087900000|  0%| F|  |TAMS 0x0000000087800000, 0x0000000087800000| Untracked 
| 121|0x0000000087900000, 0x0000000087900000, 0x0000000087a00000|  0%| F|  |TAMS 0x0000000087900000, 0x0000000087900000| Untracked 
| 122|0x0000000087a00000, 0x0000000087a00000, 0x0000000087b00000|  0%| F|  |TAMS 0x0000000087a00000, 0x0000000087a00000| Untracked 
| 123|0x0000000087b00000, 0x0000000087b00000, 0x0000000087c00000|  0%| F|  |TAMS 0x0000000087b00000, 0x0000000087b00000| Untracked 
| 124|0x0000000087c00000, 0x0000000087c00000, 0x0000000087d00000|  0%| F|  |TAMS 0x0000000087c00000, 0x0000000087c00000| Untracked 
| 125|0x0000000087d00000, 0x0000000087d00000, 0x0000000087e00000|  0%| F|  |TAMS 0x0000000087d00000, 0x0000000087d00000| Untracked 
| 126|0x0000000087e00000, 0x0000000087e00000, 0x0000000087f00000|  0%| F|  |TAMS 0x0000000087e00000, 0x0000000087e00000| Untracked 
| 127|0x0000000087f00000, 0x0000000087f00000, 0x0000000088000000|  0%| F|  |TAMS 0x0000000087f00000, 0x0000000087f00000| Untracked 
| 128|0x0000000088000000, 0x0000000088000000, 0x0000000088100000|  0%| F|  |TAMS 0x0000000088000000, 0x0000000088000000| Untracked 
| 129|0x0000000088100000, 0x0000000088100000, 0x0000000088200000|  0%| F|  |TAMS 0x0000000088100000, 0x0000000088100000| Untracked 
| 130|0x0000000088200000, 0x0000000088200000, 0x0000000088300000|  0%| F|  |TAMS 0x0000000088200000, 0x0000000088200000| Untracked 
| 131|0x0000000088300000, 0x0000000088300000, 0x0000000088400000|  0%| F|  |TAMS 0x0000000088300000, 0x0000000088300000| Untracked 
| 132|0x0000000088400000, 0x0000000088400000, 0x0000000088500000|  0%| F|  |TAMS 0x0000000088400000, 0x0000000088400000| Untracked 
| 133|0x0000000088500000, 0x0000000088500000, 0x0000000088600000|  0%| F|  |TAMS 0x0000000088500000, 0x0000000088500000| Untracked 
| 134|0x0000000088600000, 0x0000000088600000, 0x0000000088700000|  0%| F|  |TAMS 0x0000000088600000, 0x0000000088600000| Untracked 
| 135|0x0000000088700000, 0x0000000088761a70, 0x0000000088800000| 38%| O|  |TAMS 0x0000000088700000, 0x0000000088700000| Untracked 
| 136|0x0000000088800000, 0x0000000088800000, 0x0000000088900000|  0%| F|  |TAMS 0x0000000088800000, 0x0000000088800000| Untracked 
| 137|0x0000000088900000, 0x0000000088900000, 0x0000000088a00000|  0%| F|  |TAMS 0x0000000088900000, 0x0000000088900000| Untracked 
| 138|0x0000000088a00000, 0x0000000088a00000, 0x0000000088b00000|  0%| F|  |TAMS 0x0000000088a00000, 0x0000000088a00000| Untracked 
| 139|0x0000000088b00000, 0x0000000088b00000, 0x0000000088c00000|  0%| F|  |TAMS 0x0000000088b00000, 0x0000000088b00000| Untracked 
| 140|0x0000000088c00000, 0x0000000088c202d8, 0x0000000088d00000| 12%| S|CS|TAMS 0x0000000088c00000, 0x0000000088c00000| Complete 
| 141|0x0000000088d00000, 0x0000000088e00000, 0x0000000088e00000|100%| S|CS|TAMS 0x0000000088d00000, 0x0000000088d00000| Complete 
| 142|0x0000000088e00000, 0x0000000088f00000, 0x0000000088f00000|100%| S|CS|TAMS 0x0000000088e00000, 0x0000000088e00000| Complete 
| 143|0x0000000088f00000, 0x0000000089000000, 0x0000000089000000|100%| S|CS|TAMS 0x0000000088f00000, 0x0000000088f00000| Complete 
| 144|0x0000000089000000, 0x0000000089100000, 0x0000000089100000|100%| S|CS|TAMS 0x0000000089000000, 0x0000000089000000| Complete 
| 145|0x0000000089100000, 0x0000000089200000, 0x0000000089200000|100%| S|CS|TAMS 0x0000000089100000, 0x0000000089100000| Complete 
| 146|0x0000000089200000, 0x0000000089200000, 0x0000000089300000|  0%| F|  |TAMS 0x0000000089200000, 0x0000000089200000| Untracked 
| 147|0x0000000089300000, 0x0000000089300000, 0x0000000089400000|  0%| F|  |TAMS 0x0000000089300000, 0x0000000089300000| Untracked 
| 148|0x0000000089400000, 0x0000000089400000, 0x0000000089500000|  0%| F|  |TAMS 0x0000000089400000, 0x0000000089400000| Untracked 
| 149|0x0000000089500000, 0x0000000089500000, 0x0000000089600000|  0%| F|  |TAMS 0x0000000089500000, 0x0000000089500000| Untracked 
| 150|0x0000000089600000, 0x0000000089600000, 0x0000000089700000|  0%| F|  |TAMS 0x0000000089600000, 0x0000000089600000| Untracked 
| 151|0x0000000089700000, 0x0000000089700000, 0x0000000089800000|  0%| F|  |TAMS 0x0000000089700000, 0x0000000089700000| Untracked 
| 152|0x0000000089800000, 0x0000000089800000, 0x0000000089900000|  0%| F|  |TAMS 0x0000000089800000, 0x0000000089800000| Untracked 
| 153|0x0000000089900000, 0x0000000089900000, 0x0000000089a00000|  0%| F|  |TAMS 0x0000000089900000, 0x0000000089900000| Untracked 
| 154|0x0000000089a00000, 0x0000000089a00000, 0x0000000089b00000|  0%| F|  |TAMS 0x0000000089a00000, 0x0000000089a00000| Untracked 
| 155|0x0000000089b00000, 0x0000000089b00000, 0x0000000089c00000|  0%| F|  |TAMS 0x0000000089b00000, 0x0000000089b00000| Untracked 
| 156|0x0000000089c00000, 0x0000000089c00000, 0x0000000089d00000|  0%| F|  |TAMS 0x0000000089c00000, 0x0000000089c00000| Untracked 
| 157|0x0000000089d00000, 0x0000000089e00000, 0x0000000089e00000|100%| O|  |TAMS 0x0000000089e00000, 0x0000000089d00000| Untracked 
| 158|0x0000000089e00000, 0x0000000089e00000, 0x0000000089f00000|  0%| F|  |TAMS 0x0000000089e00000, 0x0000000089e00000| Untracked 
| 159|0x0000000089f00000, 0x0000000089f00000, 0x000000008a000000|  0%| F|  |TAMS 0x0000000089f00000, 0x0000000089f00000| Untracked 
| 160|0x000000008a000000, 0x000000008a000000, 0x000000008a100000|  0%| F|  |TAMS 0x000000008a000000, 0x000000008a000000| Untracked 
| 161|0x000000008a100000, 0x000000008a100000, 0x000000008a200000|  0%| F|  |TAMS 0x000000008a100000, 0x000000008a100000| Untracked 
| 162|0x000000008a200000, 0x000000008a200000, 0x000000008a300000|  0%| F|  |TAMS 0x000000008a200000, 0x000000008a200000| Untracked 
| 163|0x000000008a300000, 0x000000008a300000, 0x000000008a400000|  0%| F|  |TAMS 0x000000008a300000, 0x000000008a300000| Untracked 
| 164|0x000000008a400000, 0x000000008a400000, 0x000000008a500000|  0%| F|  |TAMS 0x000000008a400000, 0x000000008a400000| Untracked 
| 165|0x000000008a500000, 0x000000008a500000, 0x000000008a600000|  0%| F|  |TAMS 0x000000008a500000, 0x000000008a500000| Untracked 
| 166|0x000000008a600000, 0x000000008a600000, 0x000000008a700000|  0%| F|  |TAMS 0x000000008a600000, 0x000000008a600000| Untracked 
| 167|0x000000008a700000, 0x000000008a700000, 0x000000008a800000|  0%| F|  |TAMS 0x000000008a700000, 0x000000008a700000| Untracked 
| 168|0x000000008a800000, 0x000000008a800000, 0x000000008a900000|  0%| F|  |TAMS 0x000000008a800000, 0x000000008a800000| Untracked 
| 169|0x000000008a900000, 0x000000008a900000, 0x000000008aa00000|  0%| F|  |TAMS 0x000000008a900000, 0x000000008a900000| Untracked 
| 170|0x000000008aa00000, 0x000000008aa00000, 0x000000008ab00000|  0%| F|  |TAMS 0x000000008aa00000, 0x000000008aa00000| Untracked 
| 171|0x000000008ab00000, 0x000000008ab00000, 0x000000008ac00000|  0%| F|  |TAMS 0x000000008ab00000, 0x000000008ab00000| Untracked 
| 172|0x000000008ac00000, 0x000000008ac00000, 0x000000008ad00000|  0%| F|  |TAMS 0x000000008ac00000, 0x000000008ac00000| Untracked 
| 173|0x000000008ad00000, 0x000000008ad00000, 0x000000008ae00000|  0%| F|  |TAMS 0x000000008ad00000, 0x000000008ad00000| Untracked 
| 174|0x000000008ae00000, 0x000000008ae00000, 0x000000008af00000|  0%| F|  |TAMS 0x000000008ae00000, 0x000000008ae00000| Untracked 
| 175|0x000000008af00000, 0x000000008af00000, 0x000000008b000000|  0%| F|  |TAMS 0x000000008af00000, 0x000000008af00000| Untracked 
| 176|0x000000008b000000, 0x000000008b000000, 0x000000008b100000|  0%| F|  |TAMS 0x000000008b000000, 0x000000008b000000| Untracked 
| 177|0x000000008b100000, 0x000000008b100000, 0x000000008b200000|  0%| F|  |TAMS 0x000000008b100000, 0x000000008b100000| Untracked 
| 178|0x000000008b200000, 0x000000008b200000, 0x000000008b300000|  0%| F|  |TAMS 0x000000008b200000, 0x000000008b200000| Untracked 
| 179|0x000000008b300000, 0x000000008b300000, 0x000000008b400000|  0%| F|  |TAMS 0x000000008b300000, 0x000000008b300000| Untracked 
| 180|0x000000008b400000, 0x000000008b400000, 0x000000008b500000|  0%| F|  |TAMS 0x000000008b400000, 0x000000008b400000| Untracked 
| 181|0x000000008b500000, 0x000000008b500000, 0x000000008b600000|  0%| F|  |TAMS 0x000000008b500000, 0x000000008b500000| Untracked 
| 182|0x000000008b600000, 0x000000008b600000, 0x000000008b700000|  0%| F|  |TAMS 0x000000008b600000, 0x000000008b600000| Untracked 
| 183|0x000000008b700000, 0x000000008b700000, 0x000000008b800000|  0%| F|  |TAMS 0x000000008b700000, 0x000000008b700000| Untracked 
| 184|0x000000008b800000, 0x000000008b800000, 0x000000008b900000|  0%| F|  |TAMS 0x000000008b800000, 0x000000008b800000| Untracked 
| 185|0x000000008b900000, 0x000000008b900000, 0x000000008ba00000|  0%| F|  |TAMS 0x000000008b900000, 0x000000008b900000| Untracked 
| 186|0x000000008ba00000, 0x000000008ba00000, 0x000000008bb00000|  0%| F|  |TAMS 0x000000008ba00000, 0x000000008ba00000| Untracked 
| 187|0x000000008bb00000, 0x000000008bb01b40, 0x000000008bc00000|  0%| O|  |TAMS 0x000000008bb00000, 0x000000008bb00000| Untracked 
| 188|0x000000008bc00000, 0x000000008bc00000, 0x000000008bd00000|  0%| F|  |TAMS 0x000000008bc00000, 0x000000008bc00000| Untracked 
| 189|0x000000008bd00000, 0x000000008bd00000, 0x000000008be00000|  0%| F|  |TAMS 0x000000008bd00000, 0x000000008bd00000| Untracked 
| 190|0x000000008be00000, 0x000000008be00000, 0x000000008bf00000|  0%| F|  |TAMS 0x000000008be00000, 0x000000008be00000| Untracked 
| 191|0x000000008bf00000, 0x000000008bf00000, 0x000000008c000000|  0%| F|  |TAMS 0x000000008bf00000, 0x000000008bf00000| Untracked 
| 192|0x000000008c000000, 0x000000008c000000, 0x000000008c100000|  0%| F|  |TAMS 0x000000008c000000, 0x000000008c000000| Untracked 
| 193|0x000000008c100000, 0x000000008c100000, 0x000000008c200000|  0%| F|  |TAMS 0x000000008c100000, 0x000000008c100000| Untracked 
| 194|0x000000008c200000, 0x000000008c200000, 0x000000008c300000|  0%| F|  |TAMS 0x000000008c200000, 0x000000008c200000| Untracked 
| 195|0x000000008c300000, 0x000000008c300000, 0x000000008c400000|  0%| F|  |TAMS 0x000000008c300000, 0x000000008c300000| Untracked 
| 196|0x000000008c400000, 0x000000008c400000, 0x000000008c500000|  0%| F|  |TAMS 0x000000008c400000, 0x000000008c400000| Untracked 
| 197|0x000000008c500000, 0x000000008c500000, 0x000000008c600000|  0%| F|  |TAMS 0x000000008c500000, 0x000000008c500000| Untracked 
| 198|0x000000008c600000, 0x000000008c600000, 0x000000008c700000|  0%| F|  |TAMS 0x000000008c600000, 0x000000008c600000| Untracked 
| 199|0x000000008c700000, 0x000000008c700000, 0x000000008c800000|  0%| F|  |TAMS 0x000000008c700000, 0x000000008c700000| Untracked 
| 200|0x000000008c800000, 0x000000008c800000, 0x000000008c900000|  0%| F|  |TAMS 0x000000008c800000, 0x000000008c800000| Untracked 
| 201|0x000000008c900000, 0x000000008c900000, 0x000000008ca00000|  0%| F|  |TAMS 0x000000008c900000, 0x000000008c900000| Untracked 
| 202|0x000000008ca00000, 0x000000008ca00000, 0x000000008cb00000|  0%| F|  |TAMS 0x000000008ca00000, 0x000000008ca00000| Untracked 
| 203|0x000000008cb00000, 0x000000008cb00000, 0x000000008cc00000|  0%| F|  |TAMS 0x000000008cb00000, 0x000000008cb00000| Untracked 
| 204|0x000000008cc00000, 0x000000008cc00000, 0x000000008cd00000|  0%| F|  |TAMS 0x000000008cc00000, 0x000000008cc00000| Untracked 
| 205|0x000000008cd00000, 0x000000008cd00000, 0x000000008ce00000|  0%| F|  |TAMS 0x000000008cd00000, 0x000000008cd00000| Untracked 
| 206|0x000000008ce00000, 0x000000008ce00000, 0x000000008cf00000|  0%| F|  |TAMS 0x000000008ce00000, 0x000000008ce00000| Untracked 
| 207|0x000000008cf00000, 0x000000008cf00000, 0x000000008d000000|  0%| F|  |TAMS 0x000000008cf00000, 0x000000008cf00000| Untracked 
| 208|0x000000008d000000, 0x000000008d000000, 0x000000008d100000|  0%| F|  |TAMS 0x000000008d000000, 0x000000008d000000| Untracked 
| 209|0x000000008d100000, 0x000000008d100000, 0x000000008d200000|  0%| F|  |TAMS 0x000000008d100000, 0x000000008d100000| Untracked 
| 210|0x000000008d200000, 0x000000008d200000, 0x000000008d300000|  0%| F|  |TAMS 0x000000008d200000, 0x000000008d200000| Untracked 
| 211|0x000000008d300000, 0x000000008d300000, 0x000000008d400000|  0%| F|  |TAMS 0x000000008d300000, 0x000000008d300000| Untracked 
| 212|0x000000008d400000, 0x000000008d400000, 0x000000008d500000|  0%| F|  |TAMS 0x000000008d400000, 0x000000008d400000| Untracked 
| 213|0x000000008d500000, 0x000000008d500000, 0x000000008d600000|  0%| F|  |TAMS 0x000000008d500000, 0x000000008d500000| Untracked 
| 214|0x000000008d600000, 0x000000008d600000, 0x000000008d700000|  0%| F|  |TAMS 0x000000008d600000, 0x000000008d600000| Untracked 
| 215|0x000000008d700000, 0x000000008d700000, 0x000000008d800000|  0%| F|  |TAMS 0x000000008d700000, 0x000000008d700000| Untracked 
| 216|0x000000008d800000, 0x000000008d800000, 0x000000008d900000|  0%| F|  |TAMS 0x000000008d800000, 0x000000008d800000| Untracked 
| 217|0x000000008d900000, 0x000000008d900000, 0x000000008da00000|  0%| F|  |TAMS 0x000000008d900000, 0x000000008d900000| Untracked 
| 218|0x000000008da00000, 0x000000008da00000, 0x000000008db00000|  0%| F|  |TAMS 0x000000008da00000, 0x000000008da00000| Untracked 
| 219|0x000000008db00000, 0x000000008db00000, 0x000000008dc00000|  0%| F|  |TAMS 0x000000008db00000, 0x000000008db00000| Untracked 
| 220|0x000000008dc00000, 0x000000008dc00000, 0x000000008dd00000|  0%| F|  |TAMS 0x000000008dc00000, 0x000000008dc00000| Untracked 
| 221|0x000000008dd00000, 0x000000008dd00000, 0x000000008de00000|  0%| F|  |TAMS 0x000000008dd00000, 0x000000008dd00000| Untracked 
| 222|0x000000008de00000, 0x000000008de00000, 0x000000008df00000|  0%| F|  |TAMS 0x000000008de00000, 0x000000008de00000| Untracked 
| 223|0x000000008df00000, 0x000000008dfe9a68, 0x000000008e000000| 91%| E|  |TAMS 0x000000008df00000, 0x000000008df00000| Complete 
| 224|0x000000008e000000, 0x000000008e100000, 0x000000008e100000|100%| E|CS|TAMS 0x000000008e000000, 0x000000008e000000| Complete 
| 225|0x000000008e100000, 0x000000008e200000, 0x000000008e200000|100%| E|CS|TAMS 0x000000008e100000, 0x000000008e100000| Complete 
| 226|0x000000008e200000, 0x000000008e300000, 0x000000008e300000|100%| E|CS|TAMS 0x000000008e200000, 0x000000008e200000| Complete 
| 227|0x000000008e300000, 0x000000008e400000, 0x000000008e400000|100%| E|CS|TAMS 0x000000008e300000, 0x000000008e300000| Complete 
| 228|0x000000008e400000, 0x000000008e500000, 0x000000008e500000|100%| E|CS|TAMS 0x000000008e400000, 0x000000008e400000| Complete 
| 229|0x000000008e500000, 0x000000008e600000, 0x000000008e600000|100%| E|CS|TAMS 0x000000008e500000, 0x000000008e500000| Complete 
| 230|0x000000008e600000, 0x000000008e700000, 0x000000008e700000|100%| E|CS|TAMS 0x000000008e600000, 0x000000008e600000| Complete 
| 231|0x000000008e700000, 0x000000008e800000, 0x000000008e800000|100%| E|CS|TAMS 0x000000008e700000, 0x000000008e700000| Complete 
| 232|0x000000008e800000, 0x000000008e900000, 0x000000008e900000|100%| E|CS|TAMS 0x000000008e800000, 0x000000008e800000| Complete 
| 233|0x000000008e900000, 0x000000008ea00000, 0x000000008ea00000|100%| E|CS|TAMS 0x000000008e900000, 0x000000008e900000| Complete 
| 234|0x000000008ea00000, 0x000000008eb00000, 0x000000008eb00000|100%| E|CS|TAMS 0x000000008ea00000, 0x000000008ea00000| Complete 
| 235|0x000000008eb00000, 0x000000008ec00000, 0x000000008ec00000|100%| E|CS|TAMS 0x000000008eb00000, 0x000000008eb00000| Complete 
| 236|0x000000008ec00000, 0x000000008ed00000, 0x000000008ed00000|100%| E|CS|TAMS 0x000000008ec00000, 0x000000008ec00000| Complete 
| 237|0x000000008ed00000, 0x000000008ee00000, 0x000000008ee00000|100%| E|CS|TAMS 0x000000008ed00000, 0x000000008ed00000| Complete 
| 238|0x000000008ee00000, 0x000000008ef00000, 0x000000008ef00000|100%| E|CS|TAMS 0x000000008ee00000, 0x000000008ee00000| Complete 
| 239|0x000000008ef00000, 0x000000008f000000, 0x000000008f000000|100%| E|CS|TAMS 0x000000008ef00000, 0x000000008ef00000| Complete 
| 240|0x000000008f000000, 0x000000008f100000, 0x000000008f100000|100%| E|CS|TAMS 0x000000008f000000, 0x000000008f000000| Complete 
| 241|0x000000008f100000, 0x000000008f200000, 0x000000008f200000|100%| E|CS|TAMS 0x000000008f100000, 0x000000008f100000| Complete 
| 242|0x000000008f200000, 0x000000008f300000, 0x000000008f300000|100%| E|CS|TAMS 0x000000008f200000, 0x000000008f200000| Complete 
| 243|0x000000008f300000, 0x000000008f400000, 0x000000008f400000|100%| E|CS|TAMS 0x000000008f300000, 0x000000008f300000| Complete 
| 244|0x000000008f400000, 0x000000008f500000, 0x000000008f500000|100%| E|CS|TAMS 0x000000008f400000, 0x000000008f400000| Complete 
| 245|0x000000008f500000, 0x000000008f600000, 0x000000008f600000|100%| E|CS|TAMS 0x000000008f500000, 0x000000008f500000| Complete 
| 246|0x000000008f600000, 0x000000008f700000, 0x000000008f700000|100%| E|CS|TAMS 0x000000008f600000, 0x000000008f600000| Complete 
| 247|0x000000008f700000, 0x000000008f800000, 0x000000008f800000|100%| E|CS|TAMS 0x000000008f700000, 0x000000008f700000| Complete 
| 248|0x000000008f800000, 0x000000008f900000, 0x000000008f900000|100%| E|CS|TAMS 0x000000008f800000, 0x000000008f800000| Complete 
| 249|0x000000008f900000, 0x000000008fa00000, 0x000000008fa00000|100%| E|CS|TAMS 0x000000008f900000, 0x000000008f900000| Complete 
| 250|0x000000008fa00000, 0x000000008fb00000, 0x000000008fb00000|100%| E|CS|TAMS 0x000000008fa00000, 0x000000008fa00000| Complete 
| 251|0x000000008fb00000, 0x000000008fc00000, 0x000000008fc00000|100%| E|CS|TAMS 0x000000008fb00000, 0x000000008fb00000| Complete 
| 252|0x000000008fc00000, 0x000000008fd00000, 0x000000008fd00000|100%| E|CS|TAMS 0x000000008fc00000, 0x000000008fc00000| Complete 
| 253|0x000000008fd00000, 0x000000008fe00000, 0x000000008fe00000|100%| E|CS|TAMS 0x000000008fd00000, 0x000000008fd00000| Complete 
| 254|0x000000008fe00000, 0x000000008ff00000, 0x000000008ff00000|100%| E|CS|TAMS 0x000000008fe00000, 0x000000008fe00000| Complete 
| 255|0x000000008ff00000, 0x0000000090000000, 0x0000000090000000|100%| E|CS|TAMS 0x000000008ff00000, 0x000000008ff00000| Complete 
| 256|0x0000000090000000, 0x0000000090100000, 0x0000000090100000|100%| E|CS|TAMS 0x0000000090000000, 0x0000000090000000| Complete 
| 257|0x0000000090100000, 0x0000000090200000, 0x0000000090200000|100%| E|CS|TAMS 0x0000000090100000, 0x0000000090100000| Complete 
| 258|0x0000000090200000, 0x0000000090300000, 0x0000000090300000|100%| E|CS|TAMS 0x0000000090200000, 0x0000000090200000| Complete 
| 259|0x0000000090300000, 0x0000000090400000, 0x0000000090400000|100%| E|CS|TAMS 0x0000000090300000, 0x0000000090300000| Complete 
| 260|0x0000000090400000, 0x0000000090500000, 0x0000000090500000|100%| E|CS|TAMS 0x0000000090400000, 0x0000000090400000| Complete 
| 261|0x0000000090500000, 0x0000000090600000, 0x0000000090600000|100%| E|CS|TAMS 0x0000000090500000, 0x0000000090500000| Complete 
| 262|0x0000000090600000, 0x0000000090700000, 0x0000000090700000|100%| E|CS|TAMS 0x0000000090600000, 0x0000000090600000| Complete 
| 263|0x0000000090700000, 0x0000000090800000, 0x0000000090800000|100%| E|CS|TAMS 0x0000000090700000, 0x0000000090700000| Complete 
| 264|0x0000000090800000, 0x0000000090900000, 0x0000000090900000|100%| E|CS|TAMS 0x0000000090800000, 0x0000000090800000| Complete 
| 265|0x0000000090900000, 0x0000000090a00000, 0x0000000090a00000|100%| E|CS|TAMS 0x0000000090900000, 0x0000000090900000| Complete 
| 266|0x0000000090a00000, 0x0000000090b00000, 0x0000000090b00000|100%| E|CS|TAMS 0x0000000090a00000, 0x0000000090a00000| Complete 
| 267|0x0000000090b00000, 0x0000000090c00000, 0x0000000090c00000|100%| E|CS|TAMS 0x0000000090b00000, 0x0000000090b00000| Complete 
| 268|0x0000000090c00000, 0x0000000090d00000, 0x0000000090d00000|100%| E|CS|TAMS 0x0000000090c00000, 0x0000000090c00000| Complete 
| 269|0x0000000090d00000, 0x0000000090e00000, 0x0000000090e00000|100%| E|CS|TAMS 0x0000000090d00000, 0x0000000090d00000| Complete 
| 270|0x0000000090e00000, 0x0000000090f00000, 0x0000000090f00000|100%| E|CS|TAMS 0x0000000090e00000, 0x0000000090e00000| Complete 
| 271|0x0000000090f00000, 0x0000000091000000, 0x0000000091000000|100%| E|CS|TAMS 0x0000000090f00000, 0x0000000090f00000| Complete 
| 272|0x0000000091000000, 0x0000000091100000, 0x0000000091100000|100%| E|CS|TAMS 0x0000000091000000, 0x0000000091000000| Complete 
| 273|0x0000000091100000, 0x0000000091200000, 0x0000000091200000|100%| E|CS|TAMS 0x0000000091100000, 0x0000000091100000| Complete 
| 274|0x0000000091200000, 0x0000000091300000, 0x0000000091300000|100%| E|CS|TAMS 0x0000000091200000, 0x0000000091200000| Complete 
| 275|0x0000000091300000, 0x0000000091400000, 0x0000000091400000|100%| E|CS|TAMS 0x0000000091300000, 0x0000000091300000| Complete 
| 276|0x0000000091400000, 0x0000000091500000, 0x0000000091500000|100%| E|CS|TAMS 0x0000000091400000, 0x0000000091400000| Complete 
| 277|0x0000000091500000, 0x0000000091600000, 0x0000000091600000|100%| E|CS|TAMS 0x0000000091500000, 0x0000000091500000| Complete 
| 278|0x0000000091600000, 0x0000000091700000, 0x0000000091700000|100%| E|CS|TAMS 0x0000000091600000, 0x0000000091600000| Complete 
| 279|0x0000000091700000, 0x0000000091800000, 0x0000000091800000|100%| E|CS|TAMS 0x0000000091700000, 0x0000000091700000| Complete 

Card table byte_map: [0x0000016fef7d0000,0x0000016fefbd0000] _byte_map_base: 0x0000016fef3d0000

Marking Bits (Prev, Next): (CMBitMap*) 0x0000016fd6de3790, (CMBitMap*) 0x0000016fd6de3750
 Prev Bits: [0x0000016ff1fd0000, 0x0000016ff3fd0000)
 Next Bits: [0x0000016feffd0000, 0x0000016ff1fd0000)

Polling page: 0x0000016fd6580000

Metaspace:

Usage:
  Non-class:    109.32 MB used.
      Class:     15.13 MB used.
       Both:    124.46 MB used.

Virtual space:
  Non-class space:      112.00 MB reserved,     110.38 MB ( 99%) committed,  14 nodes.
      Class space:        1.00 GB reserved,      16.12 MB (  2%) committed,  1 nodes.
             Both:        1.11 GB reserved,     126.50 MB ( 11%) committed. 

Chunk freelists:
   Non-Class:  1.38 MB
       Class:  3.93 MB
        Both:  5.31 MB

MaxMetaspaceSize: unlimited
CompressedClassSpaceSize: 1.00 GB
Initial GC threshold: 21.00 MB
Current GC threshold: 201.81 MB
CDS: on
MetaspaceReclaimPolicy: balanced
 - commit_granule_bytes: 65536.
 - commit_granule_words: 8192.
 - virtual_space_node_default_size: 1048576.
 - enlarge_chunks_in_place: 1.
 - new_chunks_are_fully_committed: 0.
 - uncommit_free_chunks: 1.
 - use_allocation_guard: 0.
 - handle_deallocations: 1.


Internal statistics:

num_allocs_failed_limit: 9.
num_arena_births: 4000.
num_arena_deaths: 190.
num_vsnodes_births: 15.
num_vsnodes_deaths: 0.
num_space_committed: 2023.
num_space_uncommitted: 0.
num_chunks_returned_to_freelist: 225.
num_chunks_taken_from_freelist: 9970.
num_chunk_merges: 77.
num_chunk_splits: 5785.
num_chunks_enlarged: 2832.
num_purges: 4.
num_inconsistent_stats: 0.

CodeHeap 'non-profiled nmethods': size=120000Kb used=19754Kb max_used=19754Kb free=100245Kb
 bounds [0x0000016fe7b70000, 0x0000016fe8ec0000, 0x0000016fef0a0000]
CodeHeap 'profiled nmethods': size=120000Kb used=63787Kb max_used=63787Kb free=56212Kb
 bounds [0x0000016fe0640000, 0x0000016fe4490000, 0x0000016fe7b70000]
CodeHeap 'non-nmethods': size=5760Kb used=2508Kb max_used=2590Kb free=3251Kb
 bounds [0x0000016fe00a0000, 0x0000016fe0340000, 0x0000016fe0640000]
 total_blobs=27876 nmethods=26846 adapters=936
 compilation: enabled
              stopped_count=0, restarted_count=0
 full_count=0

JVMCI Events (8 events):
Event: 0.030 Thread 0x0000016fd6da1110 created new JVMCI runtime 0 (0x0000016ff68666e0)
Event: 0.030 Thread 0x0000016fd6da1110 created new JVMCI runtime -1 (0x0000016ff6866620)
Event: 0.159 Thread 0x0000016ff69cbfd0 loaded JVMCI shared library from C:\Program Files\graalvm-ce-java17-windows-amd64-21.3.0\graalvm-ce-java17-21.3.0\bin\jvmcicompiler.dll
Event: 0.182 Thread 0x0000016ff69cbfd0 created JavaVM[1]@0x0000016ff8408ac0 for JVMCI runtime 0
Event: 0.182 Thread 0x0000016ff69cbfd0 initializing JVMCI runtime 0
Event: 0.184 Thread 0x0000016ff69cbfd0 initialized JVMCI runtime 0
Event: 1.228 Thread 0x0000016ff7542f10 initializing JVMCI runtime -1
Event: 1.250 Thread 0x0000016ff7542f10 initialized JVMCI runtime -1

Compilation events (20 events):
Event: 10247.749 Thread 0x0000016ff69cd530 nmethod 35833 0x0000016fe8eb8890 code [0x0000016fe8eb8a20, 0x0000016fe8eb8af8]
Event: 10247.797 Thread 0x0000016ff69cbfd0 35834   !   4       org.gradle.internal.resources.AbstractResourceLockRegistry::whileDisallowingLockChanges (44 bytes)
Event: 10247.797 Thread 0x0000016ff69cd530 35835       3       org.gradle.internal.operations.DefaultBuildOperationRunner::assertParentRunning (47 bytes)
Event: 10247.799 Thread 0x0000016ff69cd530 nmethod 35835 0x0000016fe4489810 code [0x0000016fe4489aa0, 0x0000016fe448ad18]
Event: 10247.799 Thread 0x0000016ff69cd530 35836       1       org.gradle.BuildResult::getGradle (5 bytes)
Event: 10247.803 Thread 0x0000016ff69cd530 nmethod 35836 0x0000016fe8eb8b90 code [0x0000016fe8eb8d20, 0x0000016fe8eb8df8]
Event: 10247.803 Thread 0x0000016ff69cd530 35837  s    3       java.lang.Throwable::getCause (17 bytes)
Event: 10247.803 Thread 0x0000016ff69cd530 nmethod 35837 0x0000016fe448b210 code [0x0000016fe448b3a0, 0x0000016fe448b5b8]
Event: 10247.803 Thread 0x0000016ff69cd530 35838       1       org.gradle.BuildResult::getAction (5 bytes)
Event: 10247.805 Thread 0x0000016ff69cd530 nmethod 35838 0x0000016fe8eb8e90 code [0x0000016fe8eb9020, 0x0000016fe8eb90f8]
Event: 10247.810 Thread 0x0000016ff69cd530 35839  s!   3       org.gradle.cache.internal.DefaultCacheAccess::close (200 bytes)
Event: 10247.816 Thread 0x0000016ff69cd530 nmethod 35839 0x0000016fe448b690 code [0x0000016fe448b960, 0x0000016fe448d078]
Event: 10247.829 Thread 0x0000016ff69cbfd0 nmethod 35834 0x0000016fe8eb9190 code [0x0000016fe8eb9400, 0x0000016fe8eb9fb0]
Event: 10247.829 Thread 0x0000016ff69cbfd0 35840       4       java.util.HashMap$Values::iterator (12 bytes)
Event: 10247.831 Thread 0x0000016ff69cbfd0 nmethod 35840 0x0000016fe8eba810 code [0x0000016fe8eba9a0, 0x0000016fe8ebaab0]
Event: 10247.832 Thread 0x0000016ff69cd530 35841       3       java.util.Collections$EmptyList::listIterator (4 bytes)
Event: 10247.832 Thread 0x0000016ff69cd530 nmethod 35841 0x0000016fe448d710 code [0x0000016fe448d8a0, 0x0000016fe448da18]
Event: 10247.832 Thread 0x0000016ff69cd530 35842       3       java.util.Collections::emptyListIterator (4 bytes)
Event: 10247.832 Thread 0x0000016ff69cd530 nmethod 35842 0x0000016fe07ac290 code [0x0000016fe07ac420, 0x0000016fe07ac518]
Event: 10247.832 Thread 0x0000016ff69cbfd0 35843       4       java.io.ObjectStreamClass$FieldReflector::getPrimFieldValues (317 bytes)

GC Heap History (20 events):
Event: 8478.399 GC heap before
{Heap before GC invocations=94 (full 2):
 garbage-first heap   total 286720K, used 250257K [0x0000000080000000, 0x0000000100000000)
  region size 1024K, 139 young (142336K), 9 survivors (9216K)
 Metaspace       used 122741K, committed 124800K, reserved 1163264K
  class space    used 15206K, committed 16192K, reserved 1048576K
}
Event: 8478.422 GC heap after
{Heap after GC invocations=95 (full 2):
 garbage-first heap   total 286720K, used 87497K [0x0000000080000000, 0x0000000100000000)
  region size 1024K, 3 young (3072K), 3 survivors (3072K)
 Metaspace       used 122741K, committed 124800K, reserved 1163264K
  class space    used 15206K, committed 16192K, reserved 1048576K
}
Event: 9153.511 GC heap before
{Heap before GC invocations=95 (full 2):
 garbage-first heap   total 286720K, used 242121K [0x0000000080000000, 0x0000000100000000)
  region size 1024K, 143 young (146432K), 3 survivors (3072K)
 Metaspace       used 122889K, committed 124928K, reserved 1163264K
  class space    used 15206K, committed 16192K, reserved 1048576K
}
Event: 9153.534 GC heap after
{Heap after GC invocations=96 (full 2):
 garbage-first heap   total 286720K, used 90652K [0x0000000080000000, 0x0000000100000000)
  region size 1024K, 6 young (6144K), 6 survivors (6144K)
 Metaspace       used 122889K, committed 124928K, reserved 1163264K
  class space    used 15206K, committed 16192K, reserved 1048576K
}
Event: 9162.728 GC heap before
{Heap before GC invocations=96 (full 2):
 garbage-first heap   total 286720K, used 248348K [0x0000000080000000, 0x0000000100000000)
  region size 1024K, 144 young (147456K), 6 survivors (6144K)
 Metaspace       used 123051K, committed 125056K, reserved 1163264K
  class space    used 15207K, committed 16192K, reserved 1048576K
}
Event: 9162.748 GC heap after
{Heap after GC invocations=97 (full 2):
 garbage-first heap   total 286720K, used 97101K [0x0000000080000000, 0x0000000100000000)
  region size 1024K, 12 young (12288K), 12 survivors (12288K)
 Metaspace       used 123051K, committed 125056K, reserved 1163264K
  class space    used 15207K, committed 16192K, reserved 1048576K
}
Event: 9668.082 GC heap before
{Heap before GC invocations=97 (full 2):
 garbage-first heap   total 286720K, used 259917K [0x0000000080000000, 0x0000000100000000)
  region size 1024K, 143 young (146432K), 12 survivors (12288K)
 Metaspace       used 123312K, committed 125376K, reserved 1163264K
  class space    used 15207K, committed 16192K, reserved 1048576K
}
Event: 9668.159 GC heap after
{Heap after GC invocations=98 (full 2):
 garbage-first heap   total 286720K, used 93302K [0x0000000080000000, 0x0000000100000000)
  region size 1024K, 8 young (8192K), 8 survivors (8192K)
 Metaspace       used 123312K, committed 125376K, reserved 1163264K
  class space    used 15207K, committed 16192K, reserved 1048576K
}
Event: 10072.505 GC heap before
{Heap before GC invocations=98 (full 2):
 garbage-first heap   total 286720K, used 240758K [0x0000000080000000, 0x0000000100000000)
  region size 1024K, 141 young (144384K), 8 survivors (8192K)
 Metaspace       used 123458K, committed 125504K, reserved 1163264K
  class space    used 15207K, committed 16192K, reserved 1048576K
}
Event: 10072.540 GC heap after
{Heap after GC invocations=99 (full 2):
 garbage-first heap   total 286720K, used 88402K [0x0000000080000000, 0x0000000100000000)
  region size 1024K, 3 young (3072K), 3 survivors (3072K)
 Metaspace       used 123458K, committed 125504K, reserved 1163264K
  class space    used 15207K, committed 16192K, reserved 1048576K
}
Event: 10078.447 GC heap before
{Heap before GC invocations=99 (full 2):
 garbage-first heap   total 286720K, used 253266K [0x0000000080000000, 0x0000000100000000)
  region size 1024K, 145 young (148480K), 3 survivors (3072K)
 Metaspace       used 126071K, committed 128064K, reserved 1163264K
  class space    used 15393K, committed 16384K, reserved 1048576K
}
Event: 10078.539 GC heap after
{Heap after GC invocations=100 (full 2):
 garbage-first heap   total 286720K, used 96916K [0x0000000080000000, 0x0000000100000000)
  region size 1024K, 12 young (12288K), 12 survivors (12288K)
 Metaspace       used 126071K, committed 128064K, reserved 1163264K
  class space    used 15393K, committed 16384K, reserved 1048576K
}
Event: 10114.480 GC heap before
{Heap before GC invocations=100 (full 2):
 garbage-first heap   total 286720K, used 229012K [0x0000000080000000, 0x0000000100000000)
  region size 1024K, 142 young (145408K), 12 survivors (12288K)
 Metaspace       used 126987K, committed 129088K, reserved 1163264K
  class space    used 15482K, committed 16512K, reserved 1048576K
}
Event: 10114.517 GC heap after
{Heap after GC invocations=101 (full 2):
 garbage-first heap   total 286720K, used 90440K [0x0000000080000000, 0x0000000100000000)
  region size 1024K, 4 young (4096K), 4 survivors (4096K)
 Metaspace       used 126987K, committed 129088K, reserved 1163264K
  class space    used 15482K, committed 16512K, reserved 1048576K
}
Event: 10126.548 GC heap before
{Heap before GC invocations=101 (full 2):
 garbage-first heap   total 286720K, used 235848K [0x0000000080000000, 0x0000000100000000)
  region size 1024K, 143 young (146432K), 4 survivors (4096K)
 Metaspace       used 127125K, committed 129216K, reserved 1163264K
  class space    used 15482K, committed 16512K, reserved 1048576K
}
Event: 10126.710 GC heap after
{Heap after GC invocations=102 (full 2):
 garbage-first heap   total 286720K, used 106673K [0x0000000080000000, 0x0000000100000000)
  region size 1024K, 18 young (18432K), 18 survivors (18432K)
 Metaspace       used 127125K, committed 129216K, reserved 1163264K
  class space    used 15482K, committed 16512K, reserved 1048576K
}
Event: 10129.538 GC heap before
{Heap before GC invocations=102 (full 2):
 garbage-first heap   total 286720K, used 246961K [0x0000000080000000, 0x0000000100000000)
  region size 1024K, 136 young (139264K), 18 survivors (18432K)
 Metaspace       used 127258K, committed 129344K, reserved 1163264K
  class space    used 15482K, committed 16512K, reserved 1048576K
}
Event: 10129.575 GC heap after
{Heap after GC invocations=103 (full 2):
 garbage-first heap   total 286720K, used 97841K [0x0000000080000000, 0x0000000100000000)
  region size 1024K, 4 young (4096K), 4 survivors (4096K)
 Metaspace       used 127258K, committed 129344K, reserved 1163264K
  class space    used 15482K, committed 16512K, reserved 1048576K
}
Event: 10222.114 GC heap before
{Heap before GC invocations=103 (full 2):
 garbage-first heap   total 286720K, used 245297K [0x0000000080000000, 0x0000000100000000)
  region size 1024K, 132 young (135168K), 4 survivors (4096K)
 Metaspace       used 127337K, committed 129408K, reserved 1163264K
  class space    used 15486K, committed 16512K, reserved 1048576K
}
Event: 10222.133 GC heap after
{Heap after GC invocations=104 (full 2):
 garbage-first heap   total 286720K, used 98993K [0x0000000080000000, 0x0000000100000000)
  region size 1024K, 6 young (6144K), 6 survivors (6144K)
 Metaspace       used 127337K, committed 129408K, reserved 1163264K
  class space    used 15486K, committed 16512K, reserved 1048576K
}

Deoptimization events (20 events):
Event: 10247.796 Thread 0x0000016f8b9c0f80 DEOPT UNPACKING pc=0x0000016fe00f2945 sp=0x0000005f255fe6d8 mode 1
Event: 10247.796 Thread 0x0000016fa6dff730 DEOPT UNPACKING pc=0x0000016fe00f2945 sp=0x0000005f25cfe578 mode 1
Event: 10247.796 Thread 0x0000016f8b9c2c60 DEOPT UNPACKING pc=0x0000016fe00f2945 sp=0x0000005f256fdf58 mode 1
Event: 10247.796 Thread 0x0000016fa6dfe8c0 DEOPT UNPACKING pc=0x0000016fe00f2945 sp=0x0000005f251fe528 mode 1
Event: 10247.796 Thread 0x0000016fa6dff260 DEOPT PACKING pc=0x0000016fe8a2cc6c sp=0x0000005f252feef0
Event: 10247.796 Thread 0x0000016fa46feeb0 DEOPT PACKING pc=0x0000016fe8a2cbcc sp=0x0000005f273feff0
Event: 10247.796 Thread 0x0000016f8b9c3130 DEOPT PACKING pc=0x0000016fe8a2cbcc sp=0x0000005f258fece0
Event: 10247.796 Thread 0x0000016f8b9c0110 DEOPT PACKING pc=0x0000016fe8a2cbcc sp=0x0000005f257fede0
Event: 10247.796 Thread 0x0000016f8b9c0f80 DEOPT PACKING pc=0x0000016fe8a2cbcc sp=0x0000005f255ff450
Event: 10247.796 Thread 0x0000016fa6dff730 DEOPT PACKING pc=0x0000016fe8a2cc6c sp=0x0000005f25cff2f0
Event: 10247.796 Thread 0x0000016f8b9c2c60 DEOPT PACKING pc=0x0000016fe8a2cbcc sp=0x0000005f256fecd0
Event: 10247.796 Thread 0x0000016fa6dfe8c0 DEOPT PACKING pc=0x0000016fe8a2cc6c sp=0x0000005f251ff2a0
Event: 10247.797 Thread 0x0000016f8b9c0f80 DEOPT UNPACKING pc=0x0000016fe00f2945 sp=0x0000005f255fe5b0 mode 1
Event: 10247.797 Thread 0x0000016fa6dff730 DEOPT UNPACKING pc=0x0000016fe00f2945 sp=0x0000005f25cfe450 mode 1
Event: 10247.797 Thread 0x0000016fa6dff260 DEOPT UNPACKING pc=0x0000016fe00f2945 sp=0x0000005f252fe050 mode 1
Event: 10247.797 Thread 0x0000016fa46feeb0 DEOPT UNPACKING pc=0x0000016fe00f2945 sp=0x0000005f273fe150 mode 1
Event: 10247.797 Thread 0x0000016fa6dfe8c0 DEOPT UNPACKING pc=0x0000016fe00f2945 sp=0x0000005f251fe400 mode 1
Event: 10247.797 Thread 0x0000016f8b9c2c60 DEOPT UNPACKING pc=0x0000016fe00f2945 sp=0x0000005f256fde30 mode 1
Event: 10247.797 Thread 0x0000016f8b9c0110 DEOPT UNPACKING pc=0x0000016fe00f2945 sp=0x0000005f257fdf40 mode 1
Event: 10247.805 Thread 0x0000016f8b9c3130 DEOPT UNPACKING pc=0x0000016fe00f2945 sp=0x0000005f258fde40 mode 1

Classes unloaded (20 events):
Event: 3624.831 Thread 0x0000016ff69a6240 Unloading class 0x0000000800d28400 'java/lang/invoke/LambdaForm$MH+0x0000000800d28400'
Event: 3624.831 Thread 0x0000016ff69a6240 Unloading class 0x0000000800d28000 'java/lang/invoke/LambdaForm$MH+0x0000000800d28000'
Event: 3624.831 Thread 0x0000016ff69a6240 Unloading class 0x0000000800d08000 'java/lang/invoke/LambdaForm$MH+0x0000000800d08000'
Event: 3624.831 Thread 0x0000016ff69a6240 Unloading class 0x0000000800d07800 'java/lang/invoke/LambdaForm$MH+0x0000000800d07800'
Event: 3624.831 Thread 0x0000016ff69a6240 Unloading class 0x0000000800d07400 'java/lang/invoke/LambdaForm$MH+0x0000000800d07400'
Event: 3624.831 Thread 0x0000016ff69a6240 Unloading class 0x0000000800d07000 'java/lang/invoke/LambdaForm$MH+0x0000000800d07000'
Event: 3624.831 Thread 0x0000016ff69a6240 Unloading class 0x0000000800d06c00 'java/lang/invoke/LambdaForm$MH+0x0000000800d06c00'
Event: 3624.831 Thread 0x0000016ff69a6240 Unloading class 0x0000000800d06400 'java/lang/invoke/LambdaForm$MH+0x0000000800d06400'
Event: 3624.831 Thread 0x0000016ff69a6240 Unloading class 0x0000000800c26c00 'java/lang/invoke/LambdaForm$MH+0x0000000800c26c00'
Event: 3624.831 Thread 0x0000016ff69a6240 Unloading class 0x0000000800c26800 'java/lang/invoke/LambdaForm$MH+0x0000000800c26800'
Event: 3624.831 Thread 0x0000016ff69a6240 Unloading class 0x0000000800c26000 'java/lang/invoke/LambdaForm$MH+0x0000000800c26000'
Event: 3624.831 Thread 0x0000016ff69a6240 Unloading class 0x0000000800c24400 'java/lang/invoke/LambdaForm$MH+0x0000000800c24400'
Event: 7225.556 Thread 0x0000016ff69a6240 Unloading class 0x0000000801a99400 'jdk/internal/reflect/GeneratedSerializationConstructorAccessor118'
Event: 7225.557 Thread 0x0000016ff69a6240 Unloading class 0x0000000801a99000 'jdk/internal/reflect/GeneratedMethodAccessor123'
Event: 7225.557 Thread 0x0000016ff69a6240 Unloading class 0x0000000801a98c00 'jdk/internal/reflect/GeneratedSerializationConstructorAccessor117'
Event: 7225.557 Thread 0x0000016ff69a6240 Unloading class 0x0000000801a98800 'jdk/internal/reflect/GeneratedSerializationConstructorAccessor116'
Event: 7225.557 Thread 0x0000016ff69a6240 Unloading class 0x0000000801a84800 'jdk/internal/reflect/GeneratedMethodAccessor121'
Event: 7225.557 Thread 0x0000016ff69a6240 Unloading class 0x0000000801a84400 'jdk/internal/reflect/GeneratedSerializationConstructorAccessor115'
Event: 7225.557 Thread 0x0000016ff69a6240 Unloading class 0x0000000801a84000 'jdk/internal/reflect/GeneratedSerializationConstructorAccessor114'
Event: 7225.557 Thread 0x0000016ff69a6240 Unloading class 0x0000000801a50400 'jdk/internal/reflect/GeneratedSerializationConstructorAccessor112'

Classes redefined (0 events):
No events

Internal exceptions (20 events):
Event: 10207.369 Thread 0x0000016fa6d97d50 Exception <a 'sun/nio/fs/WindowsException'{0x000000008ff22958}> (0x000000008ff22958) 
thrown [c:\users\buildbot\worker\e\main\jdk\src\hotspot\share\prims\jni.cpp, line 516]
Event: 10207.845 Thread 0x0000016fa6d97d50 Exception <a 'sun/nio/fs/WindowsException'{0x000000008f5327d0}> (0x000000008f5327d0) 
thrown [c:\users\buildbot\worker\e\main\jdk\src\hotspot\share\prims\jni.cpp, line 516]
Event: 10207.931 Thread 0x0000016fa6d97d50 Exception <a 'sun/nio/fs/WindowsException'{0x000000008f5d09e8}> (0x000000008f5d09e8) 
thrown [c:\users\buildbot\worker\e\main\jdk\src\hotspot\share\prims\jni.cpp, line 516]
Event: 10207.931 Thread 0x0000016fa6d97d50 Exception <a 'sun/nio/fs/WindowsException'{0x000000008f5d1d38}> (0x000000008f5d1d38) 
thrown [c:\users\buildbot\worker\e\main\jdk\src\hotspot\share\prims\jni.cpp, line 516]
Event: 10207.931 Thread 0x0000016fa6d97d50 Exception <a 'sun/nio/fs/WindowsException'{0x000000008f5d3320}> (0x000000008f5d3320) 
thrown [c:\users\buildbot\worker\e\main\jdk\src\hotspot\share\prims\jni.cpp, line 516]
Event: 10207.931 Thread 0x0000016fa6d97d50 Exception <a 'sun/nio/fs/WindowsException'{0x000000008f5d46c0}> (0x000000008f5d46c0) 
thrown [c:\users\buildbot\worker\e\main\jdk\src\hotspot\share\prims\jni.cpp, line 516]
Event: 10214.388 Thread 0x0000016fa3d35b60 Exception <a 'java/io/IOException'{0x000000008b483a88}> (0x000000008b483a88) 
thrown [c:\users\buildbot\worker\e\main\jdk\src\hotspot\share\prims\jni.cpp, line 516]
Event: 10214.392 Thread 0x0000016fa647d1e0 Implicit null exception at 0x0000016fe80b307e to 0x0000016fe80b322a
Event: 10214.533 Thread 0x0000016fa3d56050 Exception <a 'java/lang/NoSuchMethodError'{0x000000008ae3da40}: static [Ljava/net/URL;.<clinit>()V> (0x000000008ae3da40) 
thrown [c:\users\buildbot\worker\e\main\jdk\src\hotspot\share\prims\jni.cpp, line 1107]
Event: 10214.542 Thread 0x0000016fa3d56050 Exception <a 'java/lang/NoSuchMethodError'{0x000000008ae55cc0}: static Lorg/gradle/internal/classloader/FilteringClassLoader$Spec;.<clinit>()V> (0x000000008ae55cc0) 
thrown [c:\users\buildbot\worker\e\main\jdk\src\hotspot\share\prims\jni.cpp, line 1107]
Event: 10214.549 Thread 0x0000016fa3d56050 Exception <a 'java/lang/NoSuchMethodError'{0x000000008ae63f40}: static Lorg/gradle/internal/classloader/CachingClassLoader$Spec;.<clinit>()V> (0x000000008ae63f40) 
thrown [c:\users\buildbot\worker\e\main\jdk\src\hotspot\share\prims\jni.cpp, line 1107]
Event: 10222.069 Thread 0x0000016fa6d97d50 Exception <a 'sun/nio/fs/WindowsException'{0x00000000894b3f28}> (0x00000000894b3f28) 
thrown [c:\users\buildbot\worker\e\main\jdk\src\hotspot\share\prims\jni.cpp, line 516]
Event: 10222.201 Thread 0x0000016fa6d97d50 Exception <a 'sun/nio/fs/WindowsException'{0x000000009102b990}> (0x000000009102b990) 
thrown [c:\users\buildbot\worker\e\main\jdk\src\hotspot\share\prims\jni.cpp, line 516]
Event: 10222.210 Thread 0x0000016fa6d97d50 Exception <a 'sun/nio/fs/WindowsException'{0x00000000910c15e0}> (0x00000000910c15e0) 
thrown [c:\users\buildbot\worker\e\main\jdk\src\hotspot\share\prims\jni.cpp, line 516]
Event: 10222.210 Thread 0x0000016fa6d97d50 Exception <a 'sun/nio/fs/WindowsException'{0x00000000910c2930}> (0x00000000910c2930) 
thrown [c:\users\buildbot\worker\e\main\jdk\src\hotspot\share\prims\jni.cpp, line 516]
Event: 10222.211 Thread 0x0000016fa6d97d50 Exception <a 'sun/nio/fs/WindowsException'{0x00000000910c3cd0}> (0x00000000910c3cd0) 
thrown [c:\users\buildbot\worker\e\main\jdk\src\hotspot\share\prims\jni.cpp, line 516]
Event: 10222.211 Thread 0x0000016fa6d97d50 Exception <a 'sun/nio/fs/WindowsException'{0x00000000910c5070}> (0x00000000910c5070) 
thrown [c:\users\buildbot\worker\e\main\jdk\src\hotspot\share\prims\jni.cpp, line 516]
Event: 10226.180 Thread 0x0000016fa48a5b00 Exception <a 'java/io/IOException'{0x000000008f31b130}> (0x000000008f31b130) 
thrown [c:\users\buildbot\worker\e\main\jdk\src\hotspot\share\prims\jni.cpp, line 516]
Event: 10247.786 Thread 0x0000016fa6d97d50 Exception <a 'java/lang/OutOfMemoryError'{0x000000008e3a2100}: unable to create native thread: possibly out of memory or process/resource limits reached> (0x000000008e3a2100) 
thrown [c:\users\buildbot\worker\e\main\jdk\src\hotspot\share\prims\jvm.cpp, line 2920]
Event: 10247.800 Thread 0x0000016fa6d973b0 Exception <a 'java/lang/NoSuchMethodError'{0x000000008e187c68}: static Lorg/gradle/internal/build/event/types/DefaultProjectConfigurationFailureResult;.<clinit>()V> (0x000000008e187c68) 
thrown [c:\users\buildbot\worker\e\main\jdk\src\hotspot\share\prims\jni.cpp, line 1107]

VM Operations (20 events):
Event: 10207.287 Executing VM operation: Cleanup
Event: 10207.288 Executing VM operation: Cleanup done
Event: 10208.302 Executing VM operation: Cleanup
Event: 10208.318 Executing VM operation: Cleanup done
Event: 10209.332 Executing VM operation: Cleanup
Event: 10209.333 Executing VM operation: Cleanup done
Event: 10214.396 Executing VM operation: Cleanup
Event: 10214.396 Executing VM operation: Cleanup done
Event: 10215.408 Executing VM operation: Cleanup
Event: 10215.409 Executing VM operation: Cleanup done
Event: 10222.113 Executing VM operation: G1CollectForAllocation
Event: 10222.133 Executing VM operation: G1CollectForAllocation done
Event: 10222.424 Executing VM operation: HandshakeAllThreads
Event: 10222.424 Executing VM operation: HandshakeAllThreads done
Event: 10223.432 Executing VM operation: Cleanup
Event: 10223.432 Executing VM operation: Cleanup done
Event: 10226.467 Executing VM operation: Cleanup
Event: 10226.467 Executing VM operation: Cleanup done
Event: 10247.658 Executing VM operation: Cleanup
Event: 10247.658 Executing VM operation: Cleanup done

Events (20 events):
Event: 10247.776 Thread 0x0000016fa3d334e0 Thread added: 0x0000016fa3d334e0
Event: 10247.776 Thread 0x0000016fa3d36030 Thread added: 0x0000016fa3d36030
Event: 10247.776 Thread 0x0000016fa3d369d0 Thread added: 0x0000016fa3d369d0
Event: 10247.777 Thread 0x0000016fa3d339b0 Thread added: 0x0000016fa3d339b0
Event: 10247.778 Thread 0x0000016fa3d33e80 Thread added: 0x0000016fa3d33e80
Event: 10247.778 Thread 0x0000016fa3d34350 Thread added: 0x0000016fa3d34350
Event: 10247.778 Thread 0x0000016fa3d34820 Thread added: 0x0000016fa3d34820
Event: 10247.779 Thread 0x0000016fa6d986f0 Thread added: 0x0000016fa6d986f0
Event: 10247.779 Thread 0x0000016fa46fe510 Thread added: 0x0000016fa46fe510
Event: 10247.779 Thread 0x0000016fa46fe9e0 Thread added: 0x0000016fa46fe9e0
Event: 10247.779 Thread 0x0000016fa46ff850 Thread added: 0x0000016fa46ff850
Event: 10247.779 Thread 0x0000016fa46feeb0 Thread added: 0x0000016fa46feeb0
Event: 10247.779 Thread 0x0000016fa47006c0 Thread added: 0x0000016fa47006c0
Event: 10247.779 Thread 0x0000016fa4701530 Thread added: 0x0000016fa4701530
Event: 10247.809 Thread 0x0000016fa6d96a10 Thread exited: 0x0000016fa6d96a10
Event: 10247.810 Thread 0x0000016fa6dfdf20 Thread exited: 0x0000016fa6dfdf20
Event: 10247.811 Thread 0x0000016fa6d97880 Thread exited: 0x0000016fa6d97880
Event: 10247.833 Thread 0x0000016fa6d96070 Thread exited: 0x0000016fa6d96070
Event: 10247.834 Thread 0x0000016fa6d96540 Thread exited: 0x0000016fa6d96540
Event: 10247.835 Thread 0x0000016fa6d98220 Thread exited: 0x0000016fa6d98220


Dynamic libraries:
0x00007ff69ef80000 - 0x00007ff69ef8e000 	C:\Program Files\graalvm-ce-java17-windows-amd64-21.3.0\graalvm-ce-java17-21.3.0\bin\java.exe
0x00007ff8e4630000 - 0x00007ff8e4825000 	C:\WINDOWS\SYSTEM32\ntdll.dll
0x00007ff8e2670000 - 0x00007ff8e272e000 	C:\WINDOWS\System32\KERNEL32.DLL
0x00007ff8e2260000 - 0x00007ff8e2528000 	C:\WINDOWS\System32\KERNELBASE.dll
0x00007ff8e1e20000 - 0x00007ff8e1f20000 	C:\WINDOWS\System32\ucrtbase.dll
0x00007ff8cd470000 - 0x00007ff8cd48a000 	C:\Program Files\graalvm-ce-java17-windows-amd64-21.3.0\graalvm-ce-java17-21.3.0\bin\VCRUNTIME140.dll
0x00007ff8cd1d0000 - 0x00007ff8cd1e8000 	C:\Program Files\graalvm-ce-java17-windows-amd64-21.3.0\graalvm-ce-java17-21.3.0\bin\jli.dll
0x00007ff8e3df0000 - 0x00007ff8e3f91000 	C:\WINDOWS\System32\USER32.dll
0x00007ff8e1f80000 - 0x00007ff8e1fa2000 	C:\WINDOWS\System32\win32u.dll
0x00007ff8e3440000 - 0x00007ff8e346b000 	C:\WINDOWS\System32\GDI32.dll
0x00007ff8d2dc0000 - 0x00007ff8d305a000 	C:\WINDOWS\WinSxS\amd64_microsoft.windows.common-controls_6595b64144ccf1df_6.0.19041.1110_none_60b5254171f9507e\COMCTL32.dll
0x00007ff8e2530000 - 0x00007ff8e263d000 	C:\WINDOWS\System32\gdi32full.dll
0x00007ff8e21c0000 - 0x00007ff8e225d000 	C:\WINDOWS\System32\msvcp_win.dll
0x00007ff8e3750000 - 0x00007ff8e37ee000 	C:\WINDOWS\System32\msvcrt.dll
0x00007ff8e3cd0000 - 0x00007ff8e3d00000 	C:\WINDOWS\System32\IMM32.DLL
0x00007ff8d2890000 - 0x00007ff8d289c000 	C:\Program Files\graalvm-ce-java17-windows-amd64-21.3.0\graalvm-ce-java17-21.3.0\bin\vcruntime140_1.dll
0x00007ff8b0720000 - 0x00007ff8b07ad000 	C:\Program Files\graalvm-ce-java17-windows-amd64-21.3.0\graalvm-ce-java17-21.3.0\bin\msvcp140.dll
0x00007ff8617d0000 - 0x00007ff862392000 	C:\Program Files\graalvm-ce-java17-windows-amd64-21.3.0\graalvm-ce-java17-21.3.0\bin\server\jvm.dll
0x00007ff8e36a0000 - 0x00007ff8e374c000 	C:\WINDOWS\System32\ADVAPI32.dll
0x00007ff8e3fa0000 - 0x00007ff8e403b000 	C:\WINDOWS\System32\sechost.dll
0x00007ff8e3ba0000 - 0x00007ff8e3cca000 	C:\WINDOWS\System32\RPCRT4.dll
0x00007ff8e3620000 - 0x00007ff8e3628000 	C:\WINDOWS\System32\PSAPI.DLL
0x00007ff8d8880000 - 0x00007ff8d888a000 	C:\WINDOWS\SYSTEM32\VERSION.dll
0x00007ff8d1640000 - 0x00007ff8d1649000 	C:\WINDOWS\SYSTEM32\WSOCK32.dll
0x00007ff8e3630000 - 0x00007ff8e369b000 	C:\WINDOWS\System32\WS2_32.dll
0x00007ff8d8850000 - 0x00007ff8d8877000 	C:\WINDOWS\SYSTEM32\WINMM.dll
0x00007ff8e05c0000 - 0x00007ff8e05d2000 	C:\WINDOWS\SYSTEM32\kernel.appcore.dll
0x00007ff8d2530000 - 0x00007ff8d253a000 	C:\Program Files\graalvm-ce-java17-windows-amd64-21.3.0\graalvm-ce-java17-21.3.0\bin\jimage.dll
0x00007ff8d6280000 - 0x00007ff8d6464000 	C:\WINDOWS\SYSTEM32\DBGHELP.DLL
0x00007ff8d5ee0000 - 0x00007ff8d5f0c000 	C:\WINDOWS\SYSTEM32\dbgcore.DLL
0x00007ff8e1d40000 - 0x00007ff8e1dc2000 	C:\WINDOWS\System32\bcryptPrimitives.dll
0x00007ff8c2860000 - 0x00007ff8c2885000 	C:\Program Files\graalvm-ce-java17-windows-amd64-21.3.0\graalvm-ce-java17-21.3.0\bin\java.dll
0x00007ff8b0080000 - 0x00007ff8b0156000 	C:\Program Files\graalvm-ce-java17-windows-amd64-21.3.0\graalvm-ce-java17-21.3.0\bin\svml.dll
0x00007ff8e2ce0000 - 0x00007ff8e3424000 	C:\WINDOWS\System32\SHELL32.dll
0x00007ff8dfad0000 - 0x00007ff8e0264000 	C:\WINDOWS\SYSTEM32\windows.storage.dll
0x00007ff8e2900000 - 0x00007ff8e2c55000 	C:\WINDOWS\System32\combase.dll
0x00007ff8e1720000 - 0x00007ff8e174e000 	C:\WINDOWS\SYSTEM32\Wldp.dll
0x00007ff8e3af0000 - 0x00007ff8e3b9d000 	C:\WINDOWS\System32\SHCORE.dll
0x00007ff8e44c0000 - 0x00007ff8e4515000 	C:\WINDOWS\System32\shlwapi.dll
0x00007ff8e1c80000 - 0x00007ff8e1c9f000 	C:\WINDOWS\SYSTEM32\profapi.dll
0x00007ff85f540000 - 0x00007ff8617c3000 	C:\Program Files\graalvm-ce-java17-windows-amd64-21.3.0\graalvm-ce-java17-21.3.0\bin\jvmcicompiler.dll
0x00007ff8e1c00000 - 0x00007ff8e1c2e000 	C:\WINDOWS\SYSTEM32\USERENV.dll
0x00007ff8e1110000 - 0x00007ff8e114b000 	C:\WINDOWS\SYSTEM32\IPHLPAPI.DLL
0x00007ff8e1790000 - 0x00007ff8e17b7000 	C:\WINDOWS\SYSTEM32\ncrypt.dll
0x00007ff8e1750000 - 0x00007ff8e178b000 	C:\WINDOWS\SYSTEM32\NTASN1.dll
0x00007ff8cc0b0000 - 0x00007ff8cc0c9000 	C:\Program Files\graalvm-ce-java17-windows-amd64-21.3.0\graalvm-ce-java17-21.3.0\bin\net.dll
0x00007ff8d6510000 - 0x00007ff8d661c000 	C:\WINDOWS\SYSTEM32\WINHTTP.dll
0x00007ff8e1420000 - 0x00007ff8e148a000 	C:\WINDOWS\system32\mswsock.dll
0x00007ff8cb540000 - 0x00007ff8cb555000 	C:\Program Files\graalvm-ce-java17-windows-amd64-21.3.0\graalvm-ce-java17-21.3.0\bin\nio.dll
0x00007ff8bc0d0000 - 0x00007ff8bc0e8000 	C:\Program Files\graalvm-ce-java17-windows-amd64-21.3.0\graalvm-ce-java17-21.3.0\bin\zip.dll
0x00007ff8d2280000 - 0x00007ff8d2290000 	C:\Program Files\graalvm-ce-java17-windows-amd64-21.3.0\graalvm-ce-java17-21.3.0\bin\verify.dll
0x00007ff8cc060000 - 0x00007ff8cc087000 	C:\Users\jonat\.gradle\native\e1d6ef7f7dcc3fd88c89a11ec53ec762bb8ba0a96d01ffa2cd45eb1d1d8dd5c5\windows-amd64\native-platform.dll
0x00007ff8b1f40000 - 0x00007ff8b2084000 	C:\Users\jonat\.gradle\native\5664cfc778a61ccfe75a443a1ab52a65af34e5dc3c78e0209fed803814484fcb\windows-amd64\native-platform-file-events.dll
0x00007ff8cd340000 - 0x00007ff8cd349000 	C:\Program Files\graalvm-ce-java17-windows-amd64-21.3.0\graalvm-ce-java17-21.3.0\bin\management.dll
0x00007ff8cd0c0000 - 0x00007ff8cd0cb000 	C:\Program Files\graalvm-ce-java17-windows-amd64-21.3.0\graalvm-ce-java17-21.3.0\bin\management_ext.dll
0x00007ff8e1610000 - 0x00007ff8e1628000 	C:\WINDOWS\SYSTEM32\CRYPTSP.dll
0x00007ff8e0da0000 - 0x00007ff8e0dd4000 	C:\WINDOWS\system32\rsaenh.dll
0x00007ff8e2640000 - 0x00007ff8e2667000 	C:\WINDOWS\System32\bcrypt.dll
0x00007ff8e1630000 - 0x00007ff8e163c000 	C:\WINDOWS\SYSTEM32\CRYPTBASE.dll
0x00007ff8e3430000 - 0x00007ff8e3438000 	C:\WINDOWS\System32\NSI.dll
0x00007ff8d9940000 - 0x00007ff8d9957000 	C:\WINDOWS\SYSTEM32\dhcpcsvc6.DLL
0x00007ff8d8a70000 - 0x00007ff8d8a8d000 	C:\WINDOWS\SYSTEM32\dhcpcsvc.DLL
0x00007ff8e1150000 - 0x00007ff8e121b000 	C:\WINDOWS\SYSTEM32\DNSAPI.dll
0x00007ff8d28e0000 - 0x00007ff8d28ee000 	C:\Program Files\graalvm-ce-java17-windows-amd64-21.3.0\graalvm-ce-java17-21.3.0\bin\sunmscapi.dll
0x00007ff8e2060000 - 0x00007ff8e21b6000 	C:\WINDOWS\System32\CRYPT32.dll
0x00007ff8d22b0000 - 0x00007ff8d22b7000 	C:\WINDOWS\system32\wshunix.dll
0x00007ff8cd110000 - 0x00007ff8cd117000 	C:\Program Files\graalvm-ce-java17-windows-amd64-21.3.0\graalvm-ce-java17-21.3.0\bin\rmi.dll
0x00007ff8cb350000 - 0x00007ff8cb367000 	C:\WINDOWS\system32\napinsp.dll
0x00007ff8cb330000 - 0x00007ff8cb34b000 	C:\WINDOWS\system32\pnrpnsp.dll
0x00007ff8cb310000 - 0x00007ff8cb325000 	C:\WINDOWS\system32\wshbth.dll
0x00007ff8dd3e0000 - 0x00007ff8dd3fd000 	C:\WINDOWS\system32\NLAapi.dll
0x00007ff8cb2f0000 - 0x00007ff8cb302000 	C:\WINDOWS\System32\winrnr.dll
0x00007ff8d6cf0000 - 0x00007ff8d6cfa000 	C:\Windows\System32\rasadhlp.dll
0x00007ff8d57f0000 - 0x00007ff8d586f000 	C:\WINDOWS\System32\fwpuclnt.dll

dbghelp: loaded successfully - version: 4.0.5 - missing functions: none
symbol engine: initialized successfully - sym options: 0x614 - pdb path: .;C:\Program Files\graalvm-ce-java17-windows-amd64-21.3.0\graalvm-ce-java17-21.3.0\bin;C:\WINDOWS\SYSTEM32;C:\WINDOWS\WinSxS\amd64_microsoft.windows.common-controls_6595b64144ccf1df_6.0.19041.1110_none_60b5254171f9507e;C:\Program Files\graalvm-ce-java17-windows-amd64-21.3.0\graalvm-ce-java17-21.3.0\bin\server;C:\Users\jonat\.gradle\native\e1d6ef7f7dcc3fd88c89a11ec53ec762bb8ba0a96d01ffa2cd45eb1d1d8dd5c5\windows-amd64;C:\Users\jonat\.gradle\native\5664cfc778a61ccfe75a443a1ab52a65af34e5dc3c78e0209fed803814484fcb\windows-amd64

VM Arguments:
jvm_args: -XX:ThreadPriorityPolicy=1 -XX:+UnlockExperimentalVMOptions -XX:+EnableJVMCIProduct -XX:-UnlockExperimentalVMOptions --add-opens=java.base/java.util=ALL-UNNAMED --add-opens=java.base/java.lang=ALL-UNNAMED --add-opens=java.base/java.lang.invoke=ALL-UNNAMED --add-opens=java.base/java.util=ALL-UNNAMED --add-opens=java.prefs/java.util.prefs=ALL-UNNAMED --add-opens=java.prefs/java.util.prefs=ALL-UNNAMED --add-opens=java.base/java.nio.charset=ALL-UNNAMED --add-opens=java.base/java.net=ALL-UNNAMED --add-opens=java.base/java.util.concurrent.atomic=ALL-UNNAMED -Xmx2048m -Dfile.encoding=UTF-8 -Duser.country=ID -Duser.language=en -Duser.variant 
java_command: org.gradle.launcher.daemon.bootstrap.GradleDaemon 7.3
java_class_path (initial): C:\Users\jonat\.gradle\wrapper\dists\gradle-7.3-bin\ddwl0k7mt9g6ak16i1m905vyv\gradle-7.3\lib\gradle-launcher-7.3.jar
Launcher Type: SUN_STANDARD

[Global flags]
     intx CICompilerCount                          = 4                                         {product} {ergonomic}
     uint ConcGCThreads                            = 2                                         {product} {ergonomic}
     bool EnableJVMCIProduct                       = true                                {JVMCI product} {jimage}
     uint G1ConcRefinementThreads                  = 8                                         {product} {ergonomic}
   size_t G1HeapRegionSize                         = 1048576                                   {product} {ergonomic}
    uintx GCDrainStackTargetSize                   = 64                                        {product} {ergonomic}
   size_t InitialHeapSize                          = 167772160                                 {product} {ergonomic}
   size_t MarkStackSize                            = 4194304                                   {product} {ergonomic}
   size_t MaxHeapSize                              = 2147483648                                {product} {command line}
   size_t MaxNewSize                               = 1287651328                                {product} {ergonomic}
   size_t MinHeapDeltaBytes                        = 1048576                                   {product} {ergonomic}
   size_t MinHeapSize                              = 8388608                                   {product} {ergonomic}
    uintx NonNMethodCodeHeapSize                   = 5839372                                {pd product} {ergonomic}
    uintx NonProfiledCodeHeapSize                  = 122909434                              {pd product} {ergonomic}
    uintx ProfiledCodeHeapSize                     = 122909434                              {pd product} {ergonomic}
    uintx ReservedCodeCacheSize                    = 251658240                              {pd product} {ergonomic}
     bool SegmentedCodeCache                       = true                                      {product} {ergonomic}
   size_t SoftMaxHeapSize                          = 2147483648                             {manageable} {ergonomic}
     intx ThreadPriorityPolicy                     = 1                                         {product} {jimage}
     bool UseCompressedClassPointers               = true                           {product lp64_product} {ergonomic}
     bool UseCompressedOops                        = true                           {product lp64_product} {ergonomic}
     bool UseG1GC                                  = true                                      {product} {ergonomic}
     bool UseLargePagesIndividualAllocation        = false                                  {pd product} {ergonomic}

Logging:
Log output configuration:
 #0: stdout all=warning uptime,level,tags
 #1: stderr all=off uptime,level,tags

Environment Variables:
JAVA_HOME=C:\Program Files\graalvm-ce-java17-windows-amd64-21.3.0\graalvm-ce-java17-21.3.0
PATH=C:\Program Files\Python39\Scripts\;C:\Program Files\Python39\;C:\oraclexe\app\oracle\product\11.2.0\server\bin;C:\Program Files (x86)\Borland\Delphi7\Bin;C:\Program Files (x86)\Borland\Delphi7\Projects\Bpl\;C:\WINDOWS\system32;C:\WINDOWS;C:\WINDOWS\System32\Wbem;C:\WINDOWS\System32\WindowsPowerShell\v1.0\;C:\WINDOWS\System32\OpenSSH\;C:\Program Files\nodejs\;C:\ProgramData\chocolatey\bin;C:\xampp\mysql\bin;C:\php-7.4.10;C:\GhostScript;C:\Program Files\dotnet\;C:\Program Files\apache-maven-3.8.1\bin;C:\Program Files\apache-maven-3.8.1\bin;C:\Users\jonat\AppData\Roaming\Python\Python39\Scripts;C:\Program Files\gradle-7.1.1\bin;C:\Program Files\Git\cmd;C:\Program Files\graalvm-ce-java17-windows-amd64-21.3.0\graalvm-ce-java17-21.3.0\bin;C:\Program Files\Java\jdk-17.0.1\bin;C:\Users\jonat\.cargo\bin;C:\Users\jonat\AppData\Local\Microsoft\WindowsApps;C:\Users\jonat\AppData\Local\Programs\Microsoft VS Code\bin;C:\Users\jonat\AppData\Roaming\npm;C:\Program Files\JetBrains\PyCharm Community Edition 2020.3.1\bin;;C:\Users\jonat\.dotnet\tools;C:\Users\jonat\AppData\Local\Pandoc\;C:\Users\jonat\MikTeX\miktex\bin\x64\;C:\Program Files\JetBrains\IntelliJ IDEA Community Edition 2021.2.3\bin;
USERNAME=jonat
OS=Windows_NT
PROCESSOR_IDENTIFIER=AMD64 Family 23 Model 24 Stepping 1, AuthenticAMD



---------------  S Y S T E M  ---------------

OS:
 Windows 10 , 64 bit Build 19041 (10.0.19041.1348)
OS uptime: 3 days 11:49 hours

CPU: total 8 (initial active 8) (8 cores per cpu, 2 threads per core) family 23 model 24 stepping 1 microcode 0x0, cx8, cmov, fxsr, ht, mmx, 3dnowpref, sse, sse2, sse3, ssse3, sse4a, sse4.1, sse4.2, popcnt, lzcnt, tsc, tscinvbit, avx, avx2, aes, clmul, bmi1, bmi2, adx, sha, fma, vzeroupper, clflush, clflushopt

Memory: 4k page, system-wide physical 10170M (334M free)
TotalPageFile size 22170M (AvailPageFile size 1M)
current process WorkingSet (physical memory assigned to process): 726M, peak: 751M
current process commit charge ("private bytes"): 1175M, peak: 1182M

vm_info: OpenJDK 64-Bit Server VM (17.0.1+12-jvmci-21.3-b05) for windows-amd64 JRE (17.0.1+12-jvmci-21.3-b05), built on Oct 15 2021 23:20:35 by "" with MS VC++ 16.8 (VS2019)

END.
