#
# There is insufficient memory for the Java Runtime Environment to continue.
# Native memory allocation (mmap) failed to map 65536 bytes for Failed to commit metaspace.
# Possible reasons:
#   The system is out of physical RAM or swap space
#   The process is running with CompressedOops enabled, and the Java Heap may be blocking the growth of the native heap
# Possible solutions:
#   Reduce memory load on the system
#   Increase physical memory or swap space
#   Check if swap backing store is full
#   Decrease Java heap size (-Xmx/-Xms)
#   Decrease number of Java threads
#   Decrease Java thread stack sizes (-Xss)
#   Set larger code cache with -XX:ReservedCodeCacheSize=
#   JVM is running with Zero Based Compressed Oops mode in which the Java heap is
#     placed in the first 32GB address space. The Java Heap base address is the
#     maximum limit for the native heap growth. Please use -XX:HeapBaseMinAddress
#     to set the Java Heap base and to place the Java Heap above 32GB virtual address.
# This output file may be truncated or incomplete.
#
#  Out of Memory Error (virtualSpaceNode.cpp:110), pid=12368, tid=4516
#
# JRE version: OpenJDK Runtime Environment GraalVM CE 21.3.0 (17.0.1+12) (build 17.0.1+12-jvmci-21.3-b05)
# Java VM: OpenJDK 64-Bit Server VM GraalVM CE 21.3.0 (17.0.1+12-jvmci-21.3-b05, mixed mode, sharing, tiered, jvmci, jvmci compiler, compressed oops, compressed class ptrs, g1 gc, windows-amd64)
# No core dump will be written. Minidumps are not enabled by default on client versions of Windows
#

---------------  S U M M A R Y ------------

Command Line: -XX:ThreadPriorityPolicy=1 -XX:+UnlockExperimentalVMOptions -XX:+EnableJVMCIProduct -XX:-UnlockExperimentalVMOptions org.jetbrains.kotlin.cli.jvm.K2JVMCompiler @C:\Users\jonat\AndroidStudioProjects\Vendual\app\build\20220102_10908382809625697136.compiler.options

Host: AMD Ryzen 5 3500U with Radeon Vega Mobile Gfx  , 8 cores, 9G,  Windows 10 , 64 bit Build 19041 (10.0.19041.1348)
Time: Sun Jan  2 12:58:53 2022 SE Asia Standard Time elapsed time: 34.951129 seconds (0d 0h 0m 34s)

---------------  T H R E A D  ---------------

Current thread (0x00000223a0e6e9b0):  JavaThread "main" [_thread_in_vm, id=4516, stack(0x000000add3000000,0x000000add3100000)]

Stack: [0x000000add3000000,0x000000add3100000]
Native frames: (J=compiled Java code, j=interpreted, Vv=VM code, C=native code)
V  [jvm.dll+0x670bfa]
V  [jvm.dll+0x7cf8fd]
V  [jvm.dll+0x7d120e]
V  [jvm.dll+0x7d18c3]
V  [jvm.dll+0x242a45]
V  [jvm.dll+0x7cb4fb]
V  [jvm.dll+0x616d26]
V  [jvm.dll+0x1be19e]
V  [jvm.dll+0x619661]
V  [jvm.dll+0x6176c6]
V  [jvm.dll+0x24050c]
V  [jvm.dll+0x6c70bd]
V  [jvm.dll+0x6c7aef]
V  [jvm.dll+0x36c103]
V  [jvm.dll+0x36bf76]
V  [jvm.dll+0x36b2c2]
V  [jvm.dll+0x36b268]
V  [jvm.dll+0x37af4a]
C  0x00000223ab95ba4d

Java frames: (J=compiled Java code, j=interpreted, Vv=VM code)
j  org.jetbrains.kotlin.backend.jvm.JvmLowerKt$jvmLocalClassExtractionPhase$1.invoke(Lorg/jetbrains/kotlin/backend/jvm/JvmBackendContext;)Lorg/jetbrains/kotlin/backend/jvm/lower/JvmLocalClassPopupLowering;+6
j  org.jetbrains.kotlin.backend.jvm.JvmLowerKt$jvmLocalClassExtractionPhase$1.invoke(Ljava/lang/Object;)Ljava/lang/Object;+5
j  org.jetbrains.kotlin.backend.common.phaser.FileLoweringPhaseAdapter.invoke(Lorg/jetbrains/kotlin/backend/common/phaser/PhaseConfig;Lorg/jetbrains/kotlin/backend/common/phaser/PhaserState;Lorg/jetbrains/kotlin/backend/common/CommonBackendContext;Lorg/jetbrains/kotlin/ir/declarations/IrFile;)Lorg/jetbrains/kotlin/ir/declarations/IrFile;+30
j  org.jetbrains.kotlin.backend.common.phaser.FileLoweringPhaseAdapter.invoke(Lorg/jetbrains/kotlin/backend/common/phaser/PhaseConfig;Lorg/jetbrains/kotlin/backend/common/phaser/PhaserState;Lorg/jetbrains/kotlin/backend/common/CommonBackendContext;Ljava/lang/Object;)Ljava/lang/Object;+9
j  org.jetbrains.kotlin.backend.common.phaser.NamedCompilerPhase.invoke(Lorg/jetbrains/kotlin/backend/common/phaser/PhaseConfig;Lorg/jetbrains/kotlin/backend/common/phaser/PhaserState;Lorg/jetbrains/kotlin/backend/common/CommonBackendContext;Ljava/lang/Object;)Ljava/lang/Object;+322
j  org.jetbrains.kotlin.backend.common.phaser.PerformByIrFilePhase.invokeSequential(Lorg/jetbrains/kotlin/backend/common/phaser/PhaseConfig;Lorg/jetbrains/kotlin/backend/common/phaser/PhaserState;Lorg/jetbrains/kotlin/backend/common/CommonBackendContext;Lorg/jetbrains/kotlin/ir/declarations/IrModuleFragment;)Lorg/jetbrains/kotlin/ir/declarations/IrModuleFragment;+82
j  org.jetbrains.kotlin.backend.common.phaser.PerformByIrFilePhase.invoke(Lorg/jetbrains/kotlin/backend/common/phaser/PhaseConfig;Lorg/jetbrains/kotlin/backend/common/phaser/PhaserState;Lorg/jetbrains/kotlin/backend/common/CommonBackendContext;Lorg/jetbrains/kotlin/ir/declarations/IrModuleFragment;)Lorg/jetbrains/kotlin/ir/declarations/IrModuleFragment;+94
j  org.jetbrains.kotlin.backend.common.phaser.PerformByIrFilePhase.invoke(Lorg/jetbrains/kotlin/backend/common/phaser/PhaseConfig;Lorg/jetbrains/kotlin/backend/common/phaser/PhaserState;Lorg/jetbrains/kotlin/backend/common/CommonBackendContext;Ljava/lang/Object;)Ljava/lang/Object;+9
j  org.jetbrains.kotlin.backend.common.phaser.NamedCompilerPhase.invoke(Lorg/jetbrains/kotlin/backend/common/phaser/PhaseConfig;Lorg/jetbrains/kotlin/backend/common/phaser/PhaserState;Lorg/jetbrains/kotlin/backend/common/CommonBackendContext;Ljava/lang/Object;)Ljava/lang/Object;+322
j  org.jetbrains.kotlin.backend.common.phaser.CompositePhase.invoke(Lorg/jetbrains/kotlin/backend/common/phaser/PhaseConfig;Lorg/jetbrains/kotlin/backend/common/phaser/PhaserState;Lorg/jetbrains/kotlin/backend/common/CommonBackendContext;Ljava/lang/Object;)Ljava/lang/Object;+161
j  org.jetbrains.kotlin.backend.common.phaser.NamedCompilerPhase.invoke(Lorg/jetbrains/kotlin/backend/common/phaser/PhaseConfig;Lorg/jetbrains/kotlin/backend/common/phaser/PhaserState;Lorg/jetbrains/kotlin/backend/common/CommonBackendContext;Ljava/lang/Object;)Ljava/lang/Object;+322
j  org.jetbrains.kotlin.backend.common.phaser.CompositePhase.invoke(Lorg/jetbrains/kotlin/backend/common/phaser/PhaseConfig;Lorg/jetbrains/kotlin/backend/common/phaser/PhaserState;Lorg/jetbrains/kotlin/backend/common/CommonBackendContext;Ljava/lang/Object;)Ljava/lang/Object;+37
j  org.jetbrains.kotlin.backend.common.phaser.NamedCompilerPhase.invoke(Lorg/jetbrains/kotlin/backend/common/phaser/PhaseConfig;Lorg/jetbrains/kotlin/backend/common/phaser/PhaserState;Lorg/jetbrains/kotlin/backend/common/CommonBackendContext;Ljava/lang/Object;)Ljava/lang/Object;+322
j  org.jetbrains.kotlin.backend.common.phaser.CompilerPhaseKt.invokeToplevel(Lorg/jetbrains/kotlin/backend/common/phaser/CompilerPhase;Lorg/jetbrains/kotlin/backend/common/phaser/PhaseConfig;Lorg/jetbrains/kotlin/backend/common/CommonBackendContext;Ljava/lang/Object;)Ljava/lang/Object;+36
j  org.jetbrains.kotlin.backend.jvm.JvmIrCodegenFactory.doGenerateFilesInternal(Lorg/jetbrains/kotlin/backend/jvm/JvmIrCodegenFactory$JvmIrBackendInput;)V+325
j  org.jetbrains.kotlin.backend.jvm.JvmIrCodegenFactory.generateModule(Lorg/jetbrains/kotlin/codegen/state/GenerationState;Ljava/util/Collection;)V+24
j  org.jetbrains.kotlin.codegen.KotlinCodegenFacade.compileCorrectFiles(Lorg/jetbrains/kotlin/codegen/state/GenerationState;)V+27
j  org.jetbrains.kotlin.cli.jvm.compiler.KotlinToJVMBytecodeCompiler.generate(Lorg/jetbrains/kotlin/cli/jvm/compiler/KotlinCoreEnvironment;Lorg/jetbrains/kotlin/config/CompilerConfiguration;Lorg/jetbrains/kotlin/analyzer/AnalysisResult;Ljava/util/List;Lorg/jetbrains/kotlin/modules/Module;)Lorg/jetbrains/kotlin/codegen/state/GenerationState;+131
j  org.jetbrains.kotlin.cli.jvm.compiler.KotlinToJVMBytecodeCompiler.compileModules$cli(Lorg/jetbrains/kotlin/cli/jvm/compiler/KotlinCoreEnvironment;Ljava/io/File;Ljava/util/List;Z)Z+623
j  org.jetbrains.kotlin.cli.jvm.compiler.KotlinToJVMBytecodeCompiler.compileModules$cli$default(Lorg/jetbrains/kotlin/cli/jvm/compiler/KotlinToJVMBytecodeCompiler;Lorg/jetbrains/kotlin/cli/jvm/compiler/KotlinCoreEnvironment;Ljava/io/File;Ljava/util/List;ZILjava/lang/Object;)Z+17
j  org.jetbrains.kotlin.cli.jvm.K2JVMCompiler.doExecute(Lorg/jetbrains/kotlin/cli/common/arguments/K2JVMCompilerArguments;Lorg/jetbrains/kotlin/config/CompilerConfiguration;Lorg/jetbrains/kotlin/com/intellij/openapi/Disposable;Lorg/jetbrains/kotlin/utils/KotlinPaths;)Lorg/jetbrains/kotlin/cli/common/ExitCode;+1235
j  org.jetbrains.kotlin.cli.jvm.K2JVMCompiler.doExecute(Lorg/jetbrains/kotlin/cli/common/arguments/CommonCompilerArguments;Lorg/jetbrains/kotlin/config/CompilerConfiguration;Lorg/jetbrains/kotlin/com/intellij/openapi/Disposable;Lorg/jetbrains/kotlin/utils/KotlinPaths;)Lorg/jetbrains/kotlin/cli/common/ExitCode;+9
j  org.jetbrains.kotlin.cli.common.CLICompiler.execImpl(Lorg/jetbrains/kotlin/cli/common/messages/MessageCollector;Lorg/jetbrains/kotlin/config/Services;Lorg/jetbrains/kotlin/cli/common/arguments/CommonCompilerArguments;)Lorg/jetbrains/kotlin/cli/common/ExitCode;+219
j  org.jetbrains.kotlin.cli.common.CLICompiler.execImpl(Lorg/jetbrains/kotlin/cli/common/messages/MessageCollector;Lorg/jetbrains/kotlin/config/Services;Lorg/jetbrains/kotlin/cli/common/arguments/CommonToolArguments;)Lorg/jetbrains/kotlin/cli/common/ExitCode;+7
j  org.jetbrains.kotlin.cli.common.CLITool.exec(Lorg/jetbrains/kotlin/cli/common/messages/MessageCollector;Lorg/jetbrains/kotlin/config/Services;Lorg/jetbrains/kotlin/cli/common/arguments/CommonToolArguments;)Lorg/jetbrains/kotlin/cli/common/ExitCode;+76
j  org.jetbrains.kotlin.cli.common.CLITool.exec(Ljava/io/PrintStream;Lorg/jetbrains/kotlin/config/Services;Lorg/jetbrains/kotlin/cli/common/messages/MessageRenderer;[Ljava/lang/String;)Lorg/jetbrains/kotlin/cli/common/ExitCode;+209
j  org.jetbrains.kotlin.cli.common.CLITool.exec(Ljava/io/PrintStream;Lorg/jetbrains/kotlin/cli/common/messages/MessageRenderer;[Ljava/lang/String;)Lorg/jetbrains/kotlin/cli/common/ExitCode;+25
j  org.jetbrains.kotlin.cli.common.CLITool$Companion.doMainNoExit(Lorg/jetbrains/kotlin/cli/common/CLITool;[Ljava/lang/String;Lorg/jetbrains/kotlin/cli/common/messages/MessageRenderer;)Lorg/jetbrains/kotlin/cli/common/ExitCode;+39
j  org.jetbrains.kotlin.cli.common.CLITool$Companion.doMainNoExit$default(Lorg/jetbrains/kotlin/cli/common/CLITool$Companion;Lorg/jetbrains/kotlin/cli/common/CLITool;[Ljava/lang/String;Lorg/jetbrains/kotlin/cli/common/messages/MessageRenderer;ILjava/lang/Object;)Lorg/jetbrains/kotlin/cli/common/ExitCode;+16
j  org.jetbrains.kotlin.cli.common.CLITool$Companion.doMain(Lorg/jetbrains/kotlin/cli/common/CLITool;[Ljava/lang/String;)V+57
j  org.jetbrains.kotlin.cli.jvm.K2JVMCompiler$Companion.main([Ljava/lang/String;)V+20
j  org.jetbrains.kotlin.cli.jvm.K2JVMCompiler.main([Ljava/lang/String;)V+4
v  ~StubRoutines::call_stub

---------------  P R O C E S S  ---------------

Threads class SMR info:
_java_thread_list=0x00000223ecfbfc80, length=15, elements={
0x00000223a0e6e9b0, 0x00000223c3c53b40, 0x00000223c3c55150, 0x00000223c3c6fb20,
0x00000223c3c709f0, 0x00000223c3c74a70, 0x00000223c3c7c0e0, 0x00000223c3c7da20,
0x00000223c3c7ec60, 0x00000223c3c80610, 0x00000223c3c3bb50, 0x00000223c48b7f10,
0x00000223ced85ff0, 0x00000223ece713e0, 0x00000223ed240b80
}

Java Threads: ( => current thread )
=>0x00000223a0e6e9b0 JavaThread "main" [_thread_in_vm, id=4516, stack(0x000000add3000000,0x000000add3100000)]
  0x00000223c3c53b40 JavaThread "Reference Handler" daemon [_thread_blocked, id=10708, stack(0x000000add3700000,0x000000add3800000)]
  0x00000223c3c55150 JavaThread "Finalizer" daemon [_thread_blocked, id=17748, stack(0x000000add3800000,0x000000add3900000)]
  0x00000223c3c6fb20 JavaThread "Signal Dispatcher" daemon [_thread_blocked, id=3748, stack(0x000000add3900000,0x000000add3a00000)]
  0x00000223c3c709f0 JavaThread "Attach Listener" daemon [_thread_blocked, id=15148, stack(0x000000add3a00000,0x000000add3b00000)]
  0x00000223c3c74a70 JavaThread "Service Thread" daemon [_thread_blocked, id=15092, stack(0x000000add3b00000,0x000000add3c00000)]
  0x00000223c3c7c0e0 JavaThread "Monitor Deflation Thread" daemon [_thread_blocked, id=10528, stack(0x000000add3c00000,0x000000add3d00000)]
  0x00000223c3c7da20 JavaThread "JVMCI-native CompilerThread0" daemon [_thread_blocked, id=10992, stack(0x000000add3d00000,0x000000add3e00000)]
  0x00000223c3c7ec60 JavaThread "C1 CompilerThread0" daemon [_thread_in_vm, id=14680, stack(0x000000add3e00000,0x000000add3f00000)]
  0x00000223c3c80610 JavaThread "Sweeper thread" daemon [_thread_blocked, id=13776, stack(0x000000add3f00000,0x000000add4000000)]
  0x00000223c3c3bb50 JavaThread "Common-Cleaner" daemon [_thread_blocked, id=15944, stack(0x000000add4000000,0x000000add4100000)]
  0x00000223c48b7f10 JavaThread "Notification Thread" daemon [_thread_blocked, id=19316, stack(0x000000add4100000,0x000000add4200000)]
  0x00000223ced85ff0 JavaThread "Libgraal MBean Registration" daemon [_thread_blocked, id=16068, stack(0x000000add4a00000,0x000000add4b00000)]
  0x00000223ece713e0 JavaThread "JVMCI-native CompilerThread1" daemon [_thread_blocked, id=2996, stack(0x000000add4300000,0x000000add4400000)]
  0x00000223ed240b80 JavaThread "JVMCI-native CompilerThread2" daemon [_thread_blocked, id=6460, stack(0x000000add4c00000,0x000000add4d00000)]

Other Threads:
  0x00000223c3c4a770 VMThread "VM Thread" [stack: 0x000000add3600000,0x000000add3700000] [id=12856]
  0x00000223c48ba3f0 WatcherThread [stack: 0x000000add4200000,0x000000add4300000] [id=10520]
  0x00000223a0eabb30 GCTaskThread "GC Thread#0" [stack: 0x000000add3100000,0x000000add3200000] [id=5012]
  0x00000223cebfc520 GCTaskThread "GC Thread#1" [stack: 0x000000add4400000,0x000000add4500000] [id=16040]
  0x00000223cebf5ca0 GCTaskThread "GC Thread#2" [stack: 0x000000add4500000,0x000000add4600000] [id=17308]
  0x00000223cec8dc40 GCTaskThread "GC Thread#3" [stack: 0x000000add4600000,0x000000add4700000] [id=18480]
  0x00000223cec92710 GCTaskThread "GC Thread#4" [stack: 0x000000add4700000,0x000000add4800000] [id=6304]
  0x00000223cec931d0 GCTaskThread "GC Thread#5" [stack: 0x000000add4800000,0x000000add4900000] [id=4568]
  0x00000223cf06f040 GCTaskThread "GC Thread#6" [stack: 0x000000add4900000,0x000000add4a00000] [id=6328]
  0x00000223cf04a820 GCTaskThread "GC Thread#7" [stack: 0x000000add4b00000,0x000000add4c00000] [id=18972]
  0x00000223a0eb6970 ConcurrentGCThread "G1 Main Marker" [stack: 0x000000add3200000,0x000000add3300000] [id=11612]
  0x00000223a0eb7b20 ConcurrentGCThread "G1 Conc#0" [stack: 0x000000add3300000,0x000000add3400000] [id=18888]
  0x00000223cf130f90 ConcurrentGCThread "G1 Conc#1" [stack: 0x000000add4d00000,0x000000add4e00000] [id=10020]
  0x00000223a0f48e00 ConcurrentGCThread "G1 Refine#0" [stack: 0x000000add3400000,0x000000add3500000] [id=3876]
  0x00000223a0f4ac30 ConcurrentGCThread "G1 Service" [stack: 0x000000add3500000,0x000000add3600000] [id=18596]

Threads with active compile tasks:
C1 CompilerThread0    34982 16279       3       org.jetbrains.kotlin.ir.visitors.IrElementVisitorVoid$DefaultImpls::visitEnumConstructorCall (20 bytes)

VM state: not at safepoint (normal execution)

VM Mutex/Monitor currently owned by a thread:  ([mutex/lock_event])
[0x00000223a0e66460] Metaspace_lock - owner thread: 0x00000223a0e6e9b0
[0x00000223a0e69290] MethodData_lock - owner thread: 0x00000223c3c7ec60

Heap address: 0x0000000761000000, size: 2544 MB, Compressed Oops mode: Zero based, Oop shift amount: 3

CDS archive(s) mapped at: [0x0000000800000000-0x0000000800bc0000-0x0000000800bc0000), size 12320768, SharedBaseAddress: 0x0000000800000000, ArchiveRelocationMode: 0.
Compressed class space mapped at: 0x0000000800c00000-0x0000000840c00000, reserved size: 1073741824
Narrow klass base: 0x0000000800000000, Narrow klass shift: 0, Narrow klass range: 0x100000000

GC Precious Log:
 CPUs: 8 total, 8 available
 Memory: 10170M
 Large Page Support: Disabled
 NUMA Support: Disabled
 Compressed Oops: Enabled (Zero based)
 Heap Region Size: 2M
 Heap Min Capacity: 8M
 Heap Initial Capacity: 160M
 Heap Max Capacity: 2544M
 Pre-touch: Disabled
 Parallel Workers: 8
 Concurrent Workers: 2
 Concurrent Refinement Workers: 8
 Periodic GC: Disabled

Heap:
 garbage-first heap   total 184320K, used 123831K [0x0000000761000000, 0x0000000800000000)
  region size 2048K, 16 young (32768K), 3 survivors (6144K)
 Metaspace       used 76234K, committed 76544K, reserved 1122304K
  class space    used 7866K, committed 8064K, reserved 1048576K

Heap Regions: E=young(eden), S=young(survivor), O=old, HS=humongous(starts), HC=humongous(continues), CS=collection set, F=free, OA=open archive, CA=closed archive, TAMS=top-at-mark-start (previous, next)
|   0|0x0000000761000000, 0x0000000761200000, 0x0000000761200000|100%|HS|  |TAMS 0x0000000761200000, 0x0000000761000000| Complete 
|   1|0x0000000761200000, 0x0000000761400000, 0x0000000761400000|100%|HC|  |TAMS 0x0000000761400000, 0x0000000761200000| Complete 
|   2|0x0000000761400000, 0x0000000761600000, 0x0000000761600000|100%|HS|  |TAMS 0x0000000761600000, 0x0000000761400000| Complete 
|   3|0x0000000761600000, 0x0000000761800000, 0x0000000761800000|100%|HS|  |TAMS 0x0000000761800000, 0x0000000761600000| Complete 
|   4|0x0000000761800000, 0x0000000761a00000, 0x0000000761a00000|100%|HC|  |TAMS 0x0000000761a00000, 0x0000000761800000| Complete 
|   5|0x0000000761a00000, 0x0000000761c00000, 0x0000000761c00000|100%| O|  |TAMS 0x0000000761c00000, 0x0000000761a00000| Untracked 
|   6|0x0000000761c00000, 0x0000000761e00000, 0x0000000761e00000|100%| O|  |TAMS 0x0000000761e00000, 0x0000000761c00000| Untracked 
|   7|0x0000000761e00000, 0x0000000762000000, 0x0000000762000000|100%| O|  |TAMS 0x0000000762000000, 0x0000000761e00000| Untracked 
|   8|0x0000000762000000, 0x0000000762200000, 0x0000000762200000|100%| O|  |TAMS 0x0000000762200000, 0x0000000762000000| Untracked 
|   9|0x0000000762200000, 0x0000000762400000, 0x0000000762400000|100%| O|  |TAMS 0x0000000762400000, 0x0000000762200000| Untracked 
|  10|0x0000000762400000, 0x0000000762600000, 0x0000000762600000|100%| O|  |TAMS 0x0000000762600000, 0x0000000762400000| Untracked 
|  11|0x0000000762600000, 0x0000000762800000, 0x0000000762800000|100%| O|  |TAMS 0x0000000762800000, 0x0000000762600000| Untracked 
|  12|0x0000000762800000, 0x0000000762a00000, 0x0000000762a00000|100%| O|  |TAMS 0x0000000762a00000, 0x0000000762800000| Untracked 
|  13|0x0000000762a00000, 0x0000000762c00000, 0x0000000762c00000|100%| O|  |TAMS 0x0000000762c00000, 0x0000000762a00000| Untracked 
|  14|0x0000000762c00000, 0x0000000762e00000, 0x0000000762e00000|100%| O|  |TAMS 0x0000000762e00000, 0x0000000762c00000| Untracked 
|  15|0x0000000762e00000, 0x0000000762e00000, 0x0000000763000000|  0%| F|  |TAMS 0x0000000762e00000, 0x0000000762e00000| Untracked 
|  16|0x0000000763000000, 0x0000000763200000, 0x0000000763200000|100%| O|  |TAMS 0x0000000763200000, 0x0000000763000000| Untracked 
|  17|0x0000000763200000, 0x0000000763400000, 0x0000000763400000|100%| O|  |TAMS 0x0000000763400000, 0x0000000763200000| Untracked 
|  18|0x0000000763400000, 0x0000000763600000, 0x0000000763600000|100%| O|  |TAMS 0x0000000763600000, 0x0000000763400000| Untracked 
|  19|0x0000000763600000, 0x0000000763800000, 0x0000000763800000|100%| O|  |TAMS 0x0000000763800000, 0x0000000763600000| Untracked 
|  20|0x0000000763800000, 0x0000000763a00000, 0x0000000763a00000|100%| O|  |TAMS 0x0000000763a00000, 0x0000000763800000| Untracked 
|  21|0x0000000763a00000, 0x0000000763c00000, 0x0000000763c00000|100%| O|  |TAMS 0x0000000763c00000, 0x0000000763a00000| Untracked 
|  22|0x0000000763c00000, 0x0000000763e00000, 0x0000000763e00000|100%| O|  |TAMS 0x0000000763e00000, 0x0000000763c00000| Untracked 
|  23|0x0000000763e00000, 0x0000000764000000, 0x0000000764000000|100%| O|  |TAMS 0x0000000764000000, 0x0000000763e00000| Untracked 
|  24|0x0000000764000000, 0x0000000764200000, 0x0000000764200000|100%| O|  |TAMS 0x0000000764200000, 0x0000000764000000| Untracked 
|  25|0x0000000764200000, 0x0000000764400000, 0x0000000764400000|100%| O|  |TAMS 0x0000000764400000, 0x0000000764200000| Complete 
|  26|0x0000000764400000, 0x0000000764600000, 0x0000000764600000|100%| O|  |TAMS 0x0000000764600000, 0x0000000764400000| Untracked 
|  27|0x0000000764600000, 0x0000000764800000, 0x0000000764800000|100%| O|  |TAMS 0x0000000764800000, 0x0000000764600000| Untracked 
|  28|0x0000000764800000, 0x0000000764a00000, 0x0000000764a00000|100%| O|  |TAMS 0x0000000764a00000, 0x0000000764800000| Untracked 
|  29|0x0000000764a00000, 0x0000000764c00000, 0x0000000764c00000|100%| O|  |TAMS 0x0000000764c00000, 0x0000000764a00000| Untracked 
|  30|0x0000000764c00000, 0x0000000764e00000, 0x0000000764e00000|100%| O|  |TAMS 0x0000000764e00000, 0x0000000764c00000| Untracked 
|  31|0x0000000764e00000, 0x0000000765000000, 0x0000000765000000|100%| O|  |TAMS 0x0000000765000000, 0x0000000764e00000| Untracked 
|  32|0x0000000765000000, 0x0000000765200000, 0x0000000765200000|100%| O|  |TAMS 0x0000000765200000, 0x0000000765000000| Untracked 
|  33|0x0000000765200000, 0x0000000765400000, 0x0000000765400000|100%| O|  |TAMS 0x0000000765400000, 0x0000000765200000| Untracked 
|  34|0x0000000765400000, 0x0000000765600000, 0x0000000765600000|100%|HS|  |TAMS 0x0000000765600000, 0x0000000765400000| Complete 
|  35|0x0000000765600000, 0x0000000765800000, 0x0000000765800000|100%| O|  |TAMS 0x0000000765800000, 0x0000000765600000| Untracked 
|  36|0x0000000765800000, 0x0000000765a00000, 0x0000000765a00000|100%| O|  |TAMS 0x0000000765a00000, 0x0000000765800000| Untracked 
|  37|0x0000000765a00000, 0x0000000765c00000, 0x0000000765c00000|100%| O|  |TAMS 0x0000000765c00000, 0x0000000765a00000| Untracked 
|  38|0x0000000765c00000, 0x0000000765e00000, 0x0000000765e00000|100%| O|  |TAMS 0x0000000765e00000, 0x0000000765c00000| Untracked 
|  39|0x0000000765e00000, 0x0000000766000000, 0x0000000766000000|100%| O|  |TAMS 0x0000000766000000, 0x0000000765e00000| Untracked 
|  40|0x0000000766000000, 0x0000000766200000, 0x0000000766200000|100%| O|  |TAMS 0x0000000766200000, 0x0000000766000000| Untracked 
|  41|0x0000000766200000, 0x0000000766400000, 0x0000000766400000|100%| O|  |TAMS 0x0000000766400000, 0x0000000766200000| Untracked 
|  42|0x0000000766400000, 0x0000000766600000, 0x0000000766600000|100%| O|  |TAMS 0x0000000766600000, 0x0000000766400000| Untracked 
|  43|0x0000000766600000, 0x0000000766800000, 0x0000000766800000|100%| O|  |TAMS 0x0000000766800000, 0x0000000766600000| Untracked 
|  44|0x0000000766800000, 0x0000000766a00000, 0x0000000766a00000|100%| O|  |TAMS 0x0000000766a00000, 0x0000000766800000| Untracked 
|  45|0x0000000766a00000, 0x0000000766c00000, 0x0000000766c00000|100%| O|  |TAMS 0x0000000766c00000, 0x0000000766a00000| Untracked 
|  46|0x0000000766c00000, 0x0000000766e00000, 0x0000000766e00000|100%| O|  |TAMS 0x0000000766e00000, 0x0000000766c00000| Untracked 
|  47|0x0000000766e00000, 0x0000000766e88600, 0x0000000767000000| 26%| O|  |TAMS 0x0000000766e88600, 0x0000000766e00000| Untracked 
|  48|0x0000000767000000, 0x0000000767000000, 0x0000000767200000|  0%| F|  |TAMS 0x0000000767000000, 0x0000000767000000| Untracked 
|  49|0x0000000767200000, 0x0000000767200000, 0x0000000767400000|  0%| F|  |TAMS 0x0000000767200000, 0x0000000767200000| Untracked 
|  50|0x0000000767400000, 0x0000000767400000, 0x0000000767600000|  0%| F|  |TAMS 0x0000000767400000, 0x0000000767400000| Untracked 
|  51|0x0000000767600000, 0x0000000767600000, 0x0000000767800000|  0%| F|  |TAMS 0x0000000767600000, 0x0000000767600000| Untracked 
|  52|0x0000000767800000, 0x0000000767800000, 0x0000000767a00000|  0%| F|  |TAMS 0x0000000767800000, 0x0000000767800000| Untracked 
|  53|0x0000000767a00000, 0x0000000767a00000, 0x0000000767c00000|  0%| F|  |TAMS 0x0000000767a00000, 0x0000000767a00000| Untracked 
|  54|0x0000000767c00000, 0x0000000767c00000, 0x0000000767e00000|  0%| F|  |TAMS 0x0000000767c00000, 0x0000000767c00000| Untracked 
|  55|0x0000000767e00000, 0x0000000767e00000, 0x0000000768000000|  0%| F|  |TAMS 0x0000000767e00000, 0x0000000767e00000| Untracked 
|  56|0x0000000768000000, 0x0000000768000000, 0x0000000768200000|  0%| F|  |TAMS 0x0000000768000000, 0x0000000768000000| Untracked 
|  57|0x0000000768200000, 0x0000000768200000, 0x0000000768400000|  0%| F|  |TAMS 0x0000000768200000, 0x0000000768200000| Untracked 
|  58|0x0000000768400000, 0x0000000768400000, 0x0000000768600000|  0%| F|  |TAMS 0x0000000768400000, 0x0000000768400000| Untracked 
|  59|0x0000000768600000, 0x0000000768665760, 0x0000000768800000| 19%| S|CS|TAMS 0x0000000768600000, 0x0000000768600000| Complete 
|  60|0x0000000768800000, 0x0000000768a00000, 0x0000000768a00000|100%| S|CS|TAMS 0x0000000768800000, 0x0000000768800000| Complete 
|  61|0x0000000768a00000, 0x0000000768c00000, 0x0000000768c00000|100%| S|CS|TAMS 0x0000000768a00000, 0x0000000768a00000| Complete 
|  62|0x0000000768c00000, 0x0000000768c00000, 0x0000000768e00000|  0%| F|  |TAMS 0x0000000768c00000, 0x0000000768c00000| Untracked 
|  63|0x0000000768e00000, 0x0000000768e00000, 0x0000000769000000|  0%| F|  |TAMS 0x0000000768e00000, 0x0000000768e00000| Untracked 
|  64|0x0000000769000000, 0x0000000769000000, 0x0000000769200000|  0%| F|  |TAMS 0x0000000769000000, 0x0000000769000000| Untracked 
|  65|0x0000000769200000, 0x0000000769200000, 0x0000000769400000|  0%| F|  |TAMS 0x0000000769200000, 0x0000000769200000| Untracked 
|  66|0x0000000769400000, 0x0000000769400000, 0x0000000769600000|  0%| F|  |TAMS 0x0000000769400000, 0x0000000769400000| Untracked 
|  67|0x0000000769600000, 0x0000000769600000, 0x0000000769800000|  0%| F|  |TAMS 0x0000000769600000, 0x0000000769600000| Untracked 
|  68|0x0000000769800000, 0x0000000769800000, 0x0000000769a00000|  0%| F|  |TAMS 0x0000000769800000, 0x0000000769800000| Untracked 
|  69|0x0000000769a00000, 0x0000000769a00000, 0x0000000769c00000|  0%| F|  |TAMS 0x0000000769a00000, 0x0000000769a00000| Untracked 
|  70|0x0000000769c00000, 0x0000000769c00000, 0x0000000769e00000|  0%| F|  |TAMS 0x0000000769c00000, 0x0000000769c00000| Untracked 
|  71|0x0000000769e00000, 0x0000000769e00000, 0x000000076a000000|  0%| F|  |TAMS 0x0000000769e00000, 0x0000000769e00000| Untracked 
|  72|0x000000076a000000, 0x000000076a000000, 0x000000076a200000|  0%| F|  |TAMS 0x000000076a000000, 0x000000076a000000| Untracked 
|  73|0x000000076a200000, 0x000000076a200000, 0x000000076a400000|  0%| F|  |TAMS 0x000000076a200000, 0x000000076a200000| Untracked 
|  74|0x000000076a400000, 0x000000076a400000, 0x000000076a600000|  0%| F|  |TAMS 0x000000076a400000, 0x000000076a400000| Untracked 
|  75|0x000000076a600000, 0x000000076a600000, 0x000000076a800000|  0%| F|  |TAMS 0x000000076a600000, 0x000000076a600000| Untracked 
|  76|0x000000076a800000, 0x000000076a800000, 0x000000076aa00000|  0%| F|  |TAMS 0x000000076a800000, 0x000000076a800000| Untracked 
|  77|0x000000076aa00000, 0x000000076ab83348, 0x000000076ac00000| 75%| E|  |TAMS 0x000000076aa00000, 0x000000076aa00000| Complete 
|  78|0x000000076ac00000, 0x000000076ae00000, 0x000000076ae00000|100%| E|CS|TAMS 0x000000076ac00000, 0x000000076ac00000| Complete 
|  79|0x000000076ae00000, 0x000000076b000000, 0x000000076b000000|100%| E|CS|TAMS 0x000000076ae00000, 0x000000076ae00000| Complete 
|  80|0x000000076b000000, 0x000000076b200000, 0x000000076b200000|100%| E|CS|TAMS 0x000000076b000000, 0x000000076b000000| Complete 
|  81|0x000000076b200000, 0x000000076b400000, 0x000000076b400000|100%| E|CS|TAMS 0x000000076b200000, 0x000000076b200000| Complete 
|  82|0x000000076b400000, 0x000000076b600000, 0x000000076b600000|100%| E|CS|TAMS 0x000000076b400000, 0x000000076b400000| Complete 
|  83|0x000000076b600000, 0x000000076b800000, 0x000000076b800000|100%| E|CS|TAMS 0x000000076b600000, 0x000000076b600000| Complete 
|  84|0x000000076b800000, 0x000000076ba00000, 0x000000076ba00000|100%| E|CS|TAMS 0x000000076b800000, 0x000000076b800000| Complete 
|  85|0x000000076ba00000, 0x000000076bc00000, 0x000000076bc00000|100%| E|CS|TAMS 0x000000076ba00000, 0x000000076ba00000| Complete 
|  86|0x000000076bc00000, 0x000000076be00000, 0x000000076be00000|100%| E|CS|TAMS 0x000000076bc00000, 0x000000076bc00000| Complete 
|  87|0x000000076be00000, 0x000000076c000000, 0x000000076c000000|100%| E|CS|TAMS 0x000000076be00000, 0x000000076be00000| Complete 
|  88|0x000000076c000000, 0x000000076c200000, 0x000000076c200000|100%| E|CS|TAMS 0x000000076c000000, 0x000000076c000000| Complete 
|  89|0x000000076c200000, 0x000000076c400000, 0x000000076c400000|100%| E|CS|TAMS 0x000000076c200000, 0x000000076c200000| Complete 

Card table byte_map: [0x00000223bb8b0000,0x00000223bbdb0000] _byte_map_base: 0x00000223b7da8000

Marking Bits (Prev, Next): (CMBitMap*) 0x00000223a0eac180, (CMBitMap*) 0x00000223a0eac140
 Prev Bits: [0x00000223bea70000, 0x00000223c1230000)
 Next Bits: [0x00000223bc2b0000, 0x00000223bea70000)

Polling page: 0x00000223a0f50000

Metaspace:

Usage:
  Non-class:     66.77 MB used.
      Class:      7.68 MB used.
       Both:     74.45 MB used.

Virtual space:
  Non-class space:       72.00 MB reserved,      66.88 MB ( 93%) committed,  9 nodes.
      Class space:        1.00 GB reserved,       7.88 MB ( <1%) committed,  1 nodes.
             Both:        1.07 GB reserved,      74.75 MB (  7%) committed. 

Chunk freelists:
   Non-Class:  432.00 KB
       Class:  176.00 KB
        Both:  608.00 KB

MaxMetaspaceSize: unlimited
CompressedClassSpaceSize: 1.00 GB
Initial GC threshold: 21.00 MB
Current GC threshold: 119.06 MB
CDS: on
MetaspaceReclaimPolicy: balanced
 - commit_granule_bytes: 65536.
 - commit_granule_words: 8192.
 - virtual_space_node_default_size: 1048576.
 - enlarge_chunks_in_place: 1.
 - new_chunks_are_fully_committed: 0.
 - uncommit_free_chunks: 1.
 - use_allocation_guard: 0.
 - handle_deallocations: 1.


Internal statistics:

num_allocs_failed_limit: 6.
num_arena_births: 368.
num_arena_deaths: 0.
num_vsnodes_births: 10.
num_vsnodes_deaths: 0.
num_space_committed: 1194.
num_space_uncommitted: 0.
num_chunks_returned_to_freelist: 6.
num_chunks_taken_from_freelist: 3020.
num_chunk_merges: 6.
num_chunk_splits: 2444.
num_chunks_enlarged: 2135.
num_purges: 0.
num_inconsistent_stats: 0.

CodeHeap 'non-profiled nmethods': size=120000Kb used=7367Kb max_used=7367Kb free=112632Kb
 bounds [0x00000223b3410000, 0x00000223b3b50000, 0x00000223ba940000]
CodeHeap 'profiled nmethods': size=120000Kb used=46371Kb max_used=46371Kb free=73628Kb
 bounds [0x00000223abee0000, 0x00000223aec30000, 0x00000223b3410000]
CodeHeap 'non-nmethods': size=5760Kb used=1382Kb max_used=1394Kb free=4377Kb
 bounds [0x00000223ab940000, 0x00000223abbb0000, 0x00000223abee0000]
 total_blobs=13504 nmethods=12814 adapters=596
 compilation: enabled
              stopped_count=0, restarted_count=0
 full_count=0

JVMCI Events (8 events):
Event: 0.039 Thread 0x00000223a0e6e9b0 created new JVMCI runtime 0 (0x00000223c3c3ac00)
Event: 0.039 Thread 0x00000223a0e6e9b0 created new JVMCI runtime -1 (0x00000223c3c3a380)
Event: 0.214 Thread 0x00000223c3c7da20 loaded JVMCI shared library from C:\Program Files\graalvm-ce-java17-windows-amd64-21.3.0\graalvm-ce-java17-21.3.0\bin\jvmcicompiler.dll
Event: 0.251 Thread 0x00000223c3c7da20 created JavaVM[1]@0x00000223c5808ac0 for JVMCI runtime 0
Event: 0.251 Thread 0x00000223c3c7da20 initializing JVMCI runtime 0
Event: 0.254 Thread 0x00000223c3c7da20 initialized JVMCI runtime 0
Event: 1.292 Thread 0x00000223c48c2eb0 initializing JVMCI runtime -1
Event: 1.305 Thread 0x00000223c48c2eb0 initialized JVMCI runtime -1

Compilation events (20 events):
Event: 34.916 Thread 0x00000223c3c7ec60 16269       3       org.jetbrains.kotlin.backend.common.BodyLoweringVisitor::visitValueParameter (8 bytes)
Event: 34.918 Thread 0x00000223c3c7ec60 nmethod 16269 0x00000223aec1f310 code [0x00000223aec1f5c0, 0x00000223aec20848]
Event: 34.918 Thread 0x00000223c3c7ec60 16270       3       org.jetbrains.kotlin.backend.common.BodyLoweringVisitor::visitBody (13 bytes)
Event: 34.918 Thread 0x00000223c3c7ec60 nmethod 16270 0x00000223aec20d10 code [0x00000223aec20ec0, 0x00000223aec21288]
Event: 34.918 Thread 0x00000223c3c7ec60 16271       3       org.jetbrains.kotlin.ir.declarations.IrField::transformChildren (30 bytes)
Event: 34.919 Thread 0x00000223c3c7ec60 nmethod 16271 0x00000223aec21390 code [0x00000223aec21700, 0x00000223aec23a68]
Event: 34.920 Thread 0x00000223c3c7ec60 16272       3       org.jetbrains.kotlin.ir.declarations.impl.IrFieldImpl::getFactory (7 bytes)
Event: 34.920 Thread 0x00000223c3c7ec60 nmethod 16272 0x00000223aec24110 code [0x00000223aec242a0, 0x00000223aec243b8]
Event: 34.920 Thread 0x00000223c3c7ec60 16273       3       org.jetbrains.kotlin.ir.visitors.IrElementVisitor$DefaultImpls::visitExpressionBody (24 bytes)
Event: 34.921 Thread 0x00000223c3c7ec60 nmethod 16273 0x00000223aec24490 code [0x00000223aec24720, 0x00000223aec25648]
Event: 34.935 Thread 0x00000223c3c7ec60 16274       3       org.jetbrains.kotlin.backend.common.BodyLoweringVisitor::visitDeclaration (13 bytes)
Event: 34.936 Thread 0x00000223c3c7ec60 nmethod 16274 0x00000223aec25a10 code [0x00000223aec25c40, 0x00000223aec26a48]
Event: 34.936 Thread 0x00000223c3c7ec60 16275       3       org.jetbrains.kotlin.backend.common.BodyLoweringVisitor::visitValueParameter (13 bytes)
Event: 34.936 Thread 0x00000223c3c7ec60 nmethod 16275 0x00000223aec26d10 code [0x00000223aec26f60, 0x00000223aec27e48]
Event: 34.936 Thread 0x00000223c3c7ec60 16276       3       org.jetbrains.kotlin.backend.common.BodyLoweringVisitor::visitValueParameter (8 bytes)
Event: 34.937 Thread 0x00000223c3c7ec60 nmethod 16276 0x00000223aec28190 code [0x00000223aec283c0, 0x00000223aec28e08]
Event: 34.942 Thread 0x00000223c3c7ec60 16277       3       org.jetbrains.kotlin.backend.common.BodyLoweringVisitor::visitFunction (13 bytes)
Event: 34.943 Thread 0x00000223c3c7ec60 nmethod 16277 0x00000223aec29090 code [0x00000223aec292e0, 0x00000223aec2a1c8]
Event: 34.943 Thread 0x00000223c3c7ec60 16280       3       org.jetbrains.kotlin.backend.common.BodyLoweringVisitor::visitSimpleFunction (13 bytes)
Event: 34.944 Thread 0x00000223c3c7ec60 nmethod 16280 0x00000223aec2a510 code [0x00000223aec2a760, 0x00000223aec2b648]

GC Heap History (20 events):
Event: 20.660 GC heap before
{Heap before GC invocations=20 (full 0):
 garbage-first heap   total 116736K, used 81743K [0x0000000761000000, 0x0000000800000000)
  region size 2048K, 9 young (18432K), 2 survivors (4096K)
 Metaspace       used 62540K, committed 62912K, reserved 1105920K
  class space    used 6721K, committed 6912K, reserved 1048576K
}
Event: 20.676 GC heap after
{Heap after GC invocations=21 (full 0):
 garbage-first heap   total 141312K, used 71344K [0x0000000761000000, 0x0000000800000000)
  region size 2048K, 1 young (2048K), 1 survivors (2048K)
 Metaspace       used 62540K, committed 62912K, reserved 1105920K
  class space    used 6721K, committed 6912K, reserved 1048576K
}
Event: 23.454 GC heap before
{Heap before GC invocations=22 (full 0):
 garbage-first heap   total 141312K, used 114352K [0x0000000761000000, 0x0000000800000000)
  region size 2048K, 21 young (43008K), 1 survivors (2048K)
 Metaspace       used 62998K, committed 63360K, reserved 1105920K
  class space    used 6726K, committed 6912K, reserved 1048576K
}
Event: 23.467 GC heap after
{Heap after GC invocations=23 (full 0):
 garbage-first heap   total 141312K, used 76841K [0x0000000761000000, 0x0000000800000000)
  region size 2048K, 3 young (6144K), 3 survivors (6144K)
 Metaspace       used 62998K, committed 63360K, reserved 1105920K
  class space    used 6726K, committed 6912K, reserved 1048576K
}
Event: 25.297 GC heap before
{Heap before GC invocations=23 (full 0):
 garbage-first heap   total 141312K, used 113705K [0x0000000761000000, 0x0000000800000000)
  region size 2048K, 21 young (43008K), 3 survivors (6144K)
 Metaspace       used 63364K, committed 63680K, reserved 1114112K
  class space    used 6732K, committed 6912K, reserved 1048576K
}
Event: 25.316 GC heap after
{Heap after GC invocations=24 (full 0):
 garbage-first heap   total 141312K, used 81597K [0x0000000761000000, 0x0000000800000000)
  region size 2048K, 3 young (6144K), 3 survivors (6144K)
 Metaspace       used 63364K, committed 63680K, reserved 1114112K
  class space    used 6732K, committed 6912K, reserved 1048576K
}
Event: 26.917 GC heap before
{Heap before GC invocations=25 (full 0):
 garbage-first heap   total 143360K, used 112317K [0x0000000761000000, 0x0000000800000000)
  region size 2048K, 18 young (36864K), 3 survivors (6144K)
 Metaspace       used 63595K, committed 63936K, reserved 1114112K
  class space    used 6734K, committed 6912K, reserved 1048576K
}
Event: 26.931 GC heap after
{Heap after GC invocations=26 (full 0):
 garbage-first heap   total 143360K, used 85083K [0x0000000761000000, 0x0000000800000000)
  region size 2048K, 2 young (4096K), 2 survivors (4096K)
 Metaspace       used 63595K, committed 63936K, reserved 1114112K
  class space    used 6734K, committed 6912K, reserved 1048576K
}
Event: 29.060 GC heap before
{Heap before GC invocations=26 (full 0):
 garbage-first heap   total 143360K, used 117851K [0x0000000761000000, 0x0000000800000000)
  region size 2048K, 18 young (36864K), 2 survivors (4096K)
 Metaspace       used 64115K, committed 64448K, reserved 1114112K
  class space    used 6764K, committed 6912K, reserved 1048576K
}
Event: 29.074 GC heap after
{Heap after GC invocations=27 (full 0):
 garbage-first heap   total 143360K, used 88399K [0x0000000761000000, 0x0000000800000000)
  region size 2048K, 3 young (6144K), 3 survivors (6144K)
 Metaspace       used 64115K, committed 64448K, reserved 1114112K
  class space    used 6764K, committed 6912K, reserved 1048576K
}
Event: 30.164 GC heap before
{Heap before GC invocations=28 (full 0):
 garbage-first heap   total 157696K, used 115023K [0x0000000761000000, 0x0000000800000000)
  region size 2048K, 16 young (32768K), 3 survivors (6144K)
 Metaspace       used 64819K, committed 65152K, reserved 1114112K
  class space    used 6813K, committed 6976K, reserved 1048576K
}
Event: 30.178 GC heap after
{Heap after GC invocations=29 (full 0):
 garbage-first heap   total 157696K, used 90880K [0x0000000761000000, 0x0000000800000000)
  region size 2048K, 2 young (4096K), 2 survivors (4096K)
 Metaspace       used 64819K, committed 65152K, reserved 1114112K
  class space    used 6813K, committed 6976K, reserved 1048576K
}
Event: 31.206 GC heap before
{Heap before GC invocations=29 (full 0):
 garbage-first heap   total 157696K, used 125696K [0x0000000761000000, 0x0000000800000000)
  region size 2048K, 19 young (38912K), 2 survivors (4096K)
 Metaspace       used 67321K, committed 67648K, reserved 1114112K
  class space    used 7048K, committed 7232K, reserved 1048576K
}
Event: 31.215 GC heap after
{Heap after GC invocations=30 (full 0):
 garbage-first heap   total 157696K, used 92942K [0x0000000761000000, 0x0000000800000000)
  region size 2048K, 3 young (6144K), 3 survivors (6144K)
 Metaspace       used 67321K, committed 67648K, reserved 1114112K
  class space    used 7048K, committed 7232K, reserved 1048576K
}
Event: 32.618 GC heap before
{Heap before GC invocations=31 (full 0):
 garbage-first heap   total 172032K, used 125710K [0x0000000761000000, 0x0000000800000000)
  region size 2048K, 19 young (38912K), 3 survivors (6144K)
 Metaspace       used 72006K, committed 72320K, reserved 1114112K
  class space    used 7459K, committed 7616K, reserved 1048576K
}
Event: 32.629 GC heap after
{Heap after GC invocations=32 (full 0):
 garbage-first heap   total 172032K, used 95520K [0x0000000761000000, 0x0000000800000000)
  region size 2048K, 3 young (6144K), 3 survivors (6144K)
 Metaspace       used 72006K, committed 72320K, reserved 1114112K
  class space    used 7459K, committed 7616K, reserved 1048576K
}
Event: 32.676 GC heap before
{Heap before GC invocations=32 (full 0):
 garbage-first heap   total 172032K, used 97568K [0x0000000761000000, 0x0000000800000000)
  region size 2048K, 4 young (8192K), 3 survivors (6144K)
 Metaspace       used 72006K, committed 72320K, reserved 1114112K
  class space    used 7459K, committed 7616K, reserved 1048576K
}
Event: 32.685 GC heap after
{Heap after GC invocations=33 (full 0):
 garbage-first heap   total 172032K, used 95418K [0x0000000761000000, 0x0000000800000000)
  region size 2048K, 1 young (2048K), 1 survivors (2048K)
 Metaspace       used 72006K, committed 72320K, reserved 1114112K
  class space    used 7459K, committed 7616K, reserved 1048576K
}
Event: 34.046 GC heap before
{Heap before GC invocations=33 (full 0):
 garbage-first heap   total 172032K, used 138426K [0x0000000761000000, 0x0000000800000000)
  region size 2048K, 22 young (45056K), 1 survivors (2048K)
 Metaspace       used 72411K, committed 72704K, reserved 1122304K
  class space    used 7466K, committed 7616K, reserved 1048576K
}
Event: 34.057 GC heap after
{Heap after GC invocations=34 (full 0):
 garbage-first heap   total 172032K, used 99255K [0x0000000761000000, 0x0000000800000000)
  region size 2048K, 3 young (6144K), 3 survivors (6144K)
 Metaspace       used 72411K, committed 72704K, reserved 1122304K
  class space    used 7466K, committed 7616K, reserved 1048576K
}

Deoptimization events (20 events):
Event: 34.792 Thread 0x00000223a0e6e9b0 Uncommon trap: trap_request=0xffffffcd fr.pc=0x00000223b386541c relative=0x000000000000065c
Event: 34.792 Thread 0x00000223a0e6e9b0 Uncommon trap: reason=intrinsic_or_type_checked_inlining action=reinterpret pc=0x00000223b386541c method=org.jetbrains.kotlin.descriptors.impl.FunctionDescriptorImpl.setOverriddenDescriptors(Ljava/util/Collection;)V @ 39 jvmci
Event: 34.792 Thread 0x00000223a0e6e9b0 DEOPT PACKING pc=0x00000223b386541c sp=0x000000add30fcec0
Event: 34.792 Thread 0x00000223a0e6e9b0 DEOPT UNPACKING pc=0x00000223ab992945 sp=0x000000add30fc360 mode 3
Event: 34.880 Thread 0x00000223a0e6e9b0 Uncommon trap: trap_request=0xffffffcd fr.pc=0x00000223b3917ca4 relative=0x00000000000001c4
Event: 34.880 Thread 0x00000223a0e6e9b0 Uncommon trap: reason=intrinsic_or_type_checked_inlining action=reinterpret pc=0x00000223b3917ca4 method=kotlin.collections.CollectionsKt___CollectionsKt.firstOrNull(Ljava/lang/Iterable;)Ljava/lang/Object; @ 46 jvmci
Event: 34.880 Thread 0x00000223a0e6e9b0 DEOPT PACKING pc=0x00000223b3917ca4 sp=0x000000add30fc4d0
Event: 34.880 Thread 0x00000223a0e6e9b0 DEOPT UNPACKING pc=0x00000223ab992945 sp=0x000000add30fb960 mode 3
Event: 34.881 Thread 0x00000223a0e6e9b0 Uncommon trap: trap_request=0xffffffcd fr.pc=0x00000223b3a7ca14 relative=0x0000000000000294
Event: 34.881 Thread 0x00000223a0e6e9b0 Uncommon trap: reason=intrinsic_or_type_checked_inlining action=reinterpret pc=0x00000223b3a7ca14 method=org.jetbrains.kotlin.ir.util.TypeTranslator.approximateByKotlinRules(Lorg/jetbrains/kotlin/types/KotlinType;)Lorg/jetbrains/kotlin/types/KotlinType; @
Event: 34.881 Thread 0x00000223a0e6e9b0 DEOPT PACKING pc=0x00000223b3a7ca14 sp=0x000000add30fc870
Event: 34.881 Thread 0x00000223a0e6e9b0 DEOPT UNPACKING pc=0x00000223ab992945 sp=0x000000add30fbca0 mode 3
Event: 34.881 Thread 0x00000223a0e6e9b0 Uncommon trap: trap_request=0xffffffcd fr.pc=0x00000223b3ab35e4 relative=0x00000000000005c4
Event: 34.881 Thread 0x00000223a0e6e9b0 Uncommon trap: reason=intrinsic_or_type_checked_inlining action=reinterpret pc=0x00000223b3ab35e4 method=org.jetbrains.kotlin.ir.util.SymbolTable.referenceClass(Lorg/jetbrains/kotlin/descriptors/ClassDescriptor;)Lorg/jetbrains/kotlin/ir/symbols/IrClassSym
Event: 34.881 Thread 0x00000223a0e6e9b0 DEOPT PACKING pc=0x00000223b3ab35e4 sp=0x000000add30fc7a0
Event: 34.881 Thread 0x00000223a0e6e9b0 DEOPT UNPACKING pc=0x00000223ab992945 sp=0x000000add30fbc10 mode 3
Event: 34.881 Thread 0x00000223a0e6e9b0 Uncommon trap: trap_request=0xffffffcd fr.pc=0x00000223b388cf41 relative=0x0000000000000761
Event: 34.881 Thread 0x00000223a0e6e9b0 Uncommon trap: reason=intrinsic_or_type_checked_inlining action=reinterpret pc=0x00000223b388cf41 method=org.jetbrains.kotlin.backend.common.serialization.signature.IdSignatureDescriptor$DescriptorBasedSignatureBuilder.collectParents(Lorg/jetbrains/kotlin
Event: 34.881 Thread 0x00000223a0e6e9b0 DEOPT PACKING pc=0x00000223b388cf41 sp=0x000000add30fc450
Event: 34.881 Thread 0x00000223a0e6e9b0 DEOPT UNPACKING pc=0x00000223ab992945 sp=0x000000add30fb898 mode 3

Classes unloaded (0 events):
No events

Classes redefined (0 events):
No events

Internal exceptions (20 events):
Event: 15.363 Thread 0x00000223a0e6e9b0 Implicit null exception at 0x00000223b35244b3 to 0x00000223b3525713
Event: 15.363 Thread 0x00000223a0e6e9b0 Implicit null exception at 0x00000223b35244b3 to 0x00000223b3525713
Event: 15.363 Thread 0x00000223a0e6e9b0 Implicit null exception at 0x00000223b35244b3 to 0x00000223b3525713
Event: 15.363 Thread 0x00000223a0e6e9b0 Implicit null exception at 0x00000223b35244b3 to 0x00000223b3525713
Event: 15.363 Thread 0x00000223a0e6e9b0 Implicit null exception at 0x00000223b35244b3 to 0x00000223b3525713
Event: 15.363 Thread 0x00000223a0e6e9b0 Implicit null exception at 0x00000223b35244b3 to 0x00000223b3525713
Event: 15.363 Thread 0x00000223a0e6e9b0 Implicit null exception at 0x00000223b35244b3 to 0x00000223b3525713
Event: 15.363 Thread 0x00000223a0e6e9b0 Implicit null exception at 0x00000223b35244b3 to 0x00000223b3525713
Event: 15.363 Thread 0x00000223a0e6e9b0 Implicit null exception at 0x00000223b35244b3 to 0x00000223b3525713
Event: 15.363 Thread 0x00000223a0e6e9b0 Implicit null exception at 0x00000223b35244b3 to 0x00000223b3525713
Event: 15.363 Thread 0x00000223a0e6e9b0 Implicit null exception at 0x00000223b3595728 to 0x00000223b3595ead
Event: 20.429 Thread 0x00000223a0e6e9b0 Implicit null exception at 0x00000223b350a07d to 0x00000223b350a0fe
Event: 23.210 Thread 0x00000223a0e6e9b0 Implicit null exception at 0x00000223b3849b4f to 0x00000223b3849dca
Event: 23.210 Thread 0x00000223a0e6e9b0 Implicit null exception at 0x00000223b386cca1 to 0x00000223b386ce59
Event: 24.054 Thread 0x00000223a0e6e9b0 Implicit null exception at 0x00000223b36da053 to 0x00000223b36da66c
Event: 29.822 Thread 0x00000223a0e6e9b0 Implicit null exception at 0x00000223b3680d7c to 0x00000223b368129d
Event: 30.614 Thread 0x00000223a0e6e9b0 Implicit null exception at 0x00000223b380c24d to 0x00000223b380d07c
Event: 30.974 Thread 0x00000223a0e6e9b0 Exception <a 'java/lang/NoSuchMethodError'{0x0000000768a2c020}: 'java.lang.Object java.lang.invoke.DirectMethodHandle$Holder.invokeStaticInit(java.lang.Object, java.lang.Object, java.lang.Object, java.lang.Object)'> (0x0000000768a2c020) 
thrown [c:\users\buildbot\worker\e\main\jdk\src\hotspot\share\interpreter\linkResolver.cpp, line 766]
Event: 31.426 Thread 0x00000223a0e6e9b0 Exception <a 'java/lang/NoSuchMethodError'{0x000000076b70b620}: 'int java.lang.invoke.DirectMethodHandle$Holder.invokeStaticInit(java.lang.Object, java.lang.Object, java.lang.Object, java.lang.Object)'> (0x000000076b70b620) 
thrown [c:\users\buildbot\worker\e\main\jdk\src\hotspot\share\interpreter\linkResolver.cpp, line 766]
Event: 32.231 Thread 0x00000223a0e6e9b0 Implicit null exception at 0x00000223b3a0e8b6 to 0x00000223b3a0f113

VM Operations (20 events):
Event: 34.556 Executing VM operation: HandshakeAllThreads
Event: 34.556 Executing VM operation: HandshakeAllThreads done
Event: 34.674 Executing VM operation: ICBufferFull
Event: 34.674 Executing VM operation: ICBufferFull done
Event: 34.686 Executing VM operation: HandshakeAllThreads
Event: 34.686 Executing VM operation: HandshakeAllThreads done
Event: 34.715 Executing VM operation: HandshakeAllThreads
Event: 34.715 Executing VM operation: HandshakeAllThreads done
Event: 34.726 Executing VM operation: HandshakeAllThreads
Event: 34.726 Executing VM operation: HandshakeAllThreads done
Event: 34.730 Executing VM operation: HandshakeAllThreads
Event: 34.730 Executing VM operation: HandshakeAllThreads done
Event: 34.741 Executing VM operation: HandshakeAllThreads
Event: 34.741 Executing VM operation: HandshakeAllThreads done
Event: 34.754 Executing VM operation: HandshakeAllThreads
Event: 34.754 Executing VM operation: HandshakeAllThreads done
Event: 34.758 Executing VM operation: HandshakeAllThreads
Event: 34.758 Executing VM operation: HandshakeAllThreads done
Event: 34.926 Executing VM operation: HandshakeAllThreads
Event: 34.926 Executing VM operation: HandshakeAllThreads done

Events (20 events):
Event: 32.335 Thread 0x00000223c3c80610 flushing nmethod 0x00000223adb75090
Event: 32.335 Thread 0x00000223c3c80610 flushing nmethod 0x00000223adc0d290
Event: 32.335 Thread 0x00000223c3c80610 flushing nmethod 0x00000223adc10c90
Event: 32.337 Thread 0x00000223c3c80610 flushing nmethod 0x00000223add90210
Event: 32.339 Thread 0x00000223c3c80610 flushing nmethod 0x00000223ae029190
Event: 32.339 Thread 0x00000223c3c80610 flushing nmethod 0x00000223ae02ae10
Event: 32.339 Thread 0x00000223c3c80610 flushing nmethod 0x00000223ae089990
Event: 32.341 Thread 0x00000223c3c80610 flushing nmethod 0x00000223ae269d90
Event: 32.341 Thread 0x00000223c3c80610 flushing nmethod 0x00000223ae302d10
Event: 32.343 Thread 0x00000223c3c80610 flushing nmethod 0x00000223ae591010
Event: 32.344 Thread 0x00000223c3c80610 flushing nmethod 0x00000223ae6c2710
Event: 32.344 Thread 0x00000223c3c80610 flushing nmethod 0x00000223ae6db410
Event: 32.344 Thread 0x00000223c3c80610 flushing nmethod 0x00000223ae700b90
Event: 32.345 Thread 0x00000223c3c80610 flushing nmethod 0x00000223ae710510
Event: 32.345 Thread 0x00000223c3c80610 flushing nmethod 0x00000223ae7be510
Event: 32.597 Thread 0x00000223ed240b80 Thread added: 0x00000223ed240b80
Event: 33.910 Thread 0x00000223c3c80610 flushing nmethod 0x00000223b3a32110
Event: 33.956 Thread 0x00000223c3c80610 flushing nmethod 0x00000223ae679c10
Event: 34.078 loading class java/util/regex/Pattern$1
Event: 34.078 loading class java/util/regex/Pattern$1 done


Dynamic libraries:
0x00007ff709890000 - 0x00007ff70989e000 	C:\Program Files\graalvm-ce-java17-windows-amd64-21.3.0\graalvm-ce-java17-21.3.0\bin\java.exe
0x00007ff8b2250000 - 0x00007ff8b2445000 	C:\WINDOWS\SYSTEM32\ntdll.dll
0x00007ff8b0fb0000 - 0x00007ff8b106e000 	C:\WINDOWS\System32\KERNEL32.DLL
0x00007ff8af9b0000 - 0x00007ff8afc78000 	C:\WINDOWS\System32\KERNELBASE.dll
0x00007ff8afde0000 - 0x00007ff8afee0000 	C:\WINDOWS\System32\ucrtbase.dll
0x00007ff8a1550000 - 0x00007ff8a1568000 	C:\Program Files\graalvm-ce-java17-windows-amd64-21.3.0\graalvm-ce-java17-21.3.0\bin\jli.dll
0x00007ff8a1360000 - 0x00007ff8a137a000 	C:\Program Files\graalvm-ce-java17-windows-amd64-21.3.0\graalvm-ce-java17-21.3.0\bin\VCRUNTIME140.dll
0x00007ff8b1de0000 - 0x00007ff8b1f81000 	C:\WINDOWS\System32\USER32.dll
0x00007ff89c9d0000 - 0x00007ff89cc6a000 	C:\WINDOWS\WinSxS\amd64_microsoft.windows.common-controls_6595b64144ccf1df_6.0.19041.1110_none_60b5254171f9507e\COMCTL32.dll
0x00007ff8aff40000 - 0x00007ff8aff62000 	C:\WINDOWS\System32\win32u.dll
0x00007ff8b0bf0000 - 0x00007ff8b0c8e000 	C:\WINDOWS\System32\msvcrt.dll
0x00007ff8b0470000 - 0x00007ff8b049b000 	C:\WINDOWS\System32\GDI32.dll
0x00007ff8b0040000 - 0x00007ff8b014d000 	C:\WINDOWS\System32\gdi32full.dll
0x00007ff8aff70000 - 0x00007ff8b000d000 	C:\WINDOWS\System32\msvcp_win.dll
0x00007ff8b0d00000 - 0x00007ff8b0d30000 	C:\WINDOWS\System32\IMM32.DLL
0x00007ff8ac860000 - 0x00007ff8ac86c000 	C:\Program Files\graalvm-ce-java17-windows-amd64-21.3.0\graalvm-ce-java17-21.3.0\bin\vcruntime140_1.dll
0x00007ff8824b0000 - 0x00007ff88253d000 	C:\Program Files\graalvm-ce-java17-windows-amd64-21.3.0\graalvm-ce-java17-21.3.0\bin\msvcp140.dll
0x00007ff8467c0000 - 0x00007ff847382000 	C:\Program Files\graalvm-ce-java17-windows-amd64-21.3.0\graalvm-ce-java17-21.3.0\bin\server\jvm.dll
0x00007ff8b0290000 - 0x00007ff8b033c000 	C:\WINDOWS\System32\ADVAPI32.dll
0x00007ff8b03d0000 - 0x00007ff8b046b000 	C:\WINDOWS\System32\sechost.dll
0x00007ff8b0500000 - 0x00007ff8b062a000 	C:\WINDOWS\System32\RPCRT4.dll
0x00007ff8b1070000 - 0x00007ff8b1078000 	C:\WINDOWS\System32\PSAPI.DLL
0x00007ff8a61b0000 - 0x00007ff8a61ba000 	C:\WINDOWS\SYSTEM32\VERSION.dll
0x00007ff89fc10000 - 0x00007ff89fc19000 	C:\WINDOWS\SYSTEM32\WSOCK32.dll
0x00007ff8a6180000 - 0x00007ff8a61a7000 	C:\WINDOWS\SYSTEM32\WINMM.dll
0x00007ff8b0b80000 - 0x00007ff8b0beb000 	C:\WINDOWS\System32\WS2_32.dll
0x00007ff8ae1e0000 - 0x00007ff8ae1f2000 	C:\WINDOWS\SYSTEM32\kernel.appcore.dll
0x00007ff8ab050000 - 0x00007ff8ab05a000 	C:\Program Files\graalvm-ce-java17-windows-amd64-21.3.0\graalvm-ce-java17-21.3.0\bin\jimage.dll
0x00007ff8a3860000 - 0x00007ff8a3a44000 	C:\WINDOWS\SYSTEM32\DBGHELP.DLL
0x00007ff8a40d0000 - 0x00007ff8a40fc000 	C:\WINDOWS\SYSTEM32\dbgcore.DLL
0x00007ff8b0150000 - 0x00007ff8b01d2000 	C:\WINDOWS\System32\bcryptPrimitives.dll
0x00007ff89c070000 - 0x00007ff89c095000 	C:\Program Files\graalvm-ce-java17-windows-amd64-21.3.0\graalvm-ce-java17-21.3.0\bin\java.dll
0x00007ff880650000 - 0x00007ff880726000 	C:\Program Files\graalvm-ce-java17-windows-amd64-21.3.0\graalvm-ce-java17-21.3.0\bin\svml.dll
0x00007ff8b10e0000 - 0x00007ff8b1824000 	C:\WINDOWS\System32\SHELL32.dll
0x00007ff8ad6f0000 - 0x00007ff8ade84000 	C:\WINDOWS\SYSTEM32\windows.storage.dll
0x00007ff8b07c0000 - 0x00007ff8b0b15000 	C:\WINDOWS\System32\combase.dll
0x00007ff8af340000 - 0x00007ff8af36e000 	C:\WINDOWS\SYSTEM32\Wldp.dll
0x00007ff8b0710000 - 0x00007ff8b07bd000 	C:\WINDOWS\System32\SHCORE.dll
0x00007ff8b1080000 - 0x00007ff8b10d5000 	C:\WINDOWS\System32\shlwapi.dll
0x00007ff8af8a0000 - 0x00007ff8af8bf000 	C:\WINDOWS\SYSTEM32\profapi.dll
0x00007ff8408d0000 - 0x00007ff842b53000 	C:\Program Files\graalvm-ce-java17-windows-amd64-21.3.0\graalvm-ce-java17-21.3.0\bin\jvmcicompiler.dll
0x00007ff8aed30000 - 0x00007ff8aed6b000 	C:\WINDOWS\SYSTEM32\IPHLPAPI.DLL
0x00007ff8af3b0000 - 0x00007ff8af3d7000 	C:\WINDOWS\SYSTEM32\ncrypt.dll
0x00007ff8af860000 - 0x00007ff8af88e000 	C:\WINDOWS\SYSTEM32\USERENV.dll
0x00007ff8af370000 - 0x00007ff8af3ab000 	C:\WINDOWS\SYSTEM32\NTASN1.dll
0x00007ff8a1040000 - 0x00007ff8a1059000 	C:\Program Files\graalvm-ce-java17-windows-amd64-21.3.0\graalvm-ce-java17-21.3.0\bin\net.dll
0x00007ff8a7430000 - 0x00007ff8a753c000 	C:\WINDOWS\SYSTEM32\WINHTTP.dll
0x00007ff8af040000 - 0x00007ff8af0aa000 	C:\WINDOWS\system32\mswsock.dll
0x00007ff89c800000 - 0x00007ff89c815000 	C:\Program Files\graalvm-ce-java17-windows-amd64-21.3.0\graalvm-ce-java17-21.3.0\bin\nio.dll
0x00007ff89c640000 - 0x00007ff89c658000 	C:\Program Files\graalvm-ce-java17-windows-amd64-21.3.0\graalvm-ce-java17-21.3.0\bin\zip.dll
0x00007ff8a1540000 - 0x00007ff8a1550000 	C:\Program Files\graalvm-ce-java17-windows-amd64-21.3.0\graalvm-ce-java17-21.3.0\bin\verify.dll

dbghelp: loaded successfully - version: 4.0.5 - missing functions: none
symbol engine: initialized successfully - sym options: 0x614 - pdb path: .;C:\Program Files\graalvm-ce-java17-windows-amd64-21.3.0\graalvm-ce-java17-21.3.0\bin;C:\WINDOWS\SYSTEM32;C:\WINDOWS\WinSxS\amd64_microsoft.windows.common-controls_6595b64144ccf1df_6.0.19041.1110_none_60b5254171f9507e;C:\Program Files\graalvm-ce-java17-windows-amd64-21.3.0\graalvm-ce-java17-21.3.0\bin\server

VM Arguments:
jvm_args: -XX:ThreadPriorityPolicy=1 -XX:+UnlockExperimentalVMOptions -XX:+EnableJVMCIProduct -XX:-UnlockExperimentalVMOptions 
java_command: org.jetbrains.kotlin.cli.jvm.K2JVMCompiler @C:\Users\jonat\AndroidStudioProjects\Vendual\app\build\20220102_10908382809625697136.compiler.options
java_class_path (initial): C:\Users\jonat\.gradle\caches\modules-2\files-2.1\org.jetbrains.kotlin\kotlin-compiler-embeddable\1.6.10\88f2073f4020cdb83132cfe940ceb9a60aba54ea\kotlin-compiler-embeddable-1.6.10.jar;C:\Users\jonat\.gradle\caches\modules-2\files-2.1\org.jetbrains.kotlin\kotlin-reflect\1.6.10\1cbe9c92c12a94eea200d23c2bbaedaf3daf5132\kotlin-reflect-1.6.10.jar;C:\Users\jonat\.gradle\caches\modules-2\files-2.1\org.jetbrains.kotlin\kotlin-stdlib\1.6.10\b8af3fe6f1ca88526914929add63cf5e7c5049af\kotlin-stdlib-1.6.10.jar;C:\Users\jonat\.gradle\caches\modules-2\files-2.1\org.jetbrains.kotlin\kotlin-script-runtime\1.6.10\d0a7ff2e2500ef497ed0214ae40ad3c8387a6164\kotlin-script-runtime-1.6.10.jar;C:\Users\jonat\.gradle\caches\modules-2\files-2.1\org.jetbrains.kotlin\kotlin-daemon-embeddable\1.6.10\a56d79bcbea411fa6058e4ecffc2de73e742bd2a\kotlin-daemon-embeddable-1.6.10.jar;C:\Users\jonat\.gradle\caches\modules-2\files-2.1\org.jetbrains.intellij.deps\trove4j\1.0.20181211\216c2e14b070f334479d800987affe4054cd563f\trove4j-1.0.20181211.jar;C:\Users\jonat\.gradle\caches\modules-2\files-2.1\net.java.dev.jna\jna\5.6.0\330f2244e9030119ab3030fc3fededc86713d9cc\jna-5.6.0.jar;C:\Users\jonat\.gradle\caches\modules-2\files-2.1\org.jetbrains\annotations\13.0\919f0dfe192fb4e063e7dacadee7f8bb9a2672a9\annotations-13.0.jar;C:\Users\jonat\.gradle\caches\modules-2\files-2.1\org.jetbrains.kotlin\kotlin-stdlib-common\1.6.10\c118700e3a33c8a0d9adc920e9dec0831171925\kotlin-stdlib-common-1.6.10.jar
Launcher Type: SUN_STANDARD

[Global flags]
     intx CICompilerCount                          = 4                                         {product} {ergonomic}
     uint ConcGCThreads                            = 2                                         {product} {ergonomic}
     bool EnableJVMCIProduct                       = true                                {JVMCI product} {jimage}
     uint G1ConcRefinementThreads                  = 8                                         {product} {ergonomic}
   size_t G1HeapRegionSize                         = 2097152                                   {product} {ergonomic}
    uintx GCDrainStackTargetSize                   = 64                                        {product} {ergonomic}
   size_t InitialHeapSize                          = 167772160                                 {product} {ergonomic}
   size_t MarkStackSize                            = 4194304                                   {product} {ergonomic}
   size_t MaxHeapSize                              = 2667577344                                {product} {ergonomic}
   size_t MaxNewSize                               = 1600126976                                {product} {ergonomic}
   size_t MinHeapDeltaBytes                        = 2097152                                   {product} {ergonomic}
   size_t MinHeapSize                              = 8388608                                   {product} {ergonomic}
    uintx NonNMethodCodeHeapSize                   = 5839372                                {pd product} {ergonomic}
    uintx NonProfiledCodeHeapSize                  = 122909434                              {pd product} {ergonomic}
    uintx ProfiledCodeHeapSize                     = 122909434                              {pd product} {ergonomic}
    uintx ReservedCodeCacheSize                    = 251658240                              {pd product} {ergonomic}
     bool SegmentedCodeCache                       = true                                      {product} {ergonomic}
   size_t SoftMaxHeapSize                          = 2667577344                             {manageable} {ergonomic}
     intx ThreadPriorityPolicy                     = 1                                         {product} {jimage}
     bool UseCompressedClassPointers               = true                           {product lp64_product} {ergonomic}
     bool UseCompressedOops                        = true                           {product lp64_product} {ergonomic}
     bool UseG1GC                                  = true                                      {product} {ergonomic}
     bool UseLargePagesIndividualAllocation        = false                                  {pd product} {ergonomic}

Logging:
Log output configuration:
 #0: stdout all=warning uptime,level,tags
 #1: stderr all=off uptime,level,tags

Environment Variables:
JAVA_HOME=C:\Program Files\graalvm-ce-java17-windows-amd64-21.3.0\graalvm-ce-java17-21.3.0
PATH=C:\Program Files\Python39\Scripts\;C:\Program Files\Python39\;C:\oraclexe\app\oracle\product\11.2.0\server\bin;C:\Program Files (x86)\Borland\Delphi7\Bin;C:\Program Files (x86)\Borland\Delphi7\Projects\Bpl\;C:\WINDOWS\system32;C:\WINDOWS;C:\WINDOWS\System32\Wbem;C:\WINDOWS\System32\WindowsPowerShell\v1.0\;C:\WINDOWS\System32\OpenSSH\;C:\Program Files\nodejs\;C:\ProgramData\chocolatey\bin;C:\xampp\mysql\bin;C:\php-7.4.10;C:\GhostScript;C:\Program Files\dotnet\;C:\Program Files\apache-maven-3.8.1\bin;C:\Program Files\apache-maven-3.8.1\bin;C:\Users\jonat\AppData\Roaming\Python\Python39\Scripts;C:\Program Files\gradle-7.1.1\bin;C:\Program Files\Git\cmd;C:\Program Files\graalvm-ce-java17-windows-amd64-21.3.0\graalvm-ce-java17-21.3.0\bin;C:\Program Files\Java\jdk-17.0.1\bin;C:\Users\jonat\.cargo\bin;C:\Users\jonat\AppData\Local\Microsoft\WindowsApps;C:\Users\jonat\AppData\Local\Programs\Microsoft VS Code\bin;C:\Users\jonat\AppData\Roaming\npm;C:\Program Files\JetBrains\PyCharm Community Edition 2020.3.1\bin;;C:\Users\jonat\.dotnet\tools;C:\Users\jonat\AppData\Local\Pandoc\;C:\Users\jonat\MikTeX\miktex\bin\x64\;C:\Program Files\JetBrains\IntelliJ IDEA Community Edition 2021.2.3\bin;
USERNAME=jonat
OS=Windows_NT
PROCESSOR_IDENTIFIER=AMD64 Family 23 Model 24 Stepping 1, AuthenticAMD



---------------  S Y S T E M  ---------------

OS:
 Windows 10 , 64 bit Build 19041 (10.0.19041.1348)
OS uptime: 11 days 23:38 hours

CPU: total 8 (initial active 8) (8 cores per cpu, 2 threads per core) family 23 model 24 stepping 1 microcode 0x0, cx8, cmov, fxsr, ht, mmx, 3dnowpref, sse, sse2, sse3, ssse3, sse4a, sse4.1, sse4.2, popcnt, lzcnt, tsc, tscinvbit, avx, avx2, aes, clmul, bmi1, bmi2, adx, sha, fma, vzeroupper, clflush, clflushopt

Memory: 4k page, system-wide physical 10170M (1200M free)
TotalPageFile size 22170M (AvailPageFile size 2M)
current process WorkingSet (physical memory assigned to process): 750M, peak: 750M
current process commit charge ("private bytes"): 770M, peak: 770M

vm_info: OpenJDK 64-Bit Server VM (17.0.1+12-jvmci-21.3-b05) for windows-amd64 JRE (17.0.1+12-jvmci-21.3-b05), built on Oct 15 2021 23:20:35 by "" with MS VC++ 16.8 (VS2019)

END.
