#
# There is insufficient memory for the Java Runtime Environment to continue.
# Native memory allocation (malloc) failed to allocate 32744 bytes for ChunkPool::allocate
# Possible reasons:
#   The system is out of physical RAM or swap space
#   The process is running with CompressedOops enabled, and the Java Heap may be blocking the growth of the native heap
# Possible solutions:
#   Reduce memory load on the system
#   Increase physical memory or swap space
#   Check if swap backing store is full
#   Decrease Java heap size (-Xmx/-Xms)
#   Decrease number of Java threads
#   Decrease Java thread stack sizes (-Xss)
#   Set larger code cache with -XX:ReservedCodeCacheSize=
#   JVM is running with Zero Based Compressed Oops mode in which the Java heap is
#     placed in the first 32GB address space. The Java Heap base address is the
#     maximum limit for the native heap growth. Please use -XX:HeapBaseMinAddress
#     to set the Java Heap base and to place the Java Heap above 32GB virtual address.
# This output file may be truncated or incomplete.
#
#  Out of Memory Error (arena.cpp:78), pid=2996, tid=15636
#
# JRE version: OpenJDK Runtime Environment GraalVM CE 21.3.0 (17.0.1+12) (build 17.0.1+12-jvmci-21.3-b05)
# Java VM: OpenJDK 64-Bit Server VM GraalVM CE 21.3.0 (17.0.1+12-jvmci-21.3-b05, mixed mode, sharing, tiered, jvmci, jvmci compiler, compressed oops, compressed class ptrs, g1 gc, windows-amd64)
# No core dump will be written. Minidumps are not enabled by default on client versions of Windows
#

---------------  S U M M A R Y ------------

Command Line: -XX:ThreadPriorityPolicy=1 -XX:+UnlockExperimentalVMOptions -XX:+EnableJVMCIProduct -XX:-UnlockExperimentalVMOptions org.jetbrains.kotlin.cli.jvm.K2JVMCompiler @C:\Users\jonat\AndroidStudioProjects\Vendual\app\build\20220102_17880901380984992255.compiler.options

Host: AMD Ryzen 5 3500U with Radeon Vega Mobile Gfx  , 8 cores, 9G,  Windows 10 , 64 bit Build 19041 (10.0.19041.1348)
Time: Sun Jan  2 12:55:52 2022 SE Asia Standard Time elapsed time: 20.535889 seconds (0d 0h 0m 20s)

---------------  T H R E A D  ---------------

Current thread (0x0000026bff4ac800):  JavaThread "C1 CompilerThread0" daemon [_thread_in_native, id=15636, stack(0x0000006c8d000000,0x0000006c8d100000)]


Current CompileTask:
C1:  20536 11208       3       org.jetbrains.kotlin.types.AbstractTypeApproximator::approximateParametrizedType (1432 bytes)

Stack: [0x0000006c8d000000,0x0000006c8d100000]
Native frames: (J=compiled Java code, j=interpreted, Vv=VM code, C=native code)
V  [jvm.dll+0x670bfa]
V  [jvm.dll+0x7cf8fd]
V  [jvm.dll+0x7d120e]
V  [jvm.dll+0x7d18c3]
V  [jvm.dll+0x242a45]
V  [jvm.dll+0xaa2a0]
V  [jvm.dll+0xaa5ec]
V  [jvm.dll+0x11a145]
V  [jvm.dll+0x177ab4]
V  [jvm.dll+0x178093]
V  [jvm.dll+0x1323c3]
V  [jvm.dll+0x131cbf]
V  [jvm.dll+0x131ef6]
V  [jvm.dll+0x13138a]
V  [jvm.dll+0x133051]
V  [jvm.dll+0x224858]
V  [jvm.dll+0x2229bc]
V  [jvm.dll+0x78553b]
V  [jvm.dll+0x77fafa]
V  [jvm.dll+0x66fa25]
C  [ucrtbase.dll+0x21bb2]
C  [KERNEL32.DLL+0x17034]
C  [ntdll.dll+0x52651]


---------------  P R O C E S S  ---------------

Threads class SMR info:
_java_thread_list=0x0000026bb58deff0, length=14, elements={
0x0000026bed66eb70, 0x0000026bff489170, 0x0000026bff489d20, 0x0000026bff4a2990,
0x0000026bff4a3450, 0x0000026bff4a4000, 0x0000026bff4aafd0, 0x0000026bff4abd60,
0x0000026bff4ac800, 0x0000026bff4ad9d0, 0x0000026bff46ccd0, 0x0000026b919c8d20,
0x0000026b9bcb0310, 0x0000026b91b613a0
}

Java Threads: ( => current thread )
  0x0000026bed66eb70 JavaThread "main" [_thread_in_Java, id=19128, stack(0x0000006c8c200000,0x0000006c8c300000)]
  0x0000026bff489170 JavaThread "Reference Handler" daemon [_thread_blocked, id=16144, stack(0x0000006c8c900000,0x0000006c8ca00000)]
  0x0000026bff489d20 JavaThread "Finalizer" daemon [_thread_blocked, id=16492, stack(0x0000006c8ca00000,0x0000006c8cb00000)]
  0x0000026bff4a2990 JavaThread "Signal Dispatcher" daemon [_thread_blocked, id=5424, stack(0x0000006c8cb00000,0x0000006c8cc00000)]
  0x0000026bff4a3450 JavaThread "Attach Listener" daemon [_thread_blocked, id=16732, stack(0x0000006c8cc00000,0x0000006c8cd00000)]
  0x0000026bff4a4000 JavaThread "Service Thread" daemon [_thread_blocked, id=12516, stack(0x0000006c8cd00000,0x0000006c8ce00000)]
  0x0000026bff4aafd0 JavaThread "Monitor Deflation Thread" daemon [_thread_blocked, id=15080, stack(0x0000006c8ce00000,0x0000006c8cf00000)]
  0x0000026bff4abd60 JavaThread "JVMCI-native CompilerThread0" daemon [_thread_in_native, id=10664, stack(0x0000006c8cf00000,0x0000006c8d000000)]
=>0x0000026bff4ac800 JavaThread "C1 CompilerThread0" daemon [_thread_in_native, id=15636, stack(0x0000006c8d000000,0x0000006c8d100000)]
  0x0000026bff4ad9d0 JavaThread "Sweeper thread" daemon [_thread_in_vm, id=18688, stack(0x0000006c8d100000,0x0000006c8d200000)]
  0x0000026bff46ccd0 JavaThread "Common-Cleaner" daemon [_thread_blocked, id=7572, stack(0x0000006c8d200000,0x0000006c8d300000)]
  0x0000026b919c8d20 JavaThread "Notification Thread" daemon [_thread_blocked, id=18756, stack(0x0000006c8d300000,0x0000006c8d400000)]
  0x0000026b9bcb0310 JavaThread "Libgraal MBean Registration" daemon [_thread_blocked, id=2544, stack(0x0000006c8dc00000,0x0000006c8dd00000)]
  0x0000026b91b613a0 JavaThread "JVMCI-native CompilerThread1" daemon [_thread_in_native, id=18704, stack(0x0000006c8dd00000,0x0000006c8de00000)]

Other Threads:
  0x0000026bff47bdd0 VMThread "VM Thread" [stack: 0x0000006c8c800000,0x0000006c8c900000] [id=2384]
  0x0000026b919c9600 WatcherThread [stack: 0x0000006c8d400000,0x0000006c8d500000] [id=10592]
  0x0000026bed6ab5f0 GCTaskThread "GC Thread#0" [stack: 0x0000006c8c300000,0x0000006c8c400000] [id=11616]
  0x0000026b9bb43df0 GCTaskThread "GC Thread#1" [stack: 0x0000006c8d700000,0x0000006c8d800000] [id=18212]
  0x0000026b9bb24020 GCTaskThread "GC Thread#2" [stack: 0x0000006c8d800000,0x0000006c8d900000] [id=8100]
  0x0000026b9bb67870 GCTaskThread "GC Thread#3" [stack: 0x0000006c8d900000,0x0000006c8da00000] [id=10852]
  0x0000026b9bb8fbf0 GCTaskThread "GC Thread#4" [stack: 0x0000006c8da00000,0x0000006c8db00000] [id=18956]
  0x0000026b9bb72450 GCTaskThread "GC Thread#5" [stack: 0x0000006c8db00000,0x0000006c8dc00000] [id=17404]
  0x0000026b9bed83e0 GCTaskThread "GC Thread#6" [stack: 0x0000006c8d500000,0x0000006c8d600000] [id=15016]
  0x0000026b9bed8690 GCTaskThread "GC Thread#7" [stack: 0x0000006c8d600000,0x0000006c8d700000] [id=3376]
  0x0000026bed6b72e0 ConcurrentGCThread "G1 Main Marker" [stack: 0x0000006c8c400000,0x0000006c8c500000] [id=2900]
  0x0000026bed6b8330 ConcurrentGCThread "G1 Conc#0" [stack: 0x0000006c8c500000,0x0000006c8c600000] [id=15528]
  0x0000026b9c24dd10 ConcurrentGCThread "G1 Conc#1" [stack: 0x0000006c8de00000,0x0000006c8df00000] [id=18684]
  0x0000026bed748cb0 ConcurrentGCThread "G1 Refine#0" [stack: 0x0000006c8c600000,0x0000006c8c700000] [id=13096]
  0x0000026bb609e920 ConcurrentGCThread "G1 Refine#1" [stack: 0x0000006c8df00000,0x0000006c8e000000] [id=17120]
  0x0000026bb609e640 ConcurrentGCThread "G1 Refine#2" [stack: 0x0000006c8e000000,0x0000006c8e100000] [id=3416]
  0x0000026bb609fd40 ConcurrentGCThread "G1 Refine#3" [stack: 0x0000006c8e100000,0x0000006c8e200000] [id=19148]
  0x0000026bb609f4a0 ConcurrentGCThread "G1 Refine#4" [stack: 0x0000006c8e200000,0x0000006c8e300000] [id=12368]
  0x0000026bed74a980 ConcurrentGCThread "G1 Service" [stack: 0x0000006c8c700000,0x0000006c8c800000] [id=15496]

Threads with active compile tasks:
JVMCI-native CompilerThread0    20579 11222       4       org.jetbrains.kotlin.types.TypeSubstitutor::unsafeSubstitute (813 bytes)
C1 CompilerThread0    20579 11208       3       org.jetbrains.kotlin.types.AbstractTypeApproximator::approximateParametrizedType (1432 bytes)
JVMCI-native CompilerThread1    20579 11228       4       kotlin.collections.ReversedList::get (18 bytes)

VM state: not at safepoint (normal execution)

VM Mutex/Monitor currently owned by a thread:  ([mutex/lock_event])
[0x0000026bed669da0] CompiledIC_lock - owner thread: 0x0000026bff4ad9d0

Heap address: 0x0000000761000000, size: 2544 MB, Compressed Oops mode: Zero based, Oop shift amount: 3

CDS archive(s) mapped at: [0x0000000800000000-0x0000000800bc0000-0x0000000800bc0000), size 12320768, SharedBaseAddress: 0x0000000800000000, ArchiveRelocationMode: 0.
Compressed class space mapped at: 0x0000000800c00000-0x0000000840c00000, reserved size: 1073741824
Narrow klass base: 0x0000000800000000, Narrow klass shift: 0, Narrow klass range: 0x100000000

GC Precious Log:
 CPUs: 8 total, 8 available
 Memory: 10170M
 Large Page Support: Disabled
 NUMA Support: Disabled
 Compressed Oops: Enabled (Zero based)
 Heap Region Size: 2M
 Heap Min Capacity: 8M
 Heap Initial Capacity: 160M
 Heap Max Capacity: 2544M
 Pre-touch: Disabled
 Parallel Workers: 8
 Concurrent Workers: 2
 Concurrent Refinement Workers: 8
 Periodic GC: Disabled

Heap:
 garbage-first heap   total 192512K, used 116360K [0x0000000761000000, 0x0000000800000000)
  region size 2048K, 30 young (61440K), 3 survivors (6144K)
 Metaspace       used 62205K, committed 62528K, reserved 1105920K
  class space    used 6717K, committed 6912K, reserved 1048576K

Heap Regions: E=young(eden), S=young(survivor), O=old, HS=humongous(starts), HC=humongous(continues), CS=collection set, F=free, OA=open archive, CA=closed archive, TAMS=top-at-mark-start (previous, next)
|   0|0x0000000761000000, 0x0000000761200000, 0x0000000761200000|100%|HS|  |TAMS 0x0000000761200000, 0x0000000761000000| Complete 
|   1|0x0000000761200000, 0x0000000761400000, 0x0000000761400000|100%|HC|  |TAMS 0x0000000761400000, 0x0000000761200000| Complete 
|   2|0x0000000761400000, 0x0000000761600000, 0x0000000761600000|100%|HS|  |TAMS 0x0000000761600000, 0x0000000761400000| Complete 
|   3|0x0000000761600000, 0x0000000761800000, 0x0000000761800000|100%|HS|  |TAMS 0x0000000761800000, 0x0000000761600000| Complete 
|   4|0x0000000761800000, 0x0000000761a00000, 0x0000000761a00000|100%|HC|  |TAMS 0x0000000761a00000, 0x0000000761800000| Complete 
|   5|0x0000000761a00000, 0x0000000761c00000, 0x0000000761c00000|100%| O|  |TAMS 0x0000000761c00000, 0x0000000761a00000| Untracked 
|   6|0x0000000761c00000, 0x0000000761e00000, 0x0000000761e00000|100%| O|  |TAMS 0x0000000761e00000, 0x0000000761c00000| Untracked 
|   7|0x0000000761e00000, 0x0000000762000000, 0x0000000762000000|100%| O|  |TAMS 0x0000000762000000, 0x0000000761e00000| Untracked 
|   8|0x0000000762000000, 0x0000000762200000, 0x0000000762200000|100%| O|  |TAMS 0x0000000762200000, 0x0000000762000000| Untracked 
|   9|0x0000000762200000, 0x0000000762400000, 0x0000000762400000|100%| O|  |TAMS 0x0000000762400000, 0x0000000762200000| Untracked 
|  10|0x0000000762400000, 0x0000000762600000, 0x0000000762600000|100%| O|  |TAMS 0x0000000762600000, 0x0000000762400000| Untracked 
|  11|0x0000000762600000, 0x0000000762800000, 0x0000000762800000|100%| O|  |TAMS 0x0000000762800000, 0x0000000762600000| Untracked 
|  12|0x0000000762800000, 0x0000000762a00000, 0x0000000762a00000|100%| O|  |TAMS 0x0000000762a00000, 0x0000000762800000| Untracked 
|  13|0x0000000762a00000, 0x0000000762c00000, 0x0000000762c00000|100%| O|  |TAMS 0x0000000762c00000, 0x0000000762a00000| Untracked 
|  14|0x0000000762c00000, 0x0000000762e00000, 0x0000000762e00000|100%| O|  |TAMS 0x0000000762e00000, 0x0000000762c00000| Untracked 
|  15|0x0000000762e00000, 0x0000000763000000, 0x0000000763000000|100%| O|  |TAMS 0x0000000763000000, 0x0000000762e00000| Untracked 
|  16|0x0000000763000000, 0x0000000763200000, 0x0000000763200000|100%| O|  |TAMS 0x0000000763200000, 0x0000000763000000| Untracked 
|  17|0x0000000763200000, 0x0000000763400000, 0x0000000763400000|100%| O|  |TAMS 0x0000000763400000, 0x0000000763200000| Untracked 
|  18|0x0000000763400000, 0x0000000763600000, 0x0000000763600000|100%| O|  |TAMS 0x0000000763600000, 0x0000000763400000| Untracked 
|  19|0x0000000763600000, 0x0000000763800000, 0x0000000763800000|100%| O|  |TAMS 0x0000000763800000, 0x0000000763600000| Untracked 
|  20|0x0000000763800000, 0x0000000763a00000, 0x0000000763a00000|100%| O|  |TAMS 0x0000000763a00000, 0x0000000763800000| Untracked 
|  21|0x0000000763a00000, 0x0000000763c00000, 0x0000000763c00000|100%| O|  |TAMS 0x0000000763b50400, 0x0000000763a00000| Untracked 
|  22|0x0000000763c00000, 0x0000000763e00000, 0x0000000763e00000|100%| O|  |TAMS 0x0000000763c00000, 0x0000000763c00000| Untracked 
|  23|0x0000000763e00000, 0x0000000764000000, 0x0000000764000000|100%| O|  |TAMS 0x0000000763e00000, 0x0000000763e00000| Untracked 
|  24|0x0000000764000000, 0x0000000764200000, 0x0000000764200000|100%| O|  |TAMS 0x0000000764000000, 0x0000000764000000| Untracked 
|  25|0x0000000764200000, 0x0000000764400000, 0x0000000764400000|100%| O|  |TAMS 0x0000000764200000, 0x0000000764200000| Untracked 
|  26|0x0000000764400000, 0x0000000764600000, 0x0000000764600000|100%| O|  |TAMS 0x0000000764400000, 0x0000000764400000| Untracked 
|  27|0x0000000764600000, 0x00000007647a2000, 0x0000000764800000| 81%| O|  |TAMS 0x0000000764600000, 0x0000000764600000| Untracked 
|  28|0x0000000764800000, 0x0000000764800000, 0x0000000764a00000|  0%| F|  |TAMS 0x0000000764800000, 0x0000000764800000| Untracked 
|  29|0x0000000764a00000, 0x0000000764a00000, 0x0000000764c00000|  0%| F|  |TAMS 0x0000000764a00000, 0x0000000764a00000| Untracked 
|  30|0x0000000764c00000, 0x0000000764c00000, 0x0000000764e00000|  0%| F|  |TAMS 0x0000000764c00000, 0x0000000764c00000| Untracked 
|  31|0x0000000764e00000, 0x0000000764e00000, 0x0000000765000000|  0%| F|  |TAMS 0x0000000764e00000, 0x0000000764e00000| Untracked 
|  32|0x0000000765000000, 0x0000000765000000, 0x0000000765200000|  0%| F|  |TAMS 0x0000000765000000, 0x0000000765000000| Untracked 
|  33|0x0000000765200000, 0x0000000765200000, 0x0000000765400000|  0%| F|  |TAMS 0x0000000765200000, 0x0000000765200000| Untracked 
|  34|0x0000000765400000, 0x0000000765400000, 0x0000000765600000|  0%| F|  |TAMS 0x0000000765400000, 0x0000000765400000| Untracked 
|  35|0x0000000765600000, 0x0000000765600000, 0x0000000765800000|  0%| F|  |TAMS 0x0000000765600000, 0x0000000765600000| Untracked 
|  36|0x0000000765800000, 0x0000000765800000, 0x0000000765a00000|  0%| F|  |TAMS 0x0000000765800000, 0x0000000765800000| Untracked 
|  37|0x0000000765a00000, 0x0000000765a00000, 0x0000000765c00000|  0%| F|  |TAMS 0x0000000765a00000, 0x0000000765a00000| Untracked 
|  38|0x0000000765c00000, 0x0000000765c00000, 0x0000000765e00000|  0%| F|  |TAMS 0x0000000765c00000, 0x0000000765c00000| Untracked 
|  39|0x0000000765e00000, 0x0000000765e00000, 0x0000000766000000|  0%| F|  |TAMS 0x0000000765e00000, 0x0000000765e00000| Untracked 
|  40|0x0000000766000000, 0x0000000766000000, 0x0000000766200000|  0%| F|  |TAMS 0x0000000766000000, 0x0000000766000000| Untracked 
|  41|0x0000000766200000, 0x0000000766200000, 0x0000000766400000|  0%| F|  |TAMS 0x0000000766200000, 0x0000000766200000| Untracked 
|  42|0x0000000766400000, 0x0000000766400000, 0x0000000766600000|  0%| F|  |TAMS 0x0000000766400000, 0x0000000766400000| Untracked 
|  43|0x0000000766600000, 0x0000000766600000, 0x0000000766800000|  0%| F|  |TAMS 0x0000000766600000, 0x0000000766600000| Untracked 
|  44|0x0000000766800000, 0x0000000766800000, 0x0000000766a00000|  0%| F|  |TAMS 0x0000000766800000, 0x0000000766800000| Untracked 
|  45|0x0000000766a00000, 0x0000000766a00000, 0x0000000766c00000|  0%| F|  |TAMS 0x0000000766a00000, 0x0000000766a00000| Untracked 
|  46|0x0000000766c00000, 0x0000000766c00000, 0x0000000766e00000|  0%| F|  |TAMS 0x0000000766c00000, 0x0000000766c00000| Untracked 
|  47|0x0000000766e00000, 0x0000000766e00000, 0x0000000767000000|  0%| F|  |TAMS 0x0000000766e00000, 0x0000000766e00000| Untracked 
|  48|0x0000000767000000, 0x0000000767000000, 0x0000000767200000|  0%| F|  |TAMS 0x0000000767000000, 0x0000000767000000| Untracked 
|  49|0x0000000767200000, 0x0000000767200000, 0x0000000767400000|  0%| F|  |TAMS 0x0000000767200000, 0x0000000767200000| Untracked 
|  50|0x0000000767400000, 0x0000000767400000, 0x0000000767600000|  0%| F|  |TAMS 0x0000000767400000, 0x0000000767400000| Untracked 
|  51|0x0000000767600000, 0x0000000767600000, 0x0000000767800000|  0%| F|  |TAMS 0x0000000767600000, 0x0000000767600000| Untracked 
|  52|0x0000000767800000, 0x0000000767800000, 0x0000000767a00000|  0%| F|  |TAMS 0x0000000767800000, 0x0000000767800000| Untracked 
|  53|0x0000000767a00000, 0x0000000767a00000, 0x0000000767c00000|  0%| F|  |TAMS 0x0000000767a00000, 0x0000000767a00000| Untracked 
|  54|0x0000000767c00000, 0x0000000767c00000, 0x0000000767e00000|  0%| F|  |TAMS 0x0000000767c00000, 0x0000000767c00000| Untracked 
|  55|0x0000000767e00000, 0x0000000767e00000, 0x0000000768000000|  0%| F|  |TAMS 0x0000000767e00000, 0x0000000767e00000| Untracked 
|  56|0x0000000768000000, 0x0000000768000000, 0x0000000768200000|  0%| F|  |TAMS 0x0000000768000000, 0x0000000768000000| Untracked 
|  57|0x0000000768200000, 0x0000000768200000, 0x0000000768400000|  0%| F|  |TAMS 0x0000000768200000, 0x0000000768200000| Untracked 
|  58|0x0000000768400000, 0x0000000768400000, 0x0000000768600000|  0%| F|  |TAMS 0x0000000768400000, 0x0000000768400000| Untracked 
|  59|0x0000000768600000, 0x0000000768600000, 0x0000000768800000|  0%| F|  |TAMS 0x0000000768600000, 0x0000000768600000| Untracked 
|  60|0x0000000768800000, 0x0000000768800000, 0x0000000768a00000|  0%| F|  |TAMS 0x0000000768800000, 0x0000000768800000| Untracked 
|  61|0x0000000768a00000, 0x0000000768a00000, 0x0000000768c00000|  0%| F|  |TAMS 0x0000000768a00000, 0x0000000768a00000| Untracked 
|  62|0x0000000768c00000, 0x0000000768c00000, 0x0000000768e00000|  0%| F|  |TAMS 0x0000000768c00000, 0x0000000768c00000| Untracked 
|  63|0x0000000768e00000, 0x0000000768e00000, 0x0000000769000000|  0%| F|  |TAMS 0x0000000768e00000, 0x0000000768e00000| Untracked 
|  64|0x0000000769000000, 0x0000000769100800, 0x0000000769200000| 50%| E|  |TAMS 0x0000000769000000, 0x0000000769000000| Complete 
|  65|0x0000000769200000, 0x0000000769400000, 0x0000000769400000|100%| E|CS|TAMS 0x0000000769200000, 0x0000000769200000| Complete 
|  66|0x0000000769400000, 0x0000000769600000, 0x0000000769600000|100%| E|CS|TAMS 0x0000000769400000, 0x0000000769400000| Complete 
|  67|0x0000000769600000, 0x0000000769800000, 0x0000000769800000|100%| E|CS|TAMS 0x0000000769600000, 0x0000000769600000| Complete 
|  68|0x0000000769800000, 0x0000000769a00000, 0x0000000769a00000|100%| E|CS|TAMS 0x0000000769800000, 0x0000000769800000| Complete 
|  69|0x0000000769a00000, 0x0000000769c00000, 0x0000000769c00000|100%| E|CS|TAMS 0x0000000769a00000, 0x0000000769a00000| Complete 
|  70|0x0000000769c00000, 0x0000000769e00000, 0x0000000769e00000|100%| S|CS|TAMS 0x0000000769c00000, 0x0000000769c00000| Complete 
|  71|0x0000000769e00000, 0x000000076a000000, 0x000000076a000000|100%| S|CS|TAMS 0x0000000769e00000, 0x0000000769e00000| Complete 
|  72|0x000000076a000000, 0x000000076a200000, 0x000000076a200000|100%| S|CS|TAMS 0x000000076a000000, 0x000000076a000000| Complete 
|  73|0x000000076a200000, 0x000000076a400000, 0x000000076a400000|100%| E|CS|TAMS 0x000000076a200000, 0x000000076a200000| Complete 
|  74|0x000000076a400000, 0x000000076a600000, 0x000000076a600000|100%| E|CS|TAMS 0x000000076a400000, 0x000000076a400000| Complete 
|  75|0x000000076a600000, 0x000000076a800000, 0x000000076a800000|100%| E|CS|TAMS 0x000000076a600000, 0x000000076a600000| Complete 
|  76|0x000000076a800000, 0x000000076aa00000, 0x000000076aa00000|100%| E|CS|TAMS 0x000000076a800000, 0x000000076a800000| Complete 
|  77|0x000000076aa00000, 0x000000076ac00000, 0x000000076ac00000|100%| E|CS|TAMS 0x000000076aa00000, 0x000000076aa00000| Complete 
|  78|0x000000076ac00000, 0x000000076ae00000, 0x000000076ae00000|100%| E|CS|TAMS 0x000000076ac00000, 0x000000076ac00000| Complete 
|  79|0x000000076ae00000, 0x000000076b000000, 0x000000076b000000|100%| E|CS|TAMS 0x000000076ae00000, 0x000000076ae00000| Complete 
|  80|0x000000076b000000, 0x000000076b200000, 0x000000076b200000|100%| E|CS|TAMS 0x000000076b000000, 0x000000076b000000| Complete 
|  81|0x000000076b200000, 0x000000076b400000, 0x000000076b400000|100%| E|CS|TAMS 0x000000076b200000, 0x000000076b200000| Complete 
|  82|0x000000076b400000, 0x000000076b600000, 0x000000076b600000|100%| E|CS|TAMS 0x000000076b400000, 0x000000076b400000| Complete 
|  83|0x000000076b600000, 0x000000076b800000, 0x000000076b800000|100%| E|CS|TAMS 0x000000076b600000, 0x000000076b600000| Complete 
|  84|0x000000076b800000, 0x000000076ba00000, 0x000000076ba00000|100%| E|CS|TAMS 0x000000076b800000, 0x000000076b800000| Complete 
|  85|0x000000076ba00000, 0x000000076bc00000, 0x000000076bc00000|100%| E|CS|TAMS 0x000000076ba00000, 0x000000076ba00000| Complete 
|  86|0x000000076bc00000, 0x000000076be00000, 0x000000076be00000|100%| E|CS|TAMS 0x000000076bc00000, 0x000000076bc00000| Complete 
|  87|0x000000076be00000, 0x000000076c000000, 0x000000076c000000|100%| E|CS|TAMS 0x000000076be00000, 0x000000076be00000| Complete 
|  88|0x000000076c000000, 0x000000076c200000, 0x000000076c200000|100%| E|CS|TAMS 0x000000076c000000, 0x000000076c000000| Complete 
|  89|0x000000076c200000, 0x000000076c400000, 0x000000076c400000|100%| E|CS|TAMS 0x000000076c200000, 0x000000076c200000| Complete 
|  90|0x000000076c400000, 0x000000076c600000, 0x000000076c600000|100%| E|CS|TAMS 0x000000076c400000, 0x000000076c400000| Complete 
|  91|0x000000076c600000, 0x000000076c800000, 0x000000076c800000|100%| E|CS|TAMS 0x000000076c600000, 0x000000076c600000| Complete 
|  92|0x000000076c800000, 0x000000076ca00000, 0x000000076ca00000|100%| E|CS|TAMS 0x000000076c800000, 0x000000076c800000| Complete 
|  93|0x000000076ca00000, 0x000000076cc00000, 0x000000076cc00000|100%| E|CS|TAMS 0x000000076ca00000, 0x000000076ca00000| Complete 

Card table byte_map: [0x0000026bf90e0000,0x0000026bf95e0000] _byte_map_base: 0x0000026bf55d8000

Marking Bits (Prev, Next): (CMBitMap*) 0x0000026bed6acaf0, (CMBitMap*) 0x0000026bed6acab0
 Prev Bits: [0x0000026bfc2a0000, 0x0000026bfea60000)
 Next Bits: [0x0000026bf9ae0000, 0x0000026bfc2a0000)

Polling page: 0x0000026bed750000

Metaspace:

Usage:
  Non-class:     54.19 MB used.
      Class:      6.56 MB used.
       Both:     60.75 MB used.

Virtual space:
  Non-class space:       56.00 MB reserved,      54.31 MB ( 97%) committed,  7 nodes.
      Class space:        1.00 GB reserved,       6.75 MB ( <1%) committed,  1 nodes.
             Both:        1.05 GB reserved,      61.06 MB (  6%) committed. 

Chunk freelists:
   Non-Class:  897.00 KB
       Class:  1.30 MB
        Both:  2.18 MB

MaxMetaspaceSize: unlimited
CompressedClassSpaceSize: 1.00 GB
Initial GC threshold: 21.00 MB
Current GC threshold: 98.38 MB
CDS: on
MetaspaceReclaimPolicy: balanced
 - commit_granule_bytes: 65536.
 - commit_granule_words: 8192.
 - virtual_space_node_default_size: 1048576.
 - enlarge_chunks_in_place: 1.
 - new_chunks_are_fully_committed: 0.
 - uncommit_free_chunks: 1.
 - use_allocation_guard: 0.
 - handle_deallocations: 1.


Internal statistics:

num_allocs_failed_limit: 9.
num_arena_births: 348.
num_arena_deaths: 0.
num_vsnodes_births: 8.
num_vsnodes_deaths: 0.
num_space_committed: 975.
num_space_uncommitted: 0.
num_chunks_returned_to_freelist: 9.
num_chunks_taken_from_freelist: 2513.
num_chunk_merges: 9.
num_chunk_splits: 1997.
num_chunks_enlarged: 1723.
num_purges: 0.
num_inconsistent_stats: 0.

CodeHeap 'non-profiled nmethods': size=120000Kb used=4413Kb max_used=4436Kb free=115586Kb
 bounds [0x0000026b87ad0000, 0x0000026b87f30000, 0x0000026b8f000000]
CodeHeap 'profiled nmethods': size=120000Kb used=35207Kb max_used=35230Kb free=84793Kb
 bounds [0x0000026b805a0000, 0x0000026b82810000, 0x0000026b87ad0000]
CodeHeap 'non-nmethods': size=5760Kb used=1317Kb max_used=1347Kb free=4443Kb
 bounds [0x0000026b80000000, 0x0000026b80270000, 0x0000026b805a0000]
 total_blobs=10063 nmethods=9439 adapters=534
 compilation: enabled
              stopped_count=0, restarted_count=0
 full_count=0

JVMCI Events (8 events):
Event: 0.047 Thread 0x0000026bed66eb70 created new JVMCI runtime 0 (0x0000026bff46bed0)
Event: 0.047 Thread 0x0000026bed66eb70 created new JVMCI runtime -1 (0x0000026bff46c510)
Event: 0.210 Thread 0x0000026bff4abd60 loaded JVMCI shared library from C:\Program Files\graalvm-ce-java17-windows-amd64-21.3.0\graalvm-ce-java17-21.3.0\bin\jvmcicompiler.dll
Event: 0.252 Thread 0x0000026bff4abd60 created JavaVM[1]@0x0000026b92a08ac0 for JVMCI runtime 0
Event: 0.252 Thread 0x0000026bff4abd60 initializing JVMCI runtime 0
Event: 0.257 Thread 0x0000026bff4abd60 initialized JVMCI runtime 0
Event: 1.331 Thread 0x0000026b919d8cf0 initializing JVMCI runtime -1
Event: 1.388 Thread 0x0000026b919d8cf0 initialized JVMCI runtime -1

Compilation events (20 events):
Event: 20.493 Thread 0x0000026bff4ac800 11202       1       org.jetbrains.kotlin.resolve.diagnostics.SimpleDiagnostics::all (5 bytes)
Event: 20.493 Thread 0x0000026bff4ac800 nmethod 11202 0x0000026b87f1fc10 code [0x0000026b87f1fda0, 0x0000026b87f1fe78]
Event: 20.493 Thread 0x0000026bff4ac800 11203       3       org.jetbrains.kotlin.com.intellij.util.containers.MultiMap$4::createCollection (12 bytes)
Event: 20.494 Thread 0x0000026bff4ac800 nmethod 11203 0x0000026b82805d10 code [0x0000026b82805ec0, 0x0000026b82806218]
Event: 20.499 Thread 0x0000026bff4ac800 11204       3       org.jetbrains.kotlin.psi.KtVisitor::visitExpression (16 bytes)
Event: 20.500 Thread 0x0000026bff4ac800 nmethod 11204 0x0000026b82806390 code [0x0000026b82806540, 0x0000026b828068f8]
Event: 20.501 Thread 0x0000026bff4ac800 11205       2       org.jetbrains.kotlin.resolve.AllUnderImportScope::recordLookup (44 bytes)
Event: 20.501 Thread 0x0000026bff4abd60 nmethod 11192 0x0000026b87f1ff10 code [0x0000026b87f20240, 0x0000026b87f20c40]
Event: 20.501 Thread 0x0000026bff4abd60 11198       4       org.jetbrains.kotlin.resolve.AllUnderImportScope::getContributedVariables (151 bytes)
Event: 20.502 Thread 0x0000026bff4ac800 nmethod 11205 0x0000026b82806a10 code [0x0000026b82806c40, 0x0000026b82807138]
Event: 20.502 Thread 0x0000026bff4ac800 11207       2       org.jetbrains.kotlin.resolve.scopes.AbstractScopeAdapter::getContributedVariables (24 bytes)
Event: 20.502 Thread 0x0000026bff4ac800 nmethod 11207 0x0000026b82807410 code [0x0000026b82807640, 0x0000026b82807af8]
Event: 20.502 Thread 0x0000026bff4ac800 11206       2       org.jetbrains.kotlin.resolve.scopes.AbstractScopeAdapter::recordLookup (24 bytes)
Event: 20.503 Thread 0x0000026bff4ac800 nmethod 11206 0x0000026b82807e10 code [0x0000026b82808040, 0x0000026b828084f8]
Event: 20.508 Thread 0x0000026bff4ac800 11208       3       org.jetbrains.kotlin.types.AbstractTypeApproximator::approximateParametrizedType (1432 bytes)
Event: 20.520 Thread 0x0000026bff4abd60 nmethod 11198 0x0000026b87f21310 code [0x0000026b87f215a0, 0x0000026b87f21c80]
Event: 20.520 Thread 0x0000026bff4abd60 11201       4       org.jetbrains.kotlin.resolve.calls.tower.ScopeBasedTowerLevel::<init> (59 bytes)
Event: 20.524 Thread 0x0000026bff4abd60 nmethod 11201 0x0000026b87f22410 code [0x0000026b87f225a0, 0x0000026b87f22850]
Event: 20.524 Thread 0x0000026bff4abd60 11190       4       kotlin.sequences.GeneratorSequence::iterator (12 bytes)
Event: 20.526 Thread 0x0000026bff4abd60 nmethod 11190 0x0000026b87f22990 code [0x0000026b87f22b00, 0x0000026b87f22bd8]

GC Heap History (20 events):
Event: 4.956 GC heap before
{Heap before GC invocations=4 (full 0):
 garbage-first heap   total 75776K, used 53740K [0x0000000761000000, 0x0000000800000000)
  region size 2048K, 22 young (45056K), 5 survivors (10240K)
 Metaspace       used 27669K, committed 27904K, reserved 1081344K
  class space    used 3621K, committed 3712K, reserved 1048576K
}
Event: 4.989 GC heap after
{Heap after GC invocations=5 (full 0):
 garbage-first heap   total 75776K, used 21651K [0x0000000761000000, 0x0000000800000000)
  region size 2048K, 3 young (6144K), 3 survivors (6144K)
 Metaspace       used 27669K, committed 27904K, reserved 1081344K
  class space    used 3621K, committed 3712K, reserved 1048576K
}
Event: 5.077 GC heap before
{Heap before GC invocations=5 (full 0):
 garbage-first heap   total 75776K, used 21651K [0x0000000761000000, 0x0000000800000000)
  region size 2048K, 4 young (8192K), 3 survivors (6144K)
 Metaspace       used 27882K, committed 28096K, reserved 1081344K
  class space    used 3627K, committed 3712K, reserved 1048576K
}
Event: 5.090 GC heap after
{Heap after GC invocations=6 (full 0):
 garbage-first heap   total 75776K, used 23536K [0x0000000761000000, 0x0000000800000000)
  region size 2048K, 1 young (2048K), 1 survivors (2048K)
 Metaspace       used 27882K, committed 28096K, reserved 1081344K
  class space    used 3627K, committed 3712K, reserved 1048576K
}
Event: 5.935 GC heap before
{Heap before GC invocations=6 (full 0):
 garbage-first heap   total 75776K, used 52208K [0x0000000761000000, 0x0000000800000000)
  region size 2048K, 15 young (30720K), 1 survivors (2048K)
 Metaspace       used 33264K, committed 33472K, reserved 1081344K
  class space    used 4131K, committed 4224K, reserved 1048576K
}
Event: 5.947 GC heap after
{Heap after GC invocations=7 (full 0):
 garbage-first heap   total 110592K, used 26213K [0x0000000761000000, 0x0000000800000000)
  region size 2048K, 2 young (4096K), 2 survivors (4096K)
 Metaspace       used 33264K, committed 33472K, reserved 1081344K
  class space    used 4131K, committed 4224K, reserved 1048576K
}
Event: 6.290 GC heap before
{Heap before GC invocations=7 (full 0):
 garbage-first heap   total 110592K, used 34405K [0x0000000761000000, 0x0000000800000000)
  region size 2048K, 7 young (14336K), 2 survivors (4096K)
 Metaspace       used 35725K, committed 35968K, reserved 1081344K
  class space    used 4409K, committed 4544K, reserved 1048576K
}
Event: 6.305 GC heap after
{Heap after GC invocations=8 (full 0):
 garbage-first heap   total 110592K, used 26302K [0x0000000761000000, 0x0000000800000000)
  region size 2048K, 2 young (4096K), 2 survivors (4096K)
 Metaspace       used 35725K, committed 35968K, reserved 1081344K
  class space    used 4409K, committed 4544K, reserved 1048576K
}
Event: 7.754 GC heap before
{Heap before GC invocations=9 (full 0):
 garbage-first heap   total 96256K, used 81598K [0x0000000761000000, 0x0000000800000000)
  region size 2048K, 28 young (57344K), 2 survivors (4096K)
 Metaspace       used 41493K, committed 41664K, reserved 1089536K
  class space    used 4964K, committed 5056K, reserved 1048576K
}
Event: 7.777 GC heap after
{Heap after GC invocations=10 (full 0):
 garbage-first heap   total 96256K, used 33365K [0x0000000761000000, 0x0000000800000000)
  region size 2048K, 4 young (8192K), 4 survivors (8192K)
 Metaspace       used 41493K, committed 41664K, reserved 1089536K
  class space    used 4964K, committed 5056K, reserved 1048576K
}
Event: 7.793 GC heap before
{Heap before GC invocations=10 (full 0):
 garbage-first heap   total 96256K, used 35413K [0x0000000761000000, 0x0000000800000000)
  region size 2048K, 5 young (10240K), 4 survivors (8192K)
 Metaspace       used 41506K, committed 41728K, reserved 1089536K
  class space    used 4964K, committed 5056K, reserved 1048576K
}
Event: 7.807 GC heap after
{Heap after GC invocations=11 (full 0):
 garbage-first heap   total 96256K, used 34128K [0x0000000761000000, 0x0000000800000000)
  region size 2048K, 1 young (2048K), 1 survivors (2048K)
 Metaspace       used 41506K, committed 41728K, reserved 1089536K
  class space    used 4964K, committed 5056K, reserved 1048576K
}
Event: 9.476 GC heap before
{Heap before GC invocations=11 (full 0):
 garbage-first heap   total 96256K, used 73040K [0x0000000761000000, 0x0000000800000000)
  region size 2048K, 20 young (40960K), 1 survivors (2048K)
 Metaspace       used 47279K, committed 47552K, reserved 1097728K
  class space    used 5499K, committed 5632K, reserved 1048576K
}
Event: 9.494 GC heap after
{Heap after GC invocations=12 (full 0):
 garbage-first heap   total 96256K, used 40241K [0x0000000761000000, 0x0000000800000000)
  region size 2048K, 3 young (6144K), 3 survivors (6144K)
 Metaspace       used 47279K, committed 47552K, reserved 1097728K
  class space    used 5499K, committed 5632K, reserved 1048576K
}
Event: 10.944 GC heap before
{Heap before GC invocations=12 (full 0):
 garbage-first heap   total 96256K, used 73009K [0x0000000761000000, 0x0000000800000000)
  region size 2048K, 19 young (38912K), 3 survivors (6144K)
 Metaspace       used 49386K, committed 49664K, reserved 1097728K
  class space    used 5580K, committed 5696K, reserved 1048576K
}
Event: 10.975 GC heap after
{Heap after GC invocations=13 (full 0):
 garbage-first heap   total 192512K, used 46939K [0x0000000761000000, 0x0000000800000000)
  region size 2048K, 3 young (6144K), 3 survivors (6144K)
 Metaspace       used 49386K, committed 49664K, reserved 1097728K
  class space    used 5580K, committed 5696K, reserved 1048576K
}
Event: 14.810 GC heap before
{Heap before GC invocations=13 (full 0):
 garbage-first heap   total 192512K, used 124763K [0x0000000761000000, 0x0000000800000000)
  region size 2048K, 41 young (83968K), 3 survivors (6144K)
 Metaspace       used 57283K, committed 57600K, reserved 1105920K
  class space    used 6495K, committed 6656K, reserved 1048576K
}
Event: 14.846 GC heap after
{Heap after GC invocations=14 (full 0):
 garbage-first heap   total 192512K, used 56641K [0x0000000761000000, 0x0000000800000000)
  region size 2048K, 6 young (12288K), 6 survivors (12288K)
 Metaspace       used 57283K, committed 57600K, reserved 1105920K
  class space    used 6495K, committed 6656K, reserved 1048576K
}
Event: 16.779 GC heap before
{Heap before GC invocations=14 (full 0):
 garbage-first heap   total 192512K, used 97601K [0x0000000761000000, 0x0000000800000000)
  region size 2048K, 27 young (55296K), 6 survivors (12288K)
 Metaspace       used 59986K, committed 60288K, reserved 1105920K
  class space    used 6643K, committed 6784K, reserved 1048576K
}
Event: 16.824 GC heap after
{Heap after GC invocations=15 (full 0):
 garbage-first heap   total 192512K, used 63112K [0x0000000761000000, 0x0000000800000000)
  region size 2048K, 3 young (6144K), 3 survivors (6144K)
 Metaspace       used 59986K, committed 60288K, reserved 1105920K
  class space    used 6643K, committed 6784K, reserved 1048576K
}

Deoptimization events (20 events):
Event: 20.124 Thread 0x0000026bed66eb70 Uncommon trap: trap_request=0xffffffcd fr.pc=0x0000026b87f096cb relative=0x000000000000004b
Event: 20.124 Thread 0x0000026bed66eb70 Uncommon trap: reason=intrinsic_or_type_checked_inlining action=reinterpret pc=0x0000026b87f096cb method=org.jetbrains.kotlin.resolve.scopes.MemberScopeImpl.recordLookup(Lorg/jetbrains/kotlin/name/Name;Lorg/jetbrains/kotlin/incremental/components/LookupLo
Event: 20.125 Thread 0x0000026bed66eb70 DEOPT PACKING pc=0x0000026b87f096cb sp=0x0000006c8c2f1be0
Event: 20.125 Thread 0x0000026bed66eb70 DEOPT UNPACKING pc=0x0000026b80052945 sp=0x0000006c8c2f1070 mode 3
Event: 20.441 Thread 0x0000026bed66eb70 Uncommon trap: trap_request=0xffffffcd fr.pc=0x0000026b87ec2b05 relative=0x0000000000000245
Event: 20.441 Thread 0x0000026bed66eb70 Uncommon trap: reason=intrinsic_or_type_checked_inlining action=reinterpret pc=0x0000026b87ec2b05 method=org.jetbrains.kotlin.psi.KtVisitor.visitExpression(Lorg/jetbrains/kotlin/psi/KtExpression;Ljava/lang/Object;)Ljava/lang/Object; @ 0 jvmci
Event: 20.441 Thread 0x0000026bed66eb70 DEOPT PACKING pc=0x0000026b87ec2b05 sp=0x0000006c8c2fde50
Event: 20.441 Thread 0x0000026bed66eb70 DEOPT UNPACKING pc=0x0000026b80052945 sp=0x0000006c8c2fd2f0 mode 3
Event: 20.450 Thread 0x0000026bed66eb70 Uncommon trap: trap_request=0xffffffcd fr.pc=0x0000026b87d94b17 relative=0x0000000000000117
Event: 20.450 Thread 0x0000026bed66eb70 Uncommon trap: reason=intrinsic_or_type_checked_inlining action=reinterpret pc=0x0000026b87d94b17 method=org.jetbrains.kotlin.descriptors.impl.SimpleFunctionDescriptorImpl.initialize(Lorg/jetbrains/kotlin/descriptors/ReceiverParameterDescriptor;Lorg/jetbr
Event: 20.450 Thread 0x0000026bed66eb70 DEOPT PACKING pc=0x0000026b87d94b17 sp=0x0000006c8c2fad30
Event: 20.450 Thread 0x0000026bed66eb70 DEOPT UNPACKING pc=0x0000026b80052945 sp=0x0000006c8c2fa1d8 mode 3
Event: 20.454 Thread 0x0000026bed66eb70 Uncommon trap: trap_request=0xffffffcd fr.pc=0x0000026b87ed448b relative=0x000000000000156b
Event: 20.454 Thread 0x0000026bed66eb70 Uncommon trap: reason=intrinsic_or_type_checked_inlining action=reinterpret pc=0x0000026b87ed448b method=org.jetbrains.kotlin.types.TypeSubstitutor.substituteCompoundType(Lorg/jetbrains/kotlin/types/TypeProjection;I)Lorg/jetbrains/kotlin/types/TypeProject
Event: 20.454 Thread 0x0000026bed66eb70 DEOPT PACKING pc=0x0000026b87ed448b sp=0x0000006c8c2facd0
Event: 20.454 Thread 0x0000026bed66eb70 DEOPT UNPACKING pc=0x0000026b80052945 sp=0x0000006c8c2fa1a8 mode 3
Event: 20.459 Thread 0x0000026bed66eb70 Uncommon trap: trap_request=0xffffff8f fr.pc=0x0000026b87d9325b relative=0x00000000000002fb
Event: 20.459 Thread 0x0000026bed66eb70 Uncommon trap: reason=constraint action=none pc=0x0000026b87d9325b method=java.lang.reflect.Constructor.newInstanceWithCaller([Ljava/lang/Object;ZLjava/lang/Class;)Ljava/lang/Object; @ 62 jvmci
Event: 20.459 Thread 0x0000026bed66eb70 DEOPT PACKING pc=0x0000026b87d9325b sp=0x0000006c8c2fd040
Event: 20.459 Thread 0x0000026bed66eb70 DEOPT UNPACKING pc=0x0000026b80052945 sp=0x0000006c8c2fc4e8 mode 3

Classes unloaded (0 events):
No events

Classes redefined (0 events):
No events

Internal exceptions (20 events):
Event: 13.882 Thread 0x0000026bed66eb70 Exception <a 'java/lang/IncompatibleClassChangeError'{0x0000000768d67e40}: Found class java.lang.Object, but interface was expected> (0x0000000768d67e40) 
thrown [c:\users\buildbot\worker\e\main\jdk\src\hotspot\share\interpreter\linkResolver.cpp, line 833]
Event: 14.064 Thread 0x0000026bed66eb70 Exception <a 'java/lang/NoSuchMethodError'{0x0000000768819ca8}: 'java.lang.Object java.lang.invoke.DirectMethodHandle$Holder.newInvokeSpecial(java.lang.Object, java.lang.Object, java.lang.Object, java.lang.Object, java.lang.Object, java.lang.Object, java.lang.Object)'> (0x0000000768819ca8) 
thrown [c:\users\buildbot\worker\e\main\jdk\src\hotspot\share\interpreter\linkResolver.cpp, line 766]
Event: 14.065 Thread 0x0000026bed66eb70 Exception <a 'java/lang/NoSuchMethodError'{0x000000076881edb0}: 'java.lang.Object java.lang.invoke.Invokers$Holder.linkToTargetMethod(java.lang.Object, java.lang.Object, java.lang.Object, java.lang.Object, java.lang.Object, java.lang.Object, java.lang.Object)'> (0x000000076881edb0) 
thrown [c:\users\buildbot\worker\e\main\jdk\src\hotspot\share\interpreter\linkResolver.cpp, line 766]
Event: 15.082 Thread 0x0000026bed66eb70 Implicit null exception at 0x0000026b87dc4158 to 0x0000026b87dc480b
Event: 16.274 Thread 0x0000026bed66eb70 Implicit null exception at 0x0000026b87d53530 to 0x0000026b87d541ca
Event: 16.274 Thread 0x0000026bed66eb70 Implicit null exception at 0x0000026b87aef455 to 0x0000026b87aef885
Event: 16.274 Thread 0x0000026bed66eb70 Implicit null exception at 0x0000026b87af0dd5 to 0x0000026b87af1205
Event: 16.275 Thread 0x0000026bed66eb70 Implicit null exception at 0x0000026b87be9db3 to 0x0000026b87beb015
Event: 16.276 Thread 0x0000026bed66eb70 Implicit null exception at 0x0000026b87be9db3 to 0x0000026b87beb015
Event: 16.276 Thread 0x0000026bed66eb70 Implicit null exception at 0x0000026b87be9db3 to 0x0000026b87beb015
Event: 16.276 Thread 0x0000026bed66eb70 Implicit null exception at 0x0000026b87be9db3 to 0x0000026b87beb015
Event: 16.276 Thread 0x0000026bed66eb70 Implicit null exception at 0x0000026b87be9db3 to 0x0000026b87beb015
Event: 16.276 Thread 0x0000026bed66eb70 Implicit null exception at 0x0000026b87be9db3 to 0x0000026b87beb015
Event: 16.276 Thread 0x0000026bed66eb70 Implicit null exception at 0x0000026b87be9db3 to 0x0000026b87beb015
Event: 16.276 Thread 0x0000026bed66eb70 Implicit null exception at 0x0000026b87be9db3 to 0x0000026b87beb015
Event: 16.276 Thread 0x0000026bed66eb70 Implicit null exception at 0x0000026b87be9db3 to 0x0000026b87beb015
Event: 16.276 Thread 0x0000026bed66eb70 Implicit null exception at 0x0000026b87be9db3 to 0x0000026b87beb015
Event: 16.276 Thread 0x0000026bed66eb70 Implicit null exception at 0x0000026b87be9db3 to 0x0000026b87beb015
Event: 16.276 Thread 0x0000026bed66eb70 Implicit null exception at 0x0000026b87be9db3 to 0x0000026b87beb015
Event: 16.276 Thread 0x0000026bed66eb70 Implicit null exception at 0x0000026b87cd1ba8 to 0x0000026b87cd232b

VM Operations (20 events):
Event: 18.483 Executing VM operation: HandshakeAllThreads
Event: 18.483 Executing VM operation: HandshakeAllThreads done
Event: 18.563 Executing VM operation: ICBufferFull
Event: 18.564 Executing VM operation: ICBufferFull done
Event: 18.783 Executing VM operation: HandshakeAllThreads
Event: 18.783 Executing VM operation: HandshakeAllThreads done
Event: 18.919 Executing VM operation: ICBufferFull
Event: 18.920 Executing VM operation: ICBufferFull done
Event: 19.361 Executing VM operation: ICBufferFull
Event: 19.362 Executing VM operation: ICBufferFull done
Event: 19.830 Executing VM operation: ICBufferFull
Event: 19.830 Executing VM operation: ICBufferFull done
Event: 20.093 Executing VM operation: ICBufferFull
Event: 20.093 Executing VM operation: ICBufferFull done
Event: 20.450 Executing VM operation: HandshakeAllThreads
Event: 20.450 Executing VM operation: HandshakeAllThreads done
Event: 20.474 Executing VM operation: HandshakeAllThreads
Event: 20.474 Executing VM operation: HandshakeAllThreads done
Event: 20.476 Executing VM operation: HandshakeAllThreads
Event: 20.476 Executing VM operation: HandshakeAllThreads done

Events (20 events):
Event: 17.093 Thread 0x0000026bff4ad9d0 flushing nmethod 0x0000026b81d8f690
Event: 17.093 Thread 0x0000026bff4ad9d0 flushing nmethod 0x0000026b81d92810
Event: 17.093 Thread 0x0000026bff4ad9d0 flushing nmethod 0x0000026b81db3010
Event: 17.093 Thread 0x0000026bff4ad9d0 flushing nmethod 0x0000026b81db7410
Event: 17.093 Thread 0x0000026bff4ad9d0 flushing nmethod 0x0000026b81de4090
Event: 17.093 Thread 0x0000026bff4ad9d0 flushing nmethod 0x0000026b81deca10
Event: 17.093 Thread 0x0000026bff4ad9d0 flushing nmethod 0x0000026b81df9290
Event: 17.093 Thread 0x0000026bff4ad9d0 flushing nmethod 0x0000026b81e3e090
Event: 17.094 Thread 0x0000026bff4ad9d0 flushing nmethod 0x0000026b81f20090
Event: 17.094 Thread 0x0000026bff4ad9d0 flushing nmethod 0x0000026b81f2ba10
Event: 17.096 Thread 0x0000026bff4ad9d0 flushing nmethod 0x0000026b8211df10
Event: 17.097 Thread 0x0000026bff4ad9d0 flushing nmethod 0x0000026b8216df10
Event: 18.788 Thread 0x0000026bff4ad9d0 flushing nmethod 0x0000026b87e01e10
Event: 18.790 Thread 0x0000026bff4ad9d0 flushing nmethod 0x0000026b80629390
Event: 18.792 Thread 0x0000026bff4ad9d0 flushing nmethod 0x0000026b80793390
Event: 18.795 Thread 0x0000026bff4ad9d0 flushing nmethod 0x0000026b80a8ce90
Event: 18.802 Thread 0x0000026bff4ad9d0 flushing nmethod 0x0000026b8124b510
Event: 18.802 Thread 0x0000026bff4ad9d0 flushing nmethod 0x0000026b81263f10
Event: 18.808 Thread 0x0000026bff4ad9d0 flushing nmethod 0x0000026b81847390
Event: 18.812 Thread 0x0000026bff4ad9d0 flushing nmethod 0x0000026b81b92890


Dynamic libraries:
0x00007ff709890000 - 0x00007ff70989e000 	C:\Program Files\graalvm-ce-java17-windows-amd64-21.3.0\graalvm-ce-java17-21.3.0\bin\java.exe
0x00007ff8b2250000 - 0x00007ff8b2445000 	C:\WINDOWS\SYSTEM32\ntdll.dll
0x00007ff8b0fb0000 - 0x00007ff8b106e000 	C:\WINDOWS\System32\KERNEL32.DLL
0x00007ff8af9b0000 - 0x00007ff8afc78000 	C:\WINDOWS\System32\KERNELBASE.dll
0x00007ff8afde0000 - 0x00007ff8afee0000 	C:\WINDOWS\System32\ucrtbase.dll
0x00007ff8a1550000 - 0x00007ff8a156a000 	C:\Program Files\graalvm-ce-java17-windows-amd64-21.3.0\graalvm-ce-java17-21.3.0\bin\VCRUNTIME140.dll
0x00007ff8a1360000 - 0x00007ff8a1378000 	C:\Program Files\graalvm-ce-java17-windows-amd64-21.3.0\graalvm-ce-java17-21.3.0\bin\jli.dll
0x00007ff8b1de0000 - 0x00007ff8b1f81000 	C:\WINDOWS\System32\USER32.dll
0x00007ff89c9d0000 - 0x00007ff89cc6a000 	C:\WINDOWS\WinSxS\amd64_microsoft.windows.common-controls_6595b64144ccf1df_6.0.19041.1110_none_60b5254171f9507e\COMCTL32.dll
0x00007ff8aff40000 - 0x00007ff8aff62000 	C:\WINDOWS\System32\win32u.dll
0x00007ff8b0bf0000 - 0x00007ff8b0c8e000 	C:\WINDOWS\System32\msvcrt.dll
0x00007ff8b0470000 - 0x00007ff8b049b000 	C:\WINDOWS\System32\GDI32.dll
0x00007ff8b0040000 - 0x00007ff8b014d000 	C:\WINDOWS\System32\gdi32full.dll
0x00007ff8aff70000 - 0x00007ff8b000d000 	C:\WINDOWS\System32\msvcp_win.dll
0x00007ff8b0d00000 - 0x00007ff8b0d30000 	C:\WINDOWS\System32\IMM32.DLL
0x00007ff8ac860000 - 0x00007ff8ac86c000 	C:\Program Files\graalvm-ce-java17-windows-amd64-21.3.0\graalvm-ce-java17-21.3.0\bin\vcruntime140_1.dll
0x00007ff8824b0000 - 0x00007ff88253d000 	C:\Program Files\graalvm-ce-java17-windows-amd64-21.3.0\graalvm-ce-java17-21.3.0\bin\msvcp140.dll
0x00007ff8467c0000 - 0x00007ff847382000 	C:\Program Files\graalvm-ce-java17-windows-amd64-21.3.0\graalvm-ce-java17-21.3.0\bin\server\jvm.dll
0x00007ff8b0290000 - 0x00007ff8b033c000 	C:\WINDOWS\System32\ADVAPI32.dll
0x00007ff8b03d0000 - 0x00007ff8b046b000 	C:\WINDOWS\System32\sechost.dll
0x00007ff8b0500000 - 0x00007ff8b062a000 	C:\WINDOWS\System32\RPCRT4.dll
0x00007ff8b1070000 - 0x00007ff8b1078000 	C:\WINDOWS\System32\PSAPI.DLL
0x00007ff89fc10000 - 0x00007ff89fc19000 	C:\WINDOWS\SYSTEM32\WSOCK32.dll
0x00007ff8a6180000 - 0x00007ff8a61a7000 	C:\WINDOWS\SYSTEM32\WINMM.dll
0x00007ff8a61b0000 - 0x00007ff8a61ba000 	C:\WINDOWS\SYSTEM32\VERSION.dll
0x00007ff8b0b80000 - 0x00007ff8b0beb000 	C:\WINDOWS\System32\WS2_32.dll
0x00007ff8ae1e0000 - 0x00007ff8ae1f2000 	C:\WINDOWS\SYSTEM32\kernel.appcore.dll
0x00007ff8ab050000 - 0x00007ff8ab05a000 	C:\Program Files\graalvm-ce-java17-windows-amd64-21.3.0\graalvm-ce-java17-21.3.0\bin\jimage.dll
0x00007ff8a3860000 - 0x00007ff8a3a44000 	C:\WINDOWS\SYSTEM32\DBGHELP.DLL
0x00007ff8a40d0000 - 0x00007ff8a40fc000 	C:\WINDOWS\SYSTEM32\dbgcore.DLL
0x00007ff8b0150000 - 0x00007ff8b01d2000 	C:\WINDOWS\System32\bcryptPrimitives.dll
0x00007ff89c070000 - 0x00007ff89c095000 	C:\Program Files\graalvm-ce-java17-windows-amd64-21.3.0\graalvm-ce-java17-21.3.0\bin\java.dll
0x00007ff880650000 - 0x00007ff880726000 	C:\Program Files\graalvm-ce-java17-windows-amd64-21.3.0\graalvm-ce-java17-21.3.0\bin\svml.dll
0x00007ff8b10e0000 - 0x00007ff8b1824000 	C:\WINDOWS\System32\SHELL32.dll
0x00007ff8ad6f0000 - 0x00007ff8ade84000 	C:\WINDOWS\SYSTEM32\windows.storage.dll
0x00007ff8b07c0000 - 0x00007ff8b0b15000 	C:\WINDOWS\System32\combase.dll
0x00007ff8af340000 - 0x00007ff8af36e000 	C:\WINDOWS\SYSTEM32\Wldp.dll
0x00007ff8b0710000 - 0x00007ff8b07bd000 	C:\WINDOWS\System32\SHCORE.dll
0x00007ff8b1080000 - 0x00007ff8b10d5000 	C:\WINDOWS\System32\shlwapi.dll
0x00007ff8af8a0000 - 0x00007ff8af8bf000 	C:\WINDOWS\SYSTEM32\profapi.dll
0x00007ff8408d0000 - 0x00007ff842b53000 	C:\Program Files\graalvm-ce-java17-windows-amd64-21.3.0\graalvm-ce-java17-21.3.0\bin\jvmcicompiler.dll
0x00007ff8af3b0000 - 0x00007ff8af3d7000 	C:\WINDOWS\SYSTEM32\ncrypt.dll
0x00007ff8aed30000 - 0x00007ff8aed6b000 	C:\WINDOWS\SYSTEM32\IPHLPAPI.DLL
0x00007ff8af860000 - 0x00007ff8af88e000 	C:\WINDOWS\SYSTEM32\USERENV.dll
0x00007ff8af370000 - 0x00007ff8af3ab000 	C:\WINDOWS\SYSTEM32\NTASN1.dll
0x00007ff8a1040000 - 0x00007ff8a1059000 	C:\Program Files\graalvm-ce-java17-windows-amd64-21.3.0\graalvm-ce-java17-21.3.0\bin\net.dll
0x00007ff8a7430000 - 0x00007ff8a753c000 	C:\WINDOWS\SYSTEM32\WINHTTP.dll
0x00007ff8af040000 - 0x00007ff8af0aa000 	C:\WINDOWS\system32\mswsock.dll
0x00007ff89c800000 - 0x00007ff89c815000 	C:\Program Files\graalvm-ce-java17-windows-amd64-21.3.0\graalvm-ce-java17-21.3.0\bin\nio.dll
0x00007ff89c640000 - 0x00007ff89c658000 	C:\Program Files\graalvm-ce-java17-windows-amd64-21.3.0\graalvm-ce-java17-21.3.0\bin\zip.dll
0x00007ff8a1540000 - 0x00007ff8a1550000 	C:\Program Files\graalvm-ce-java17-windows-amd64-21.3.0\graalvm-ce-java17-21.3.0\bin\verify.dll

dbghelp: loaded successfully - version: 4.0.5 - missing functions: none
symbol engine: initialized successfully - sym options: 0x614 - pdb path: .;C:\Program Files\graalvm-ce-java17-windows-amd64-21.3.0\graalvm-ce-java17-21.3.0\bin;C:\WINDOWS\SYSTEM32;C:\WINDOWS\WinSxS\amd64_microsoft.windows.common-controls_6595b64144ccf1df_6.0.19041.1110_none_60b5254171f9507e;C:\Program Files\graalvm-ce-java17-windows-amd64-21.3.0\graalvm-ce-java17-21.3.0\bin\server

VM Arguments:
jvm_args: -XX:ThreadPriorityPolicy=1 -XX:+UnlockExperimentalVMOptions -XX:+EnableJVMCIProduct -XX:-UnlockExperimentalVMOptions 
java_command: org.jetbrains.kotlin.cli.jvm.K2JVMCompiler @C:\Users\jonat\AndroidStudioProjects\Vendual\app\build\20220102_17880901380984992255.compiler.options
java_class_path (initial): C:\Users\jonat\.gradle\caches\modules-2\files-2.1\org.jetbrains.kotlin\kotlin-compiler-embeddable\1.6.10\88f2073f4020cdb83132cfe940ceb9a60aba54ea\kotlin-compiler-embeddable-1.6.10.jar;C:\Users\jonat\.gradle\caches\modules-2\files-2.1\org.jetbrains.kotlin\kotlin-reflect\1.6.10\1cbe9c92c12a94eea200d23c2bbaedaf3daf5132\kotlin-reflect-1.6.10.jar;C:\Users\jonat\.gradle\caches\modules-2\files-2.1\org.jetbrains.kotlin\kotlin-stdlib\1.6.10\b8af3fe6f1ca88526914929add63cf5e7c5049af\kotlin-stdlib-1.6.10.jar;C:\Users\jonat\.gradle\caches\modules-2\files-2.1\org.jetbrains.kotlin\kotlin-script-runtime\1.6.10\d0a7ff2e2500ef497ed0214ae40ad3c8387a6164\kotlin-script-runtime-1.6.10.jar;C:\Users\jonat\.gradle\caches\modules-2\files-2.1\org.jetbrains.kotlin\kotlin-daemon-embeddable\1.6.10\a56d79bcbea411fa6058e4ecffc2de73e742bd2a\kotlin-daemon-embeddable-1.6.10.jar;C:\Users\jonat\.gradle\caches\modules-2\files-2.1\org.jetbrains.intellij.deps\trove4j\1.0.20181211\216c2e14b070f334479d800987affe4054cd563f\trove4j-1.0.20181211.jar;C:\Users\jonat\.gradle\caches\modules-2\files-2.1\net.java.dev.jna\jna\5.6.0\330f2244e9030119ab3030fc3fededc86713d9cc\jna-5.6.0.jar;C:\Users\jonat\.gradle\caches\modules-2\files-2.1\org.jetbrains\annotations\13.0\919f0dfe192fb4e063e7dacadee7f8bb9a2672a9\annotations-13.0.jar;C:\Users\jonat\.gradle\caches\modules-2\files-2.1\org.jetbrains.kotlin\kotlin-stdlib-common\1.6.10\c118700e3a33c8a0d9adc920e9dec0831171925\kotlin-stdlib-common-1.6.10.jar
Launcher Type: SUN_STANDARD

[Global flags]
     intx CICompilerCount                          = 4                                         {product} {ergonomic}
     uint ConcGCThreads                            = 2                                         {product} {ergonomic}
     bool EnableJVMCIProduct                       = true                                {JVMCI product} {jimage}
     uint G1ConcRefinementThreads                  = 8                                         {product} {ergonomic}
   size_t G1HeapRegionSize                         = 2097152                                   {product} {ergonomic}
    uintx GCDrainStackTargetSize                   = 64                                        {product} {ergonomic}
   size_t InitialHeapSize                          = 167772160                                 {product} {ergonomic}
   size_t MarkStackSize                            = 4194304                                   {product} {ergonomic}
   size_t MaxHeapSize                              = 2667577344                                {product} {ergonomic}
   size_t MaxNewSize                               = 1600126976                                {product} {ergonomic}
   size_t MinHeapDeltaBytes                        = 2097152                                   {product} {ergonomic}
   size_t MinHeapSize                              = 8388608                                   {product} {ergonomic}
    uintx NonNMethodCodeHeapSize                   = 5839372                                {pd product} {ergonomic}
    uintx NonProfiledCodeHeapSize                  = 122909434                              {pd product} {ergonomic}
    uintx ProfiledCodeHeapSize                     = 122909434                              {pd product} {ergonomic}
    uintx ReservedCodeCacheSize                    = 251658240                              {pd product} {ergonomic}
     bool SegmentedCodeCache                       = true                                      {product} {ergonomic}
   size_t SoftMaxHeapSize                          = 2667577344                             {manageable} {ergonomic}
     intx ThreadPriorityPolicy                     = 1                                         {product} {jimage}
     bool UseCompressedClassPointers               = true                           {product lp64_product} {ergonomic}
     bool UseCompressedOops                        = true                           {product lp64_product} {ergonomic}
     bool UseG1GC                                  = true                                      {product} {ergonomic}
     bool UseLargePagesIndividualAllocation        = false                                  {pd product} {ergonomic}

Logging:
Log output configuration:
 #0: stdout all=warning uptime,level,tags
 #1: stderr all=off uptime,level,tags

Environment Variables:
JAVA_HOME=C:\Program Files\graalvm-ce-java17-windows-amd64-21.3.0\graalvm-ce-java17-21.3.0
PATH=C:\Program Files\Python39\Scripts\;C:\Program Files\Python39\;C:\oraclexe\app\oracle\product\11.2.0\server\bin;C:\Program Files (x86)\Borland\Delphi7\Bin;C:\Program Files (x86)\Borland\Delphi7\Projects\Bpl\;C:\WINDOWS\system32;C:\WINDOWS;C:\WINDOWS\System32\Wbem;C:\WINDOWS\System32\WindowsPowerShell\v1.0\;C:\WINDOWS\System32\OpenSSH\;C:\Program Files\nodejs\;C:\ProgramData\chocolatey\bin;C:\xampp\mysql\bin;C:\php-7.4.10;C:\GhostScript;C:\Program Files\dotnet\;C:\Program Files\apache-maven-3.8.1\bin;C:\Program Files\apache-maven-3.8.1\bin;C:\Users\jonat\AppData\Roaming\Python\Python39\Scripts;C:\Program Files\gradle-7.1.1\bin;C:\Program Files\Git\cmd;C:\Program Files\graalvm-ce-java17-windows-amd64-21.3.0\graalvm-ce-java17-21.3.0\bin;C:\Program Files\Java\jdk-17.0.1\bin;C:\Users\jonat\.cargo\bin;C:\Users\jonat\AppData\Local\Microsoft\WindowsApps;C:\Users\jonat\AppData\Local\Programs\Microsoft VS Code\bin;C:\Users\jonat\AppData\Roaming\npm;C:\Program Files\JetBrains\PyCharm Community Edition 2020.3.1\bin;;C:\Users\jonat\.dotnet\tools;C:\Users\jonat\AppData\Local\Pandoc\;C:\Users\jonat\MikTeX\miktex\bin\x64\;C:\Program Files\JetBrains\IntelliJ IDEA Community Edition 2021.2.3\bin;
USERNAME=jonat
OS=Windows_NT
PROCESSOR_IDENTIFIER=AMD64 Family 23 Model 24 Stepping 1, AuthenticAMD



---------------  S Y S T E M  ---------------

OS:
 Windows 10 , 64 bit Build 19041 (10.0.19041.1348)
OS uptime: 11 days 23:35 hours

CPU: total 8 (initial active 8) (8 cores per cpu, 2 threads per core) family 23 model 24 stepping 1 microcode 0x0, cx8, cmov, fxsr, ht, mmx, 3dnowpref, sse, sse2, sse3, ssse3, sse4a, sse4.1, sse4.2, popcnt, lzcnt, tsc, tscinvbit, avx, avx2, aes, clmul, bmi1, bmi2, adx, sha, fma, vzeroupper, clflush, clflushopt

Memory: 4k page, system-wide physical 10170M (384M free)
TotalPageFile size 22170M (AvailPageFile size 3M)
current process WorkingSet (physical memory assigned to process): 613M, peak: 613M
current process commit charge ("private bytes"): 706M, peak: 706M

vm_info: OpenJDK 64-Bit Server VM (17.0.1+12-jvmci-21.3-b05) for windows-amd64 JRE (17.0.1+12-jvmci-21.3-b05), built on Oct 15 2021 23:20:35 by "" with MS VC++ 16.8 (VS2019)

END.
