#
# A fatal error has been detected by the Java Runtime Environment:
#
#  Internal Error (jvmciRuntime.cpp:909), pid=14852, tid=3616
#  fatal error: thread 3616: Fatal error in JVMCI shared library
#
# JRE version: OpenJDK Runtime Environment GraalVM CE 21.3.0 (17.0.1+12) (build 17.0.1+12-jvmci-21.3-b05)
# Java VM: OpenJDK 64-Bit Server VM GraalVM CE 21.3.0 (17.0.1+12-jvmci-21.3-b05, mixed mode, sharing, tiered, jvmci, jvmci compiler, compressed oops, compressed class ptrs, g1 gc, windows-amd64)
# No core dump will be written. Minidumps are not enabled by default on client versions of Windows
#
# If you would like to submit a bug report, please visit:
#   https://github.com/oracle/graal/issues
# The crash happened outside the Java Virtual Machine in native code.
# See problematic frame for where to report the bug.
#

---------------  S U M M A R Y ------------

Command Line: -XX:ThreadPriorityPolicy=1 -XX:+UnlockExperimentalVMOptions -XX:+EnableJVMCIProduct -XX:-UnlockExperimentalVMOptions -Dapplication.home=C:\Program Files\graalvm-ce-java17-windows-amd64-21.3.0\graalvm-ce-java17-21.3.0 --add-modules=ALL-DEFAULT -Xms8m -Djdk.module.main=jdk.jlink jdk.jlink/jdk.tools.jlink.internal.Main --version

Host: AMD Ryzen 5 3500U with Radeon Vega Mobile Gfx  , 8 cores, 9G,  Windows 10 , 64 bit Build 19041 (10.0.19041.1348)
Time: Sun Dec 19 01:59:13 2021 SE Asia Standard Time elapsed time: 0.539348 seconds (0d 0h 0m 0s)

---------------  T H R E A D  ---------------

Current thread (0x00000242a509cd50):  JavaThread "main" [_thread_in_native, id=3616, stack(0x0000007bfff00000,0x0000007c00000000)]

Stack: [0x0000007bfff00000,0x0000007c00000000]
Native frames: (J=compiled Java code, j=interpreted, Vv=VM code, C=native code)
V  [jvm.dll+0x670bfa]
V  [jvm.dll+0x7cf8fd]
V  [jvm.dll+0x7d120e]
V  [jvm.dll+0x24279f]
V  [jvm.dll+0x4b914c]
C  [jvmcicompiler.dll+0x6bb1f]

Java frames: (J=compiled Java code, j=interpreted, Vv=VM code)
j  java.lang.Shutdown.halt0(I)V+0 java.base@17.0.1
j  java.lang.Shutdown.halt(I)V+7 java.base@17.0.1
j  java.lang.Shutdown.exit(I)V+42 java.base@17.0.1
j  java.lang.Runtime.exit(I)V+14 java.base@17.0.1
j  java.lang.System.exit(I)V+4 java.base@17.0.1
j  jdk.tools.jlink.internal.Main.main([Ljava/lang/String;)V+26 jdk.jlink@17.0.1
v  ~StubRoutines::call_stub

---------------  P R O C E S S  ---------------

Threads class SMR info:
_java_thread_list=0x00000242c89cc0a0, length=14, elements={
0x00000242a509cd50, 0x00000242c7e34c40, 0x00000242a51776d0, 0x00000242c7e45e70,
0x00000242c7e47a30, 0x00000242c7e49d90, 0x00000242c7e507f0, 0x00000242c7e55590,
0x00000242c7e56030, 0x00000242c7e58a30, 0x00000242a51680a0, 0x00000242c894cb80,
0x00000242c89beed0, 0x00000242c89cb930
}

Java Threads: ( => current thread )
=>0x00000242a509cd50 JavaThread "main" [_thread_in_native, id=3616, stack(0x0000007bfff00000,0x0000007c00000000)]
  0x00000242c7e34c40 JavaThread "Reference Handler" daemon [_thread_blocked, id=17688, stack(0x0000007b80600000,0x0000007b80700000)]
  0x00000242a51776d0 JavaThread "Finalizer" daemon [_thread_blocked, id=16400, stack(0x0000007b80700000,0x0000007b80800000)]
  0x00000242c7e45e70 JavaThread "Signal Dispatcher" daemon [_thread_blocked, id=17656, stack(0x0000007b80800000,0x0000007b80900000)]
  0x00000242c7e47a30 JavaThread "Attach Listener" daemon [_thread_blocked, id=17824, stack(0x0000007b80900000,0x0000007b80a00000)]
  0x00000242c7e49d90 JavaThread "Service Thread" daemon [_thread_blocked, id=17064, stack(0x0000007b80a00000,0x0000007b80b00000)]
  0x00000242c7e507f0 JavaThread "Monitor Deflation Thread" daemon [_thread_blocked, id=16752, stack(0x0000007b80b00000,0x0000007b80c00000)]
  0x00000242c7e55590 JavaThread "JVMCI-native CompilerThread0" daemon [_thread_blocked, id=14524, stack(0x0000007b80c00000,0x0000007b80d00000)]
  0x00000242c7e56030 JavaThread "C1 CompilerThread0" daemon [_thread_blocked, id=16228, stack(0x0000007b80d00000,0x0000007b80e00000)]
  0x00000242c7e58a30 JavaThread "Sweeper thread" daemon [_thread_blocked, id=17120, stack(0x0000007b80e00000,0x0000007b80f00000)]
  0x00000242a51680a0 JavaThread "Common-Cleaner" daemon [_thread_blocked, id=1108, stack(0x0000007b80f00000,0x0000007b81000000)]
  0x00000242c894cb80 JavaThread "Notification Thread" daemon [_thread_blocked, id=17672, stack(0x0000007b81000000,0x0000007b81100000)]
  0x00000242c89beed0 JavaThread "LibGraalHotSpotGraalManagement-init" daemon [_thread_in_native, id=3660, stack(0x0000007b81200000,0x0000007b81300000)]
  0x00000242c89cb930 JavaThread "JVMCI-native CompilerThread1" daemon [_thread_blocked, id=3668, stack(0x0000007b81300000,0x0000007b81400000)]

Other Threads:
  0x00000242a5176c90 VMThread "VM Thread" [stack: 0x0000007b80500000,0x0000007b80600000] [id=4804]
  0x00000242c894e060 WatcherThread [stack: 0x0000007b81100000,0x0000007b81200000] [id=3040]
  0x00000242a50d9350 GCTaskThread "GC Thread#0" [stack: 0x0000007b80000000,0x0000007b80100000] [id=18132]
  0x00000242c89f87e0 GCTaskThread "GC Thread#1" [stack: 0x0000007b81400000,0x0000007b81500000] [id=18200]
  0x00000242c8a0c6a0 GCTaskThread "GC Thread#2" [stack: 0x0000007b81500000,0x0000007b81600000] [id=16944]
  0x00000242c8a0c950 GCTaskThread "GC Thread#3" [stack: 0x0000007b81600000,0x0000007b81700000] [id=15888]
  0x00000242a50e55a0 ConcurrentGCThread "G1 Main Marker" [stack: 0x0000007b80100000,0x0000007b80200000] [id=16220]
  0x00000242a50e6750 ConcurrentGCThread "G1 Conc#0" [stack: 0x0000007b80200000,0x0000007b80300000] [id=11572]
  0x00000242a51123b0 ConcurrentGCThread "G1 Refine#0" [stack: 0x0000007b80300000,0x0000007b80400000] [id=17960]
  0x00000242a5112dd0 ConcurrentGCThread "G1 Service" [stack: 0x0000007b80400000,0x0000007b80500000] [id=10248]

Threads with active compile tasks:

VM state: not at safepoint (normal execution)

VM Mutex/Monitor currently owned by a thread: None

Heap address: 0x0000000761000000, size: 2544 MB, Compressed Oops mode: Zero based, Oop shift amount: 3

CDS archive(s) mapped at: [0x0000000800000000-0x0000000800bc0000-0x0000000800bc0000), size 12320768, SharedBaseAddress: 0x0000000800000000, ArchiveRelocationMode: 0.
Compressed class space mapped at: 0x0000000800c00000-0x0000000840c00000, reserved size: 1073741824
Narrow klass base: 0x0000000800000000, Narrow klass shift: 0, Narrow klass range: 0x100000000

GC Precious Log:
 CPUs: 8 total, 8 available
 Memory: 10170M
 Large Page Support: Disabled
 NUMA Support: Disabled
 Compressed Oops: Enabled (Zero based)
 Heap Region Size: 2M
 Heap Min Capacity: 8M
 Heap Initial Capacity: 8M
 Heap Max Capacity: 2544M
 Pre-touch: Disabled
 Parallel Workers: 8
 Concurrent Workers: 2
 Concurrent Refinement Workers: 8
 Periodic GC: Disabled

Heap:
 garbage-first heap   total 8192K, used 1024K [0x0000000761000000, 0x0000000800000000)
  region size 2048K, 2 young (4096K), 1 survivors (2048K)
 Metaspace       used 1410K, committed 1600K, reserved 1056768K
  class space    used 136K, committed 256K, reserved 1048576K

Heap Regions: E=young(eden), S=young(survivor), O=old, HS=humongous(starts), HC=humongous(continues), CS=collection set, F=free, OA=open archive, CA=closed archive, TAMS=top-at-mark-start (previous, next)
|   0|0x0000000761000000, 0x0000000761000000, 0x0000000761200000|  0%| F|  |TAMS 0x0000000761000000, 0x0000000761000000| Untracked 
|   1|0x0000000761200000, 0x0000000761200000, 0x0000000761400000|  0%| F|  |TAMS 0x0000000761200000, 0x0000000761200000| Untracked 
|   2|0x0000000761400000, 0x0000000761500000, 0x0000000761600000| 50%| S|CS|TAMS 0x0000000761400000, 0x0000000761400000| Complete 
|   3|0x0000000761600000, 0x00000007616d8020, 0x0000000761800000| 42%| E|  |TAMS 0x0000000761600000, 0x0000000761600000| Complete 

Card table byte_map: [0x00000242bfaf0000,0x00000242bfff0000] _byte_map_base: 0x00000242bbfe8000

Marking Bits (Prev, Next): (CMBitMap*) 0x00000242a50dad70, (CMBitMap*) 0x00000242a50dadb0
 Prev Bits: [0x00000242c04f0000, 0x00000242c2cb0000)
 Next Bits: [0x00000242c2cb0000, 0x00000242c5470000)

Polling page: 0x00000242a5180000

Metaspace:

Usage:
  Non-class:      1.24 MB used.
      Class:    136.27 KB used.
       Both:      1.38 MB used.

Virtual space:
  Non-class space:        8.00 MB reserved,       1.31 MB ( 16%) committed,  1 nodes.
      Class space:        1.00 GB reserved,     256.00 KB ( <1%) committed,  1 nodes.
             Both:        1.01 GB reserved,       1.56 MB ( <1%) committed. 

Chunk freelists:
   Non-Class:  3.59 MB
       Class:  3.68 MB
        Both:  7.28 MB

MaxMetaspaceSize: unlimited
CompressedClassSpaceSize: 1.00 GB
Initial GC threshold: 21.00 MB
Current GC threshold: 21.00 MB
CDS: on
MetaspaceReclaimPolicy: balanced
 - commit_granule_bytes: 65536.
 - commit_granule_words: 8192.
 - virtual_space_node_default_size: 1048576.
 - enlarge_chunks_in_place: 1.
 - new_chunks_are_fully_committed: 0.
 - uncommit_free_chunks: 1.
 - use_allocation_guard: 0.
 - handle_deallocations: 1.


Internal statistics:

num_allocs_failed_limit: 0.
num_arena_births: 30.
num_arena_deaths: 0.
num_vsnodes_births: 2.
num_vsnodes_deaths: 0.
num_space_committed: 25.
num_space_uncommitted: 0.
num_chunks_returned_to_freelist: 0.
num_chunks_taken_from_freelist: 61.
num_chunk_merges: 0.
num_chunk_splits: 35.
num_chunks_enlarged: 23.
num_purges: 0.
num_inconsistent_stats: 0.

CodeHeap 'non-profiled nmethods': size=120000Kb used=112Kb max_used=112Kb free=119887Kb
 bounds [0x00000242b7650000, 0x00000242b78c0000, 0x00000242beb80000]
CodeHeap 'profiled nmethods': size=120000Kb used=532Kb max_used=532Kb free=119467Kb
 bounds [0x00000242b0120000, 0x00000242b0390000, 0x00000242b7650000]
CodeHeap 'non-nmethods': size=5760Kb used=1090Kb max_used=1090Kb free=4669Kb
 bounds [0x00000242afb80000, 0x00000242afdf0000, 0x00000242b0120000]
 total_blobs=744 nmethods=387 adapters=279
 compilation: enabled
              stopped_count=0, restarted_count=0
 full_count=0

JVMCI Events (8 events):
Event: 0.033 Thread 0x00000242a509cd50 created new JVMCI runtime 0 (0x00000242c7e2c220)
Event: 0.033 Thread 0x00000242a509cd50 created new JVMCI runtime -1 (0x00000242c7e2c420)
Event: 0.313 Thread 0x00000242c7e55590 loaded JVMCI shared library from C:\Program Files\graalvm-ce-java17-windows-amd64-21.3.0\graalvm-ce-java17-21.3.0\bin\jvmcicompiler.dll
Event: 0.343 Thread 0x00000242c7e55590 created JavaVM[1]@0x00000242c9908ac0 for JVMCI runtime 0
Event: 0.343 Thread 0x00000242c7e55590 initializing JVMCI runtime 0
Event: 0.347 Thread 0x00000242c7e55590 initialized JVMCI runtime 0
Event: 0.536 Thread 0x00000242a509cd50 shutting down JVMCI
Event: 0.536 Thread 0x00000242a509cd50 shutting down HotSpotJVMCIRuntime for JVMCI runtime 0

Compilation events (20 events):
Event: 0.527 Thread 0x00000242c7e56030  377       1       java.lang.invoke.DirectMethodHandle::internalMemberName (5 bytes)
Event: 0.527 Thread 0x00000242c7e56030 nmethod 377 0x00000242b766b890 code [0x00000242b766ba20, 0x00000242b766baf8]
Event: 0.527 Thread 0x00000242c7e56030  378       3       java.lang.invoke.Invokers$Holder::linkToTargetMethod (9 bytes)
Event: 0.528 Thread 0x00000242c7e56030 nmethod 378 0x00000242b019d910 code [0x00000242b019dac0, 0x00000242b019de58]
Event: 0.528 Thread 0x00000242c7e56030  379       3       java.util.ArrayList::add (25 bytes)
Event: 0.528 Thread 0x00000242c7e56030 nmethod 379 0x00000242b019df10 code [0x00000242b019e0e0, 0x00000242b019e688]
Event: 0.528 Thread 0x00000242c7e56030  380       3       java.util.ArrayList::add (23 bytes)
Event: 0.529 Thread 0x00000242c7e56030 nmethod 380 0x00000242b019e890 code [0x00000242b019ea60, 0x00000242b019ef88]
Event: 0.529 Thread 0x00000242c7e56030  381       3       java.lang.invoke.LambdaForm$Name::initIndex (26 bytes)
Event: 0.529 Thread 0x00000242c7e56030 nmethod 381 0x00000242b019f110 code [0x00000242b019f2a0, 0x00000242b019f458]
Event: 0.530 Thread 0x00000242c89cb930  383       4       java.lang.invoke.MethodType::parameterType (7 bytes)
Event: 0.532 Thread 0x00000242c7e56030  384   !   3       java.lang.invoke.MemberName::clone (14 bytes)
Event: 0.532 Thread 0x00000242c7e56030 nmethod 384 0x00000242b019f510 code [0x00000242b019f6e0, 0x00000242b019fbb8]
Event: 0.532 Thread 0x00000242c7e56030  385       3       java.lang.ref.SoftReference::get (29 bytes)
Event: 0.533 Thread 0x00000242c7e56030 nmethod 385 0x00000242b019fd10 code [0x00000242b019fea0, 0x00000242b01a0078]
Event: 0.533 Thread 0x00000242c7e56030  386       3       sun.invoke.util.VerifyAccess::isClassAccessible (230 bytes)
Event: 0.533 Thread 0x00000242c89cb930 nmethod 383 0x00000242b766bf90 code [0x00000242b766c100, 0x00000242b766c1a8]
Event: 0.534 Thread 0x00000242c7e56030 nmethod 386 0x00000242b01a0110 code [0x00000242b01a0420, 0x00000242b01a1318]
Event: 0.534 Thread 0x00000242c7e56030  388       3       jdk.internal.org.objectweb.asm.Type::getArgumentsAndReturnSizes (140 bytes)
Event: 0.536 Thread 0x00000242c7e55590 


GC Heap History (2 events):
Event: 0.434 GC heap before
{Heap before GC invocations=0 (full 0):
 garbage-first heap   total 8192K, used 2048K [0x0000000761000000, 0x0000000800000000)
  region size 2048K, 1 young (2048K), 0 survivors (0K)
 Metaspace       used 856K, committed 960K, reserved 1056768K
  class space    used 76K, committed 128K, reserved 1048576K
}
Event: 0.439 GC heap after
{Heap after GC invocations=1 (full 0):
 garbage-first heap   total 8192K, used 1024K [0x0000000761000000, 0x0000000800000000)
  region size 2048K, 1 young (2048K), 1 survivors (2048K)
 Metaspace       used 856K, committed 960K, reserved 1056768K
  class space    used 76K, committed 128K, reserved 1048576K
}

Deoptimization events (0 events):
No events

Classes unloaded (0 events):
No events

Classes redefined (0 events):
No events

Internal exceptions (7 events):
Event: 0.364 Thread 0x00000242a509cd50 Exception <a 'java/lang/NoSuchMethodError'{0x00000007617b5628}: 'void java.lang.invoke.DirectMethodHandle$Holder.invokeStatic(java.lang.Object, java.lang.Object, java.lang.Object, java.lang.Object)'> (0x00000007617b5628) 
thrown [c:\users\buildbot\worker\e\main\jdk\src\hotspot\share\interpreter\linkResolver.cpp, line 766]
Event: 0.366 Thread 0x00000242a509cd50 Exception <a 'java/lang/NoSuchMethodError'{0x00000007617b9440}: 'void java.lang.invoke.DirectMethodHandle$Holder.invokeStaticInit(java.lang.Object, java.lang.Object, java.lang.Object, java.lang.Object)'> (0x00000007617b9440) 
thrown [c:\users\buildbot\worker\e\main\jdk\src\hotspot\share\interpreter\linkResolver.cpp, line 766]
Event: 0.449 Thread 0x00000242a509cd50 Exception <a 'java/lang/NoSuchMethodError'{0x0000000761608cc0}: 'java.lang.Object java.lang.invoke.DirectMethodHandle$Holder.invokeStaticInit(java.lang.Object)'> (0x0000000761608cc0) 
thrown [c:\users\buildbot\worker\e\main\jdk\src\hotspot\share\interpreter\linkResolver.cpp, line 766]
Event: 0.474 Thread 0x00000242a509cd50 Exception <a 'java/lang/NoSuchMethodError'{0x0000000761636b50}: 'java.lang.Object java.lang.invoke.DirectMethodHandle$Holder.invokeInterface(java.lang.Object, java.lang.Object)'> (0x0000000761636b50) 
thrown [c:\users\buildbot\worker\e\main\jdk\src\hotspot\share\interpreter\linkResolver.cpp, line 766]
Event: 0.481 Thread 0x00000242a509cd50 Exception <a 'java/lang/NoSuchMethodError'{0x00000007616484c8}: 'void java.lang.invoke.DirectMethodHandle$Holder.invokeInterface(java.lang.Object, java.lang.Object, java.lang.Object)'> (0x00000007616484c8) 
thrown [c:\users\buildbot\worker\e\main\jdk\src\hotspot\share\interpreter\linkResolver.cpp, line 766]
Event: 0.483 Thread 0x00000242a509cd50 Exception <a 'java/lang/NoSuchMethodError'{0x000000076164edb0}: 'int java.lang.invoke.DirectMethodHandle$Holder.invokeStaticInit(java.lang.Object, java.lang.Object)'> (0x000000076164edb0) 
thrown [c:\users\buildbot\worker\e\main\jdk\src\hotspot\share\interpreter\linkResolver.cpp, line 766]
Event: 0.528 Thread 0x00000242a509cd50 Exception <a 'java/lang/NoSuchMethodError'{0x00000007616bff60}: 'void java.lang.invoke.DirectMethodHandle$Holder.invokeSpecial(java.lang.Object, java.lang.Object, java.lang.Object, java.lang.Object, java.lang.Object)'> (0x00000007616bff60) 
thrown [c:\users\buildbot\worker\e\main\jdk\src\hotspot\share\interpreter\linkResolver.cpp, line 766]

VM Operations (6 events):
Event: 0.233 Executing VM operation: HandshakeAllThreads
Event: 0.233 Executing VM operation: HandshakeAllThreads done
Event: 0.425 Executing VM operation: HandshakeAllThreads
Event: 0.425 Executing VM operation: HandshakeAllThreads done
Event: 0.433 Executing VM operation: G1CollectForAllocation
Event: 0.439 Executing VM operation: G1CollectForAllocation done

Events (20 events):
Event: 0.472 loading class java/util/stream/Streams$ConcatSpliterator done
Event: 0.472 loading class java/util/stream/Streams$ConcatSpliterator$OfRef done
Event: 0.473 loading class java/util/stream/StreamSpliterators$WrappingSpliterator
Event: 0.473 loading class java/util/stream/StreamSpliterators$AbstractWrappingSpliterator
Event: 0.473 loading class java/util/stream/StreamSpliterators$AbstractWrappingSpliterator done
Event: 0.473 loading class java/util/stream/StreamSpliterators$WrappingSpliterator done
Event: 0.474 loading class java/util/stream/Streams$2
Event: 0.474 loading class java/util/stream/Streams$2 done
Event: 0.482 loading class java/util/stream/StreamSpliterators
Event: 0.482 loading class java/util/stream/StreamSpliterators done
Event: 0.506 loading class sun/util/locale/LocaleExtensions
Event: 0.506 loading class sun/util/locale/LocaleExtensions done
Event: 0.506 loading class sun/util/locale/UnicodeLocaleExtension
Event: 0.507 loading class sun/util/locale/Extension
Event: 0.507 loading class sun/util/locale/Extension done
Event: 0.507 loading class sun/util/locale/UnicodeLocaleExtension done
Event: 0.515 loading class java/util/AbstractMap$2
Event: 0.515 loading class java/util/AbstractMap$2 done
Event: 0.515 loading class java/util/AbstractMap$2$1
Event: 0.515 loading class java/util/AbstractMap$2$1 done


Dynamic libraries:
0x00007ff692420000 - 0x00007ff692428000 	C:\Program Files\graalvm-ce-java17-windows-amd64-21.3.0\graalvm-ce-java17-21.3.0\bin\jlink.exe
0x00007ff8e4630000 - 0x00007ff8e4825000 	C:\WINDOWS\SYSTEM32\ntdll.dll
0x00007ff8e2670000 - 0x00007ff8e272e000 	C:\WINDOWS\System32\KERNEL32.DLL
0x00007ff8e2260000 - 0x00007ff8e2528000 	C:\WINDOWS\System32\KERNELBASE.dll
0x00007ff8e1e20000 - 0x00007ff8e1f20000 	C:\WINDOWS\System32\ucrtbase.dll
0x00007ff8cd1d0000 - 0x00007ff8cd1e8000 	C:\Program Files\graalvm-ce-java17-windows-amd64-21.3.0\graalvm-ce-java17-21.3.0\bin\jli.dll
0x00007ff8cd470000 - 0x00007ff8cd48a000 	C:\Program Files\graalvm-ce-java17-windows-amd64-21.3.0\graalvm-ce-java17-21.3.0\bin\VCRUNTIME140.dll
0x00007ff8e3df0000 - 0x00007ff8e3f91000 	C:\WINDOWS\System32\USER32.dll
0x00007ff8e1f80000 - 0x00007ff8e1fa2000 	C:\WINDOWS\System32\win32u.dll
0x00007ff8d2dc0000 - 0x00007ff8d305a000 	C:\WINDOWS\WinSxS\amd64_microsoft.windows.common-controls_6595b64144ccf1df_6.0.19041.1110_none_60b5254171f9507e\COMCTL32.dll
0x00007ff8e3440000 - 0x00007ff8e346b000 	C:\WINDOWS\System32\GDI32.dll
0x00007ff8e3750000 - 0x00007ff8e37ee000 	C:\WINDOWS\System32\msvcrt.dll
0x00007ff8e2530000 - 0x00007ff8e263d000 	C:\WINDOWS\System32\gdi32full.dll
0x00007ff8e21c0000 - 0x00007ff8e225d000 	C:\WINDOWS\System32\msvcp_win.dll
0x00007ff8e3cd0000 - 0x00007ff8e3d00000 	C:\WINDOWS\System32\IMM32.DLL
0x00007ff8d2890000 - 0x00007ff8d289c000 	C:\Program Files\graalvm-ce-java17-windows-amd64-21.3.0\graalvm-ce-java17-21.3.0\bin\vcruntime140_1.dll
0x00007ff8b0720000 - 0x00007ff8b07ad000 	C:\Program Files\graalvm-ce-java17-windows-amd64-21.3.0\graalvm-ce-java17-21.3.0\bin\msvcp140.dll
0x00007ff8617d0000 - 0x00007ff862392000 	C:\Program Files\graalvm-ce-java17-windows-amd64-21.3.0\graalvm-ce-java17-21.3.0\bin\server\jvm.dll
0x00007ff8e36a0000 - 0x00007ff8e374c000 	C:\WINDOWS\System32\ADVAPI32.dll
0x00007ff8e3fa0000 - 0x00007ff8e403b000 	C:\WINDOWS\System32\sechost.dll
0x00007ff8e3ba0000 - 0x00007ff8e3cca000 	C:\WINDOWS\System32\RPCRT4.dll
0x00007ff8e3620000 - 0x00007ff8e3628000 	C:\WINDOWS\System32\PSAPI.DLL
0x00007ff8d1640000 - 0x00007ff8d1649000 	C:\WINDOWS\SYSTEM32\WSOCK32.dll
0x00007ff8d8850000 - 0x00007ff8d8877000 	C:\WINDOWS\SYSTEM32\WINMM.dll
0x00007ff8e3630000 - 0x00007ff8e369b000 	C:\WINDOWS\System32\WS2_32.dll
0x00007ff8d8880000 - 0x00007ff8d888a000 	C:\WINDOWS\SYSTEM32\VERSION.dll
0x00007ff8e05c0000 - 0x00007ff8e05d2000 	C:\WINDOWS\SYSTEM32\kernel.appcore.dll
0x00007ff8d2530000 - 0x00007ff8d253a000 	C:\Program Files\graalvm-ce-java17-windows-amd64-21.3.0\graalvm-ce-java17-21.3.0\bin\jimage.dll
0x00007ff8d6280000 - 0x00007ff8d6464000 	C:\WINDOWS\SYSTEM32\DBGHELP.DLL
0x00007ff8d5ee0000 - 0x00007ff8d5f0c000 	C:\WINDOWS\SYSTEM32\dbgcore.DLL
0x00007ff8e1d40000 - 0x00007ff8e1dc2000 	C:\WINDOWS\System32\bcryptPrimitives.dll
0x00007ff8c2860000 - 0x00007ff8c2885000 	C:\Program Files\graalvm-ce-java17-windows-amd64-21.3.0\graalvm-ce-java17-21.3.0\bin\java.dll
0x00007ff8b0080000 - 0x00007ff8b0156000 	C:\Program Files\graalvm-ce-java17-windows-amd64-21.3.0\graalvm-ce-java17-21.3.0\bin\svml.dll
0x00007ff8e2ce0000 - 0x00007ff8e3424000 	C:\WINDOWS\System32\SHELL32.dll
0x00007ff8dfad0000 - 0x00007ff8e0264000 	C:\WINDOWS\SYSTEM32\windows.storage.dll
0x00007ff8e2900000 - 0x00007ff8e2c55000 	C:\WINDOWS\System32\combase.dll
0x00007ff8e1720000 - 0x00007ff8e174e000 	C:\WINDOWS\SYSTEM32\Wldp.dll
0x00007ff8e3af0000 - 0x00007ff8e3b9d000 	C:\WINDOWS\System32\SHCORE.dll
0x00007ff8e44c0000 - 0x00007ff8e4515000 	C:\WINDOWS\System32\shlwapi.dll
0x00007ff8e1c80000 - 0x00007ff8e1c9f000 	C:\WINDOWS\SYSTEM32\profapi.dll
0x00007ff85f540000 - 0x00007ff8617c3000 	C:\Program Files\graalvm-ce-java17-windows-amd64-21.3.0\graalvm-ce-java17-21.3.0\bin\jvmcicompiler.dll
0x00007ff8e1790000 - 0x00007ff8e17b7000 	C:\WINDOWS\SYSTEM32\ncrypt.dll
0x00007ff8e1110000 - 0x00007ff8e114b000 	C:\WINDOWS\SYSTEM32\IPHLPAPI.DLL
0x00007ff8e1c00000 - 0x00007ff8e1c2e000 	C:\WINDOWS\SYSTEM32\USERENV.dll
0x00007ff8e1750000 - 0x00007ff8e178b000 	C:\WINDOWS\SYSTEM32\NTASN1.dll
0x00007ff8e1420000 - 0x00007ff8e148a000 	C:\WINDOWS\system32\mswsock.dll
0x00007ff8cc0b0000 - 0x00007ff8cc0c9000 	C:\Program Files\graalvm-ce-java17-windows-amd64-21.3.0\graalvm-ce-java17-21.3.0\bin\net.dll
0x00007ff8d6510000 - 0x00007ff8d661c000 	C:\WINDOWS\SYSTEM32\WINHTTP.dll
0x00007ff8cb540000 - 0x00007ff8cb555000 	C:\Program Files\graalvm-ce-java17-windows-amd64-21.3.0\graalvm-ce-java17-21.3.0\bin\nio.dll

dbghelp: loaded successfully - version: 4.0.5 - missing functions: none
symbol engine: initialized successfully - sym options: 0x614 - pdb path: .;C:\Program Files\graalvm-ce-java17-windows-amd64-21.3.0\graalvm-ce-java17-21.3.0\bin;C:\WINDOWS\SYSTEM32;C:\WINDOWS\WinSxS\amd64_microsoft.windows.common-controls_6595b64144ccf1df_6.0.19041.1110_none_60b5254171f9507e;C:\Program Files\graalvm-ce-java17-windows-amd64-21.3.0\graalvm-ce-java17-21.3.0\bin\server

VM Arguments:
jvm_args: -XX:ThreadPriorityPolicy=1 -XX:+UnlockExperimentalVMOptions -XX:+EnableJVMCIProduct -XX:-UnlockExperimentalVMOptions -Dapplication.home=C:\Program Files\graalvm-ce-java17-windows-amd64-21.3.0\graalvm-ce-java17-21.3.0 --add-modules=ALL-DEFAULT -Xms8m -Djdk.module.main=jdk.jlink 
java_command: jdk.jlink/jdk.tools.jlink.internal.Main --version
java_class_path (initial): <not set>
Launcher Type: SUN_STANDARD

[Global flags]
     intx CICompilerCount                          = 4                                         {product} {ergonomic}
     uint ConcGCThreads                            = 2                                         {product} {ergonomic}
     bool EnableJVMCIProduct                       = true                                {JVMCI product} {jimage}
     uint G1ConcRefinementThreads                  = 8                                         {product} {ergonomic}
   size_t G1HeapRegionSize                         = 2097152                                   {product} {ergonomic}
    uintx GCDrainStackTargetSize                   = 64                                        {product} {ergonomic}
   size_t InitialHeapSize                          = 8388608                                   {product} {command line}
   size_t MarkStackSize                            = 4194304                                   {product} {ergonomic}
   size_t MaxHeapSize                              = 2667577344                                {product} {ergonomic}
   size_t MaxNewSize                               = 1600126976                                {product} {ergonomic}
   size_t MinHeapDeltaBytes                        = 2097152                                   {product} {ergonomic}
   size_t MinHeapSize                              = 8388608                                   {product} {command line}
    uintx NonNMethodCodeHeapSize                   = 5839372                                {pd product} {ergonomic}
    uintx NonProfiledCodeHeapSize                  = 122909434                              {pd product} {ergonomic}
    uintx ProfiledCodeHeapSize                     = 122909434                              {pd product} {ergonomic}
    uintx ReservedCodeCacheSize                    = 251658240                              {pd product} {ergonomic}
     bool SegmentedCodeCache                       = true                                      {product} {ergonomic}
   size_t SoftMaxHeapSize                          = 2667577344                             {manageable} {ergonomic}
     intx ThreadPriorityPolicy                     = 1                                         {product} {jimage}
     bool UseCompressedClassPointers               = true                           {product lp64_product} {ergonomic}
     bool UseCompressedOops                        = true                           {product lp64_product} {ergonomic}
     bool UseG1GC                                  = true                                      {product} {ergonomic}
     bool UseLargePagesIndividualAllocation        = false                                  {pd product} {ergonomic}

Logging:
Log output configuration:
 #0: stdout all=warning uptime,level,tags
 #1: stderr all=off uptime,level,tags

Environment Variables:
JAVA_HOME=C:\Program Files\graalvm-ce-java17-windows-amd64-21.3.0\graalvm-ce-java17-21.3.0
PATH=C:\Program Files\Python39\Scripts\;C:\Program Files\Python39\;C:\oraclexe\app\oracle\product\11.2.0\server\bin;C:\Program Files (x86)\Borland\Delphi7\Bin;C:\Program Files (x86)\Borland\Delphi7\Projects\Bpl\;C:\WINDOWS\system32;C:\WINDOWS;C:\WINDOWS\System32\Wbem;C:\WINDOWS\System32\WindowsPowerShell\v1.0\;C:\WINDOWS\System32\OpenSSH\;C:\Program Files\nodejs\;C:\ProgramData\chocolatey\bin;C:\xampp\mysql\bin;C:\php-7.4.10;C:\GhostScript;C:\Program Files\dotnet\;C:\Program Files\apache-maven-3.8.1\bin;C:\Program Files\apache-maven-3.8.1\bin;C:\Users\jonat\AppData\Roaming\Python\Python39\Scripts;C:\Program Files\gradle-7.1.1\bin;C:\Program Files\Git\cmd;C:\Program Files\graalvm-ce-java17-windows-amd64-21.3.0\graalvm-ce-java17-21.3.0\bin;C:\Program Files\Java\jdk-17.0.1\bin;C:\Users\jonat\.cargo\bin;C:\Users\jonat\AppData\Local\Microsoft\WindowsApps;C:\Users\jonat\AppData\Local\Programs\Microsoft VS Code\bin;C:\Users\jonat\AppData\Roaming\npm;C:\Program Files\JetBrains\PyCharm Community Edition 2020.3.1\bin;;C:\Users\jonat\.dotnet\tools;C:\Users\jonat\AppData\Local\Pandoc\;C:\Users\jonat\MikTeX\miktex\bin\x64\;C:\Program Files\JetBrains\IntelliJ IDEA Community Edition 2021.2.3\bin;
USERNAME=jonat
OS=Windows_NT
PROCESSOR_IDENTIFIER=AMD64 Family 23 Model 24 Stepping 1, AuthenticAMD



---------------  S Y S T E M  ---------------

OS:
 Windows 10 , 64 bit Build 19041 (10.0.19041.1348)
OS uptime: 3 days 6:32 hours

CPU: total 8 (initial active 8) (8 cores per cpu, 2 threads per core) family 23 model 24 stepping 1 microcode 0x0, cx8, cmov, fxsr, ht, mmx, 3dnowpref, sse, sse2, sse3, ssse3, sse4a, sse4.1, sse4.2, popcnt, lzcnt, tsc, tscinvbit, avx, avx2, aes, clmul, bmi1, bmi2, adx, sha, fma, vzeroupper, clflush, clflushopt

Memory: 4k page, system-wide physical 10170M (406M free)
TotalPageFile size 22170M (AvailPageFile size 4M)
current process WorkingSet (physical memory assigned to process): 91M, peak: 91M
current process commit charge ("private bytes"): 132M, peak: 133M

vm_info: OpenJDK 64-Bit Server VM (17.0.1+12-jvmci-21.3-b05) for windows-amd64 JRE (17.0.1+12-jvmci-21.3-b05), built on Oct 15 2021 23:20:35 by "" with MS VC++ 16.8 (VS2019)

END.
