#
# A fatal error has been detected by the Java Runtime Environment:
#
#  Internal Error (jvmciRuntime.cpp:909), pid=8100, tid=14856
#  fatal error: thread 14856: Fatal error in JVMCI shared library
#
# JRE version: OpenJDK Runtime Environment GraalVM CE 21.3.0 (17.0.1+12) (build 17.0.1+12-jvmci-21.3-b05)
# Java VM: OpenJDK 64-Bit Server VM GraalVM CE 21.3.0 (17.0.1+12-jvmci-21.3-b05, mixed mode, sharing, tiered, jvmci, jvmci compiler, compressed oops, compressed class ptrs, g1 gc, windows-amd64)
# No core dump will be written. Minidumps are not enabled by default on client versions of Windows
#
# If you would like to submit a bug report, please visit:
#   https://github.com/oracle/graal/issues
# The crash happened outside the Java Virtual Machine in native code.
# See problematic frame for where to report the bug.
#

---------------  S U M M A R Y ------------

Command Line: -XX:ThreadPriorityPolicy=1 -XX:+UnlockExperimentalVMOptions -XX:+EnableJVMCIProduct -XX:-UnlockExperimentalVMOptions -Dapplication.home=C:\Program Files\graalvm-ce-java17-windows-amd64-21.3.0\graalvm-ce-java17-21.3.0 --add-modules=ALL-DEFAULT -Xms8m -Djdk.module.main=jdk.jlink jdk.jlink/jdk.tools.jlink.internal.Main --module-path C:\Users\jonat\.gradle\caches\transforms-3\8ee3d696f280412d36aaea3225f23db5\transformed\output\temp\jmod --add-modules java.base --output C:\Users\jonat\.gradle\caches\transforms-3\8ee3d696f280412d36aaea3225f23db5\transformed\output\jdkImage --disable-plugin system-modules

Host: AMD Ryzen 5 3500U with Radeon Vega Mobile Gfx  , 8 cores, 9G,  Windows 10 , 64 bit Build 19041 (10.0.19041.1348)
Time: Sun Dec 19 01:58:33 2021 SE Asia Standard Time elapsed time: 1.111593 seconds (0d 0h 0m 1s)

---------------  T H R E A D  ---------------

Current thread (0x0000027fdaed80e0):  JavaThread "JVMCI-native CompilerThread0" daemon [_thread_in_native, id=14856, stack(0x000000c355700000,0x000000c355800000)]


Current CompileTask:
JVMCI-native:   1112 1235       4       java.nio.ByteBuffer::position (8 bytes)

Stack: [0x000000c355700000,0x000000c355800000]
Native frames: (J=compiled Java code, j=interpreted, Vv=VM code, C=native code)
V  [jvm.dll+0x670bfa]
V  [jvm.dll+0x7cf8fd]
V  [jvm.dll+0x7d120e]
V  [jvm.dll+0x24279f]
V  [jvm.dll+0x4b914c]
C  [jvmcicompiler.dll+0x6bb1f]


---------------  P R O C E S S  ---------------

Threads class SMR info:
_java_thread_list=0x0000027fdb95ab60, length=14, elements={
0x0000027fba09f8e0, 0x0000027fdaeafc60, 0x0000027fdaeb1820, 0x0000027fdaec6f00,
0x0000027fdaec79c0, 0x0000027fdaeca480, 0x0000027fdaed7350, 0x0000027fdaed80e0,
0x0000027fdaed8b80, 0x0000027fdaed9570, 0x0000027fba16c690, 0x0000027fdb951f80,
0x0000027fdb9cfb80, 0x0000027fdb9dc910
}

Java Threads: ( => current thread )
  0x0000027fba09f8e0 JavaThread "main" [_thread_in_Java, id=9828, stack(0x000000c354a00000,0x000000c354b00000)]
  0x0000027fdaeafc60 JavaThread "Reference Handler" daemon [_thread_blocked, id=15656, stack(0x000000c355100000,0x000000c355200000)]
  0x0000027fdaeb1820 JavaThread "Finalizer" daemon [_thread_blocked, id=14404, stack(0x000000c355200000,0x000000c355300000)]
  0x0000027fdaec6f00 JavaThread "Signal Dispatcher" daemon [_thread_blocked, id=5400, stack(0x000000c355300000,0x000000c355400000)]
  0x0000027fdaec79c0 JavaThread "Attach Listener" daemon [_thread_blocked, id=1192, stack(0x000000c355400000,0x000000c355500000)]
  0x0000027fdaeca480 JavaThread "Service Thread" daemon [_thread_blocked, id=15828, stack(0x000000c355500000,0x000000c355600000)]
  0x0000027fdaed7350 JavaThread "Monitor Deflation Thread" daemon [_thread_blocked, id=18276, stack(0x000000c355600000,0x000000c355700000)]
=>0x0000027fdaed80e0 JavaThread "JVMCI-native CompilerThread0" daemon [_thread_in_native, id=14856, stack(0x000000c355700000,0x000000c355800000)]
  0x0000027fdaed8b80 JavaThread "C1 CompilerThread0" daemon [_thread_blocked, id=15600, stack(0x000000c355800000,0x000000c355900000)]
  0x0000027fdaed9570 JavaThread "Sweeper thread" daemon [_thread_blocked, id=16756, stack(0x000000c355900000,0x000000c355a00000)]
  0x0000027fba16c690 JavaThread "Common-Cleaner" daemon [_thread_blocked, id=7372, stack(0x000000c355a00000,0x000000c355b00000)]
  0x0000027fdb951f80 JavaThread "Notification Thread" daemon [_thread_blocked, id=17532, stack(0x000000c355b00000,0x000000c355c00000)]
  0x0000027fdb9cfb80 JavaThread "LibGraalHotSpotGraalManagement-init" daemon [_thread_in_native, id=16852, stack(0x000000c355d00000,0x000000c355e00000)]
  0x0000027fdb9dc910 JavaThread "JVMCI-native CompilerThread1" daemon [_thread_in_vm, id=16188, stack(0x000000c355e00000,0x000000c355f00000)]

Other Threads:
  0x0000027fba17c9b0 VMThread "VM Thread" [stack: 0x000000c355000000,0x000000c355100000] [id=11816] _threads_hazard_ptr=0x0000027fdb95ab60
  0x0000027fdb952450 WatcherThread [stack: 0x000000c355c00000,0x000000c355d00000] [id=10780]
  0x0000027fba0daa20 GCTaskThread "GC Thread#0" [stack: 0x000000c354b00000,0x000000c354c00000] [id=14456]
  0x0000027fdb9f5020 GCTaskThread "GC Thread#1" [stack: 0x000000c355f00000,0x000000c356000000] [id=10272]
  0x0000027fdba0bd70 GCTaskThread "GC Thread#2" [stack: 0x000000c356000000,0x000000c356100000] [id=6428]
  0x0000027fdba0c020 GCTaskThread "GC Thread#3" [stack: 0x000000c356100000,0x000000c356200000] [id=17956]
  0x0000027fdba44c00 GCTaskThread "GC Thread#4" [stack: 0x000000c356200000,0x000000c356300000] [id=18260]
  0x0000027fdbbc8d40 GCTaskThread "GC Thread#5" [stack: 0x000000c356300000,0x000000c356400000] [id=5888]
  0x0000027fba0e5700 ConcurrentGCThread "G1 Main Marker" [stack: 0x000000c354c00000,0x000000c354d00000] [id=14572]
  0x0000027fba0e8780 ConcurrentGCThread "G1 Conc#0" [stack: 0x000000c354d00000,0x000000c354e00000] [id=12872]
  0x0000027fba116340 ConcurrentGCThread "G1 Refine#0" [stack: 0x000000c354e00000,0x000000c354f00000] [id=5324]
  0x0000027fba117c10 ConcurrentGCThread "G1 Service" [stack: 0x000000c354f00000,0x000000c355000000] [id=17528]

Threads with active compile tasks:
JVMCI-native CompilerThread0     1142 1235       4       java.nio.ByteBuffer::position (8 bytes)
C1 CompilerThread0     1143 1365       3       java.util.ArrayDeque::addLast (51 bytes)
JVMCI-native CompilerThread1     1143 1141       4       jdk.tools.jlink.internal.ImageResourcesTree$Node::buildPath (34 bytes)

VM state: synchronizing (normal execution)

VM Mutex/Monitor currently owned by a thread:  ([mutex/lock_event])
[0x0000027fba099fb0] Threads_lock - owner thread: 0x0000027fba17c9b0
[0x0000027fba09af70] Heap_lock - owner thread: 0x0000027fba09f8e0

Heap address: 0x0000000761000000, size: 2544 MB, Compressed Oops mode: Zero based, Oop shift amount: 3

CDS archive(s) mapped at: [0x0000000800000000-0x0000000800bc0000-0x0000000800bc0000), size 12320768, SharedBaseAddress: 0x0000000800000000, ArchiveRelocationMode: 0.
Compressed class space mapped at: 0x0000000800c00000-0x0000000840c00000, reserved size: 1073741824
Narrow klass base: 0x0000000800000000, Narrow klass shift: 0, Narrow klass range: 0x100000000

GC Precious Log:
 CPUs: 8 total, 8 available
 Memory: 10170M
 Large Page Support: Disabled
 NUMA Support: Disabled
 Compressed Oops: Enabled (Zero based)
 Heap Region Size: 2M
 Heap Min Capacity: 8M
 Heap Initial Capacity: 8M
 Heap Max Capacity: 2544M
 Pre-touch: Disabled
 Parallel Workers: 8
 Concurrent Workers: 2
 Concurrent Refinement Workers: 8
 Periodic GC: Disabled

Heap:
 garbage-first heap   total 22528K, used 8780K [0x0000000761000000, 0x0000000800000000)
  region size 2048K, 4 young (8192K), 1 survivors (2048K)
 Metaspace       used 3294K, committed 3520K, reserved 1056768K
  class space    used 330K, committed 448K, reserved 1048576K

Heap Regions: E=young(eden), S=young(survivor), O=old, HS=humongous(starts), HC=humongous(continues), CS=collection set, F=free, OA=open archive, CA=closed archive, TAMS=top-at-mark-start (previous, next)
|   0|0x0000000761000000, 0x0000000761200000, 0x0000000761200000|100%| O|  |TAMS 0x0000000761000000, 0x0000000761000000| Untracked 
|   1|0x0000000761200000, 0x0000000761200000, 0x0000000761400000|  0%| F|  |TAMS 0x0000000761200000, 0x0000000761200000| Untracked 
|   2|0x0000000761400000, 0x0000000761400000, 0x0000000761600000|  0%| F|  |TAMS 0x0000000761400000, 0x0000000761400000| Untracked 
|   3|0x0000000761600000, 0x00000007616e2830, 0x0000000761800000| 44%| S|CS|TAMS 0x0000000761600000, 0x0000000761600000| Complete 
|   4|0x0000000761800000, 0x0000000761800000, 0x0000000761a00000|  0%| F|  |TAMS 0x0000000761800000, 0x0000000761800000| Untracked 
|   5|0x0000000761a00000, 0x0000000761a00000, 0x0000000761c00000|  0%| F|  |TAMS 0x0000000761a00000, 0x0000000761a00000| Untracked 
|   6|0x0000000761c00000, 0x0000000761c00000, 0x0000000761e00000|  0%| F|  |TAMS 0x0000000761c00000, 0x0000000761c00000| Untracked 
|   7|0x0000000761e00000, 0x0000000762000000, 0x0000000762000000|100%| E|CS|TAMS 0x0000000761e00000, 0x0000000761e00000| Complete 
|   8|0x0000000762000000, 0x0000000762200000, 0x0000000762200000|100%| E|CS|TAMS 0x0000000762000000, 0x0000000762000000| Complete 
|   9|0x0000000762200000, 0x0000000762400000, 0x0000000762400000|100%| E|  |TAMS 0x0000000762200000, 0x0000000762200000| Complete 
|1271|0x00000007ffe00000, 0x00000007fffb0a00, 0x0000000800000000| 84%| O|  |TAMS 0x00000007ffe00000, 0x00000007ffe00000| Untracked 

Card table byte_map: [0x0000027fd2bd0000,0x0000027fd30d0000] _byte_map_base: 0x0000027fcf0c8000

Marking Bits (Prev, Next): (CMBitMap*) 0x0000027fba0daed0, (CMBitMap*) 0x0000027fba0daf10
 Prev Bits: [0x0000027fd35d0000, 0x0000027fd5d90000)
 Next Bits: [0x0000027fd5d90000, 0x0000027fd8550000)

Polling page: 0x0000027fb9880000

Metaspace:

Usage:
  Non-class:      2.89 MB used.
      Class:    330.55 KB used.
       Both:      3.22 MB used.

Virtual space:
  Non-class space:        8.00 MB reserved,       3.00 MB ( 38%) committed,  1 nodes.
      Class space:        1.00 GB reserved,     448.00 KB ( <1%) committed,  1 nodes.
             Both:        1.01 GB reserved,       3.44 MB ( <1%) committed. 

Chunk freelists:
   Non-Class:  3.08 MB
       Class:  3.50 MB
        Both:  6.58 MB

MaxMetaspaceSize: unlimited
CompressedClassSpaceSize: 1.00 GB
Initial GC threshold: 21.00 MB
Current GC threshold: 21.00 MB
CDS: on
MetaspaceReclaimPolicy: balanced
 - commit_granule_bytes: 65536.
 - commit_granule_words: 8192.
 - virtual_space_node_default_size: 1048576.
 - enlarge_chunks_in_place: 1.
 - new_chunks_are_fully_committed: 0.
 - uncommit_free_chunks: 1.
 - use_allocation_guard: 0.
 - handle_deallocations: 1.


Internal statistics:

num_allocs_failed_limit: 0.
num_arena_births: 274.
num_arena_deaths: 0.
num_vsnodes_births: 2.
num_vsnodes_deaths: 0.
num_space_committed: 55.
num_space_uncommitted: 0.
num_chunks_returned_to_freelist: 0.
num_chunks_taken_from_freelist: 356.
num_chunk_merges: 0.
num_chunk_splits: 198.
num_chunks_enlarged: 71.
num_purges: 0.
num_inconsistent_stats: 0.

CodeHeap 'non-profiled nmethods': size=120000Kb used=425Kb max_used=425Kb free=119574Kb
 bounds [0x0000027fcae70000, 0x0000027fcb0e0000, 0x0000027fd23a0000]
CodeHeap 'profiled nmethods': size=120000Kb used=2397Kb max_used=2397Kb free=117602Kb
 bounds [0x0000027fc3940000, 0x0000027fc3bb0000, 0x0000027fcae70000]
CodeHeap 'non-nmethods': size=5760Kb used=1134Kb max_used=1141Kb free=4625Kb
 bounds [0x0000027fc33a0000, 0x0000027fc3610000, 0x0000027fc3940000]
 total_blobs=1762 nmethods=1351 adapters=328
 compilation: enabled
              stopped_count=0, restarted_count=0
 full_count=0

JVMCI Events (6 events):
Event: 0.031 Thread 0x0000027fba09f8e0 created new JVMCI runtime 0 (0x0000027fba0e61c0)
Event: 0.031 Thread 0x0000027fba09f8e0 created new JVMCI runtime -1 (0x0000027fba0e6c80)
Event: 0.174 Thread 0x0000027fdaed80e0 loaded JVMCI shared library from C:\Program Files\graalvm-ce-java17-windows-amd64-21.3.0\graalvm-ce-java17-21.3.0\bin\jvmcicompiler.dll
Event: 0.203 Thread 0x0000027fdaed80e0 created JavaVM[1]@0x0000027fdc908ac0 for JVMCI runtime 0
Event: 0.203 Thread 0x0000027fdaed80e0 initializing JVMCI runtime 0
Event: 0.205 Thread 0x0000027fdaed80e0 initialized JVMCI runtime 0

Compilation events (20 events):
Event: 1.095 Thread 0x0000027fdaed8b80 1328       3       java.util.ArrayDeque::inc (12 bytes)
Event: 1.095 Thread 0x0000027fdaed8b80 nmethod 1328 0x0000027fc3b8b010 code [0x0000027fc3b8b1a0, 0x0000027fc3b8b2d8]
Event: 1.095 Thread 0x0000027fdaed8b80 1327       3       java.lang.ref.Reference::clear (5 bytes)
Event: 1.095 Thread 0x0000027fdaed8b80 nmethod 1327 0x0000027fc3b8b390 code [0x0000027fc3b8b520, 0x0000027fc3b8b668]
Event: 1.096 Thread 0x0000027fdaed8b80 1329       3       jdk.internal.ref.PhantomCleanable::clean (16 bytes)
Event: 1.097 Thread 0x0000027fdaed8b80 nmethod 1329 0x0000027fc3b8b710 code [0x0000027fc3b8b8e0, 0x0000027fc3b8bd08]
Event: 1.097 Thread 0x0000027fdaed8b80 1330       3       jdk.internal.ref.CleanerImpl$PhantomCleanableRef::performCleanup (10 bytes)
Event: 1.097 Thread 0x0000027fdaed8b80 nmethod 1330 0x0000027fc3b8be10 code [0x0000027fc3b8bfc0, 0x0000027fc3b8c2e8]
Event: 1.097 Thread 0x0000027fdaed8b80 1331       3       java.nio.MappedByteBuffer::limit (8 bytes)
Event: 1.097 Thread 0x0000027fdaed8b80 nmethod 1331 0x0000027fc3b8c390 code [0x0000027fc3b8c540, 0x0000027fc3b8c6e8]
Event: 1.102 Thread 0x0000027fdaed8b80 1332       3       java.lang.ref.WeakReference::<init> (7 bytes)
Event: 1.103 Thread 0x0000027fdaed8b80 nmethod 1332 0x0000027fc3b8c790 code [0x0000027fc3b8c940, 0x0000027fc3b8cc38]
Event: 1.103 Thread 0x0000027fdaed8b80 1333       3       java.io.RandomAccessFile::read (8 bytes)
Event: 1.103 Thread 0x0000027fdaed8b80 nmethod 1333 0x0000027fc3b8cd10 code [0x0000027fc3b8cea0, 0x0000027fc3b8cfe8]
Event: 1.104 Thread 0x0000027fdaed80e0 nmethod 1314 0x0000027fcaed8590 code [0x0000027fcaed8740, 0x0000027fcaed8c00]
Event: 1.104 Thread 0x0000027fdaed80e0 1234       4       java.nio.Buffer::position (52 bytes)
Event: 1.104 Thread 0x0000027fdaed8b80 1335       3       java.lang.ref.Reference::refersTo (6 bytes)
Event: 1.105 Thread 0x0000027fdaed8b80 nmethod 1335 0x0000027fc3b8d090 code [0x0000027fc3b8d240, 0x0000027fc3b8d568]
Event: 1.107 Thread 0x0000027fdaed80e0 nmethod 1234 0x0000027fcaed9310 code [0x0000027fcaed9480, 0x0000027fcaed9510]
Event: 1.107 Thread 0x0000027fdaed80e0 1235       4       java.nio.ByteBuffer::position (8 bytes)

GC Heap History (18 events):
Event: 0.248 GC heap before
{Heap before GC invocations=0 (full 0):
 garbage-first heap   total 8192K, used 2048K [0x0000000761000000, 0x0000000800000000)
  region size 2048K, 1 young (2048K), 0 survivors (0K)
 Metaspace       used 852K, committed 960K, reserved 1056768K
  class space    used 76K, committed 128K, reserved 1048576K
}
Event: 0.252 GC heap after
{Heap after GC invocations=1 (full 0):
 garbage-first heap   total 8192K, used 1040K [0x0000000761000000, 0x0000000800000000)
  region size 2048K, 1 young (2048K), 1 survivors (2048K)
 Metaspace       used 852K, committed 960K, reserved 1056768K
  class space    used 76K, committed 128K, reserved 1048576K
}
Event: 0.459 GC heap before
{Heap before GC invocations=1 (full 0):
 garbage-first heap   total 8192K, used 1040K [0x0000000761000000, 0x0000000800000000)
  region size 2048K, 2 young (4096K), 1 survivors (2048K)
 Metaspace       used 1966K, committed 2112K, reserved 1056768K
  class space    used 202K, committed 256K, reserved 1048576K
}
Event: 0.464 GC heap after
{Heap after GC invocations=2 (full 0):
 garbage-first heap   total 8192K, used 1557K [0x0000000761000000, 0x0000000800000000)
  region size 2048K, 1 young (2048K), 1 survivors (2048K)
 Metaspace       used 1966K, committed 2112K, reserved 1056768K
  class space    used 202K, committed 256K, reserved 1048576K
}
Event: 0.566 GC heap before
{Heap before GC invocations=2 (full 0):
 garbage-first heap   total 8192K, used 1557K [0x0000000761000000, 0x0000000800000000)
  region size 2048K, 2 young (4096K), 1 survivors (2048K)
 Metaspace       used 2337K, committed 2560K, reserved 1056768K
  class space    used 244K, committed 320K, reserved 1048576K
}
Event: 0.573 GC heap after
{Heap after GC invocations=3 (full 0):
 garbage-first heap   total 8192K, used 2947K [0x0000000761000000, 0x0000000800000000)
  region size 2048K, 1 young (2048K), 1 survivors (2048K)
 Metaspace       used 2337K, committed 2560K, reserved 1056768K
  class space    used 244K, committed 320K, reserved 1048576K
}
Event: 0.667 GC heap before
{Heap before GC invocations=3 (full 0):
 garbage-first heap   total 8192K, used 2947K [0x0000000761000000, 0x0000000800000000)
  region size 2048K, 2 young (4096K), 1 survivors (2048K)
 Metaspace       used 2640K, committed 2944K, reserved 1056768K
  class space    used 286K, committed 448K, reserved 1048576K
}
Event: 0.672 GC heap after
{Heap after GC invocations=4 (full 0):
 garbage-first heap   total 10240K, used 3122K [0x0000000761000000, 0x0000000800000000)
  region size 2048K, 1 young (2048K), 1 survivors (2048K)
 Metaspace       used 2640K, committed 2944K, reserved 1056768K
  class space    used 286K, committed 448K, reserved 1048576K
}
Event: 0.747 GC heap before
{Heap before GC invocations=4 (full 0):
 garbage-first heap   total 10240K, used 3122K [0x0000000761000000, 0x0000000800000000)
  region size 2048K, 2 young (4096K), 1 survivors (2048K)
 Metaspace       used 2822K, committed 3072K, reserved 1056768K
  class space    used 301K, committed 448K, reserved 1048576K
}
Event: 0.749 GC heap after
{Heap after GC invocations=5 (full 0):
 garbage-first heap   total 14336K, used 3218K [0x0000000761000000, 0x0000000800000000)
  region size 2048K, 1 young (2048K), 1 survivors (2048K)
 Metaspace       used 2822K, committed 3072K, reserved 1056768K
  class space    used 301K, committed 448K, reserved 1048576K
}
Event: 0.831 GC heap before
{Heap before GC invocations=5 (full 0):
 garbage-first heap   total 14336K, used 3218K [0x0000000761000000, 0x0000000800000000)
  region size 2048K, 2 young (4096K), 1 survivors (2048K)
 Metaspace       used 2964K, committed 3200K, reserved 1056768K
  class space    used 317K, committed 448K, reserved 1048576K
}
Event: 0.834 GC heap after
{Heap after GC invocations=6 (full 0):
 garbage-first heap   total 14336K, used 3858K [0x0000000761000000, 0x0000000800000000)
  region size 2048K, 1 young (2048K), 1 survivors (2048K)
 Metaspace       used 2964K, committed 3200K, reserved 1056768K
  class space    used 317K, committed 448K, reserved 1048576K
}
Event: 0.919 GC heap before
{Heap before GC invocations=6 (full 0):
 garbage-first heap   total 14336K, used 5906K [0x0000000761000000, 0x0000000800000000)
  region size 2048K, 2 young (4096K), 1 survivors (2048K)
 Metaspace       used 3070K, committed 3328K, reserved 1056768K
  class space    used 320K, committed 448K, reserved 1048576K
}
Event: 0.922 GC heap after
{Heap after GC invocations=7 (full 0):
 garbage-first heap   total 14336K, used 4092K [0x0000000761000000, 0x0000000800000000)
  region size 2048K, 1 young (2048K), 1 survivors (2048K)
 Metaspace       used 3070K, committed 3328K, reserved 1056768K
  class space    used 320K, committed 448K, reserved 1048576K
}
Event: 0.953 GC heap before
{Heap before GC invocations=7 (full 0):
 garbage-first heap   total 14336K, used 6140K [0x0000000761000000, 0x0000000800000000)
  region size 2048K, 2 young (4096K), 1 survivors (2048K)
 Metaspace       used 3149K, committed 3392K, reserved 1056768K
  class space    used 320K, committed 448K, reserved 1048576K
}
Event: 0.956 GC heap after
{Heap after GC invocations=8 (full 0):
 garbage-first heap   total 14336K, used 4337K [0x0000000761000000, 0x0000000800000000)
  region size 2048K, 1 young (2048K), 1 survivors (2048K)
 Metaspace       used 3149K, committed 3392K, reserved 1056768K
  class space    used 320K, committed 448K, reserved 1048576K
}
Event: 0.999 GC heap before
{Heap before GC invocations=8 (full 0):
 garbage-first heap   total 14336K, used 6385K [0x0000000761000000, 0x0000000800000000)
  region size 2048K, 2 young (4096K), 1 survivors (2048K)
 Metaspace       used 3206K, committed 3456K, reserved 1056768K
  class space    used 324K, committed 448K, reserved 1048576K
}
Event: 1.003 GC heap after
{Heap after GC invocations=9 (full 0):
 garbage-first heap   total 22528K, used 4684K [0x0000000761000000, 0x0000000800000000)
  region size 2048K, 1 young (2048K), 1 survivors (2048K)
 Metaspace       used 3206K, committed 3456K, reserved 1056768K
  class space    used 324K, committed 448K, reserved 1048576K
}

Deoptimization events (20 events):
Event: 0.555 Thread 0x0000027fba09f8e0 DEOPT PACKING pc=0x0000027fc3a071d6 sp=0x000000c354afe0b0
Event: 0.555 Thread 0x0000027fba09f8e0 DEOPT UNPACKING pc=0x0000027fc33f2945 sp=0x000000c354afd550 mode 0
Event: 0.557 Thread 0x0000027fba09f8e0 DEOPT PACKING pc=0x0000027fc3974a51 sp=0x000000c354afe470
Event: 0.557 Thread 0x0000027fba09f8e0 DEOPT UNPACKING pc=0x0000027fc33f2945 sp=0x000000c354afd8e8 mode 0
Event: 0.558 Thread 0x0000027fba09f8e0 Uncommon trap: trap_request=0xffffffed fr.pc=0x0000027fcae9e07e relative=0x00000000000001de
Event: 0.558 Thread 0x0000027fba09f8e0 Uncommon trap: reason=null_assert_or_unreached0 action=reinterpret pc=0x0000027fcae9e07e method=java.lang.StringLatin1.newString([BII)Ljava/lang/String; @ 0 jvmci
Event: 0.558 Thread 0x0000027fba09f8e0 DEOPT PACKING pc=0x0000027fcae9e07e sp=0x000000c354afe490
Event: 0.558 Thread 0x0000027fba09f8e0 DEOPT UNPACKING pc=0x0000027fc33f2945 sp=0x000000c354afd920 mode 3
Event: 0.561 Thread 0x0000027fba09f8e0 DEOPT PACKING pc=0x0000027fc3974a51 sp=0x000000c354afe470
Event: 0.561 Thread 0x0000027fba09f8e0 DEOPT UNPACKING pc=0x0000027fc33f2945 sp=0x000000c354afd8e8 mode 0
Event: 0.685 Thread 0x0000027fba09f8e0 Uncommon trap: trap_request=0xffffffed fr.pc=0x0000027fcae9199c relative=0x0000000000000a9c
Event: 0.685 Thread 0x0000027fba09f8e0 Uncommon trap: reason=null_assert_or_unreached0 action=reinterpret pc=0x0000027fcae9199c method=java.util.HashMap.putVal(ILjava/lang/Object;Ljava/lang/Object;ZZ)Ljava/lang/Object; @ 134 jvmci
Event: 0.685 Thread 0x0000027fba09f8e0 DEOPT PACKING pc=0x0000027fcae9199c sp=0x000000c354afe840
Event: 0.685 Thread 0x0000027fba09f8e0 DEOPT UNPACKING pc=0x0000027fc33f2945 sp=0x000000c354afdce0 mode 3
Event: 0.962 Thread 0x0000027fba09f8e0 Uncommon trap: trap_request=0xffffffed fr.pc=0x0000027fcaed10c8 relative=0x0000000000000228
Event: 0.962 Thread 0x0000027fba09f8e0 Uncommon trap: reason=null_assert_or_unreached0 action=reinterpret pc=0x0000027fcaed10c8 method=java.util.TreeMap.getEntry(Ljava/lang/Object;)Ljava/util/TreeMap$Entry; @ 0 jvmci
Event: 0.963 Thread 0x0000027fba09f8e0 DEOPT PACKING pc=0x0000027fcaed10c8 sp=0x000000c354afea40
Event: 0.963 Thread 0x0000027fba09f8e0 DEOPT UNPACKING pc=0x0000027fc33f2945 sp=0x000000c354afdec0 mode 3
Event: 1.091 Thread 0x0000027fba09f8e0 DEOPT PACKING pc=0x0000027fc3a111bb sp=0x000000c354afe620
Event: 1.091 Thread 0x0000027fba09f8e0 DEOPT UNPACKING pc=0x0000027fc33f2945 sp=0x000000c354afda80 mode 0

Classes unloaded (0 events):
No events

Classes redefined (0 events):
No events

Internal exceptions (20 events):
Event: 0.618 Thread 0x0000027fba09f8e0 Exception <a 'java/lang/NoSuchMethodError'{0x0000000761701098}: 'java.lang.Object java.lang.invoke.DirectMethodHandle$Holder.invokeSpecial(java.lang.Object, java.lang.Object, java.lang.Object, java.lang.Object, java.lang.Object, java.lang.Object, java.lang.Object, java.lang.Object, java.lang.Object)'> (0x0000000761701098) 
thrown [c:\users\buildbot\worker\e\main\jdk\src\hotspot\share\interpreter\linkResolver.cpp, line 766]
Event: 0.620 Thread 0x0000027fba09f8e0 Exception <a 'java/lang/NoSuchMethodError'{0x0000000761708f68}: 'java.lang.Object java.lang.invoke.DirectMethodHandle$Holder.invokeSpecial(java.lang.Object, java.lang.Object, java.lang.Object, double)'> (0x0000000761708f68) 
thrown [c:\users\buildbot\worker\e\main\jdk\src\hotspot\share\interpreter\linkResolver.cpp, line 766]
Event: 0.623 Thread 0x0000027fba09f8e0 Exception <a 'java/lang/NoSuchMethodError'{0x0000000761717700}: 'java.lang.Object java.lang.invoke.DirectMethodHandle$Holder.invokeSpecial(java.lang.Object, java.lang.Object, java.lang.Object, int, java.lang.Object)'> (0x0000000761717700) 
thrown [c:\users\buildbot\worker\e\main\jdk\src\hotspot\share\interpreter\linkResolver.cpp, line 766]
Event: 0.627 Thread 0x0000027fba09f8e0 Exception <a 'java/lang/NoSuchMethodError'{0x00000007617371b0}: 'java.lang.Object java.lang.invoke.DirectMethodHandle$Holder.invokeSpecial(java.lang.Object, java.lang.Object, java.lang.Object, long, long)'> (0x00000007617371b0) 
thrown [c:\users\buildbot\worker\e\main\jdk\src\hotspot\share\interpreter\linkResolver.cpp, line 766]
Event: 0.639 Thread 0x0000027fba09f8e0 Exception <a 'java/lang/NoSuchMethodError'{0x000000076177a920}: 'int java.lang.invoke.DirectMethodHandle$Holder.invokeSpecial(java.lang.Object, java.lang.Object, java.lang.Object)'> (0x000000076177a920) 
thrown [c:\users\buildbot\worker\e\main\jdk\src\hotspot\share\interpreter\linkResolver.cpp, line 766]
Event: 0.644 Thread 0x0000027fba09f8e0 Exception <a 'java/lang/NoSuchMethodError'{0x000000076178e7c8}: 'int java.lang.invoke.DirectMethodHandle$Holder.invokeSpecial(java.lang.Object, java.lang.Object, java.lang.Object, int)'> (0x000000076178e7c8) 
thrown [c:\users\buildbot\worker\e\main\jdk\src\hotspot\share\interpreter\linkResolver.cpp, line 766]
Event: 0.646 Thread 0x0000027fba09f8e0 Exception <a 'java/lang/NoSuchMethodError'{0x0000000761796148}: 'java.lang.Object java.lang.invoke.DirectMethodHandle$Holder.invokeSpecial(java.lang.Object, java.lang.Object, java.lang.Object, java.lang.Object, java.lang.Object, java.lang.Object, java.lang.Object, java.lang.Object, java.lang.Object, java.lang.Object, java.lang.Object)'> (0x0000000761796148) 
thrown [c:\users\buildbot\worker\e\main\jdk\src\hotspot\share\interpreter\linkResolver.cpp, line 766]
Event: 0.647 Thread 0x0000027fba09f8e0 Exception <a 'java/lang/NoSuchMethodError'{0x000000076179e898}: 'java.lang.Object java.lang.invoke.DirectMethodHandle$Holder.invokeSpecial(java.lang.Object, java.lang.Object, java.lang.Object, java.lang.Object, java.lang.Object, java.lang.Object, java.lang.Object, java.lang.Object, java.lang.Object, java.lang.Object, java.lang.Object, java.lang.Object)'> (0x000000076179e898) 
thrown [c:\users\buildbot\worker\e\main\jdk\src\hotspot\share\interpreter\linkResolver.cpp, line 766]
Event: 0.649 Thread 0x0000027fba09f8e0 Exception <a 'java/lang/NoSuchMethodError'{0x00000007617a72f0}: 'java.lang.Object java.lang.invoke.DirectMethodHandle$Holder.invokeSpecial(java.lang.Object, java.lang.Object, java.lang.Object, java.lang.Object, java.lang.Object, java.lang.Object, java.lang.Object, java.lang.Object, java.lang.Object, java.lang.Object, java.lang.Object, java.lang.Object, java.lang.Object)'> (0x00000007617a72f0) 
thrown [c:\users\buildbot\worker\e\main\jdk\src\hotspot\share\interpreter\linkResolver.cpp, line 766]
Event: 0.652 Thread 0x0000027fba09f8e0 Exception <a 'java/lang/NoSuchMethodError'{0x00000007617b01a0}: 'java.lang.Object java.lang.invoke.DirectMethodHandle$Holder.invokeSpecial(java.lang.Object, java.lang.Object, java.lang.Object, java.lang.Object, java.lang.Object, java.lang.Object, java.lang.Object, java.lang.Object, java.lang.Object, java.lang.Object, java.lang.Object, java.lang.Object, java.lang.Object, java.lang.Object)'> (0x00000007617b01a0) 
thrown [c:\users\buildbot\worker\e\main\jdk\src\hotspot\share\interpreter\linkResolver.cpp, line
Event: 0.654 Thread 0x0000027fba09f8e0 Exception <a 'java/lang/NoSuchMethodError'{0x00000007617b9748}: 'java.lang.Object java.lang.invoke.DirectMethodHandle$Holder.invokeSpecial(java.lang.Object, java.lang.Object, java.lang.Object, java.lang.Object, java.lang.Object, java.lang.Object, java.lang.Object, java.lang.Object, java.lang.Object, java.lang.Object, java.lang.Object, java.lang.Object, java.lang.Object, java.lang.Object, java.lang.Object)'> (0x00000007617b9748) 
thrown [c:\users\buildbot\worker\e\main\jdk\src\hotspot\share\interpreter\link
Event: 0.655 Thread 0x0000027fba09f8e0 Exception <a 'java/lang/NoSuchMethodError'{0x00000007617c2ef0}: 'java.lang.Object java.lang.invoke.DirectMethodHandle$Holder.invokeSpecial(java.lang.Object, java.lang.Object, java.lang.Object, java.lang.Object, java.lang.Object, java.lang.Object, java.lang.Object, java.lang.Object, java.lang.Object, java.lang.Object, java.lang.Object, java.lang.Object, java.lang.Object, java.lang.Object, java.lang.Object, java.lang.Object)'> (0x00000007617c2ef0) 
thrown [c:\users\buildbot\worker\e\main\jdk\src\hotspot\shar
Event: 0.659 Thread 0x0000027fba09f8e0 Exception <a 'java/lang/NoSuchMethodError'{0x00000007617dcaf8}: 'java.lang.Object java.lang.invoke.DirectMethodHandle$Holder.invokeSpecial(java.lang.Object, java.lang.Object, java.lang.Object, java.lang.Object, double)'> (0x00000007617dcaf8) 
thrown [c:\users\buildbot\worker\e\main\jdk\src\hotspot\share\interpreter\linkResolver.cpp, line 766]
Event: 0.662 Thread 0x0000027fba09f8e0 Exception <a 'java/lang/NoSuchMethodError'{0x00000007617eb970}: 'java.lang.Object java.lang.invoke.DirectMethodHandle$Holder.invokeSpecial(java.lang.Object, java.lang.Object, java.lang.Object, java.lang.Object, java.lang.Object, long)'> (0x00000007617eb970) 
thrown [c:\users\buildbot\worker\e\main\jdk\src\hotspot\share\interpreter\linkResolver.cpp, line 766]
Event: 0.665 Thread 0x0000027fba09f8e0 Exception <a 'java/lang/NoSuchMethodError'{0x00000007617f6d00}: 'java.lang.Object java.lang.invoke.DirectMethodHandle$Holder.invokeSpecial(java.lang.Object, java.lang.Object, java.lang.Object, java.lang.Object, java.lang.Object, java.lang.Object, java.lang.Object, java.lang.Object, java.lang.Object, java.lang.Object)'> (0x00000007617f6d00) 
thrown [c:\users\buildbot\worker\e\main\jdk\src\hotspot\share\interpreter\linkResolver.cpp, line 766]
Event: 0.676 Thread 0x0000027fba09f8e0 Exception <a 'java/lang/NoSuchMethodError'{0x000000076160f8f0}: 'int java.lang.invoke.DirectMethodHandle$Holder.invokeSpecial(java.lang.Object, java.lang.Object, int)'> (0x000000076160f8f0) 
thrown [c:\users\buildbot\worker\e\main\jdk\src\hotspot\share\interpreter\linkResolver.cpp, line 766]
Event: 0.761 Thread 0x0000027fba09f8e0 Exception <a 'java/lang/NoSuchMethodError'{0x0000000761a1a140}: 'int java.lang.invoke.DirectMethodHandle$Holder.invokeStatic(java.lang.Object, java.lang.Object, java.lang.Object, java.lang.Object)'> (0x0000000761a1a140) 
thrown [c:\users\buildbot\worker\e\main\jdk\src\hotspot\share\interpreter\linkResolver.cpp, line 766]
Event: 0.776 Thread 0x0000027fba09f8e0 Exception <a 'java/lang/IncompatibleClassChangeError'{0x0000000761a6e6a0}: Found class java.lang.Object, but interface was expected> (0x0000000761a6e6a0) 
thrown [c:\users\buildbot\worker\e\main\jdk\src\hotspot\share\interpreter\linkResolver.cpp, line 833]
Event: 0.800 Thread 0x0000027fba09f8e0 Exception <a 'java/lang/NoSuchMethodError'{0x0000000761ae2ee0}: 'void java.lang.invoke.DirectMethodHandle$Holder.invokeStatic(java.lang.Object, java.lang.Object, java.lang.Object, java.lang.Object, java.lang.Object, java.lang.Object, java.lang.Object)'> (0x0000000761ae2ee0) 
thrown [c:\users\buildbot\worker\e\main\jdk\src\hotspot\share\interpreter\linkResolver.cpp, line 766]
Event: 0.802 Thread 0x0000027fba09f8e0 Exception <a 'java/lang/NoSuchMethodError'{0x0000000761aeade8}: 'java.lang.Object java.lang.invoke.DirectMethodHandle$Holder.newInvokeSpecial(java.lang.Object, java.lang.Object, java.lang.Object, java.lang.Object, java.lang.Object, java.lang.Object)'> (0x0000000761aeade8) 
thrown [c:\users\buildbot\worker\e\main\jdk\src\hotspot\share\interpreter\linkResolver.cpp, line 766]

VM Operations (20 events):
Event: 0.362 Executing VM operation: HandshakeAllThreads
Event: 0.362 Executing VM operation: HandshakeAllThreads done
Event: 0.459 Executing VM operation: G1CollectForAllocation
Event: 0.464 Executing VM operation: G1CollectForAllocation done
Event: 0.544 Executing VM operation: HandshakeAllThreads
Event: 0.544 Executing VM operation: HandshakeAllThreads done
Event: 0.566 Executing VM operation: G1CollectForAllocation
Event: 0.573 Executing VM operation: G1CollectForAllocation done
Event: 0.667 Executing VM operation: G1CollectForAllocation
Event: 0.672 Executing VM operation: G1CollectForAllocation done
Event: 0.747 Executing VM operation: G1CollectForAllocation
Event: 0.749 Executing VM operation: G1CollectForAllocation done
Event: 0.830 Executing VM operation: G1CollectForAllocation
Event: 0.834 Executing VM operation: G1CollectForAllocation done
Event: 0.919 Executing VM operation: G1CollectForAllocation
Event: 0.922 Executing VM operation: G1CollectForAllocation done
Event: 0.953 Executing VM operation: G1CollectForAllocation
Event: 0.956 Executing VM operation: G1CollectForAllocation done
Event: 0.999 Executing VM operation: G1CollectForAllocation
Event: 1.003 Executing VM operation: G1CollectForAllocation done

Events (20 events):
Event: 0.546 loading class java/util/stream/AbstractSpinedBuffer
Event: 0.546 loading class java/util/stream/AbstractSpinedBuffer done
Event: 0.546 loading class java/util/stream/SpinedBuffer done
Event: 0.546 loading class java/util/stream/Nodes$SpinedNodeBuilder done
Event: 0.547 loading class java/io/BufferedReader$1
Event: 0.547 loading class java/io/BufferedReader$1 done
Event: 0.548 loading class java/util/LinkedHashMap$LinkedValues
Event: 0.548 loading class java/util/LinkedHashMap$LinkedValues done
Event: 0.550 loading class java/util/LinkedHashMap$LinkedValueIterator
Event: 0.550 loading class java/util/LinkedHashMap$LinkedValueIterator done
Event: 0.751 loading class jdk/internal/module/ModuleInfo$DataInputWrapper
Event: 0.752 loading class jdk/internal/module/ModuleInfo$DataInputWrapper done
Event: 0.754 loading class jdk/internal/misc/ScopedMemoryAccess$Scope
Event: 0.755 loading class jdk/internal/misc/ScopedMemoryAccess$Scope done
Event: 0.798 loading class java/util/Formatter$FixedString
Event: 0.799 loading class java/util/Formatter$FixedString done
Event: 0.837 loading class java/util/ComparableTimSort
Event: 0.838 loading class java/util/ComparableTimSort done
Event: 1.019 loading class java/util/stream/SortedOps$RefSortingSink
Event: 1.019 loading class java/util/stream/SortedOps$RefSortingSink done


Dynamic libraries:
0x00007ff76b6e0000 - 0x00007ff76b6e8000 	C:\Program Files\graalvm-ce-java17-windows-amd64-21.3.0\graalvm-ce-java17-21.3.0\bin\jlink.exe
0x00007ff8e4630000 - 0x00007ff8e4825000 	C:\WINDOWS\SYSTEM32\ntdll.dll
0x00007ff8e2670000 - 0x00007ff8e272e000 	C:\WINDOWS\System32\KERNEL32.DLL
0x00007ff8e2260000 - 0x00007ff8e2528000 	C:\WINDOWS\System32\KERNELBASE.dll
0x00007ff8e1e20000 - 0x00007ff8e1f20000 	C:\WINDOWS\System32\ucrtbase.dll
0x00007ff8cd1d0000 - 0x00007ff8cd1e8000 	C:\Program Files\graalvm-ce-java17-windows-amd64-21.3.0\graalvm-ce-java17-21.3.0\bin\jli.dll
0x00007ff8cd470000 - 0x00007ff8cd48a000 	C:\Program Files\graalvm-ce-java17-windows-amd64-21.3.0\graalvm-ce-java17-21.3.0\bin\VCRUNTIME140.dll
0x00007ff8e3df0000 - 0x00007ff8e3f91000 	C:\WINDOWS\System32\USER32.dll
0x00007ff8d2dc0000 - 0x00007ff8d305a000 	C:\WINDOWS\WinSxS\amd64_microsoft.windows.common-controls_6595b64144ccf1df_6.0.19041.1110_none_60b5254171f9507e\COMCTL32.dll
0x00007ff8e1f80000 - 0x00007ff8e1fa2000 	C:\WINDOWS\System32\win32u.dll
0x00007ff8e3750000 - 0x00007ff8e37ee000 	C:\WINDOWS\System32\msvcrt.dll
0x00007ff8e3440000 - 0x00007ff8e346b000 	C:\WINDOWS\System32\GDI32.dll
0x00007ff8e2530000 - 0x00007ff8e263d000 	C:\WINDOWS\System32\gdi32full.dll
0x00007ff8e21c0000 - 0x00007ff8e225d000 	C:\WINDOWS\System32\msvcp_win.dll
0x00007ff8e3cd0000 - 0x00007ff8e3d00000 	C:\WINDOWS\System32\IMM32.DLL
0x00007ff8d2890000 - 0x00007ff8d289c000 	C:\Program Files\graalvm-ce-java17-windows-amd64-21.3.0\graalvm-ce-java17-21.3.0\bin\vcruntime140_1.dll
0x00007ff8b0720000 - 0x00007ff8b07ad000 	C:\Program Files\graalvm-ce-java17-windows-amd64-21.3.0\graalvm-ce-java17-21.3.0\bin\msvcp140.dll
0x00007ff8617d0000 - 0x00007ff862392000 	C:\Program Files\graalvm-ce-java17-windows-amd64-21.3.0\graalvm-ce-java17-21.3.0\bin\server\jvm.dll
0x00007ff8e36a0000 - 0x00007ff8e374c000 	C:\WINDOWS\System32\ADVAPI32.dll
0x00007ff8e3fa0000 - 0x00007ff8e403b000 	C:\WINDOWS\System32\sechost.dll
0x00007ff8e3ba0000 - 0x00007ff8e3cca000 	C:\WINDOWS\System32\RPCRT4.dll
0x00007ff8e3620000 - 0x00007ff8e3628000 	C:\WINDOWS\System32\PSAPI.DLL
0x00007ff8d1640000 - 0x00007ff8d1649000 	C:\WINDOWS\SYSTEM32\WSOCK32.dll
0x00007ff8d8850000 - 0x00007ff8d8877000 	C:\WINDOWS\SYSTEM32\WINMM.dll
0x00007ff8d8880000 - 0x00007ff8d888a000 	C:\WINDOWS\SYSTEM32\VERSION.dll
0x00007ff8e3630000 - 0x00007ff8e369b000 	C:\WINDOWS\System32\WS2_32.dll
0x00007ff8e05c0000 - 0x00007ff8e05d2000 	C:\WINDOWS\SYSTEM32\kernel.appcore.dll
0x00007ff8d2530000 - 0x00007ff8d253a000 	C:\Program Files\graalvm-ce-java17-windows-amd64-21.3.0\graalvm-ce-java17-21.3.0\bin\jimage.dll
0x00007ff8d6280000 - 0x00007ff8d6464000 	C:\WINDOWS\SYSTEM32\DBGHELP.DLL
0x00007ff8d5ee0000 - 0x00007ff8d5f0c000 	C:\WINDOWS\SYSTEM32\dbgcore.DLL
0x00007ff8e1d40000 - 0x00007ff8e1dc2000 	C:\WINDOWS\System32\bcryptPrimitives.dll
0x00007ff8c2860000 - 0x00007ff8c2885000 	C:\Program Files\graalvm-ce-java17-windows-amd64-21.3.0\graalvm-ce-java17-21.3.0\bin\java.dll
0x00007ff8b0080000 - 0x00007ff8b0156000 	C:\Program Files\graalvm-ce-java17-windows-amd64-21.3.0\graalvm-ce-java17-21.3.0\bin\svml.dll
0x00007ff8e2ce0000 - 0x00007ff8e3424000 	C:\WINDOWS\System32\SHELL32.dll
0x00007ff8dfad0000 - 0x00007ff8e0264000 	C:\WINDOWS\SYSTEM32\windows.storage.dll
0x00007ff8e2900000 - 0x00007ff8e2c55000 	C:\WINDOWS\System32\combase.dll
0x00007ff8e1720000 - 0x00007ff8e174e000 	C:\WINDOWS\SYSTEM32\Wldp.dll
0x00007ff8e3af0000 - 0x00007ff8e3b9d000 	C:\WINDOWS\System32\SHCORE.dll
0x00007ff8e44c0000 - 0x00007ff8e4515000 	C:\WINDOWS\System32\shlwapi.dll
0x00007ff8e1c80000 - 0x00007ff8e1c9f000 	C:\WINDOWS\SYSTEM32\profapi.dll
0x00007ff85f540000 - 0x00007ff8617c3000 	C:\Program Files\graalvm-ce-java17-windows-amd64-21.3.0\graalvm-ce-java17-21.3.0\bin\jvmcicompiler.dll
0x00007ff8e1790000 - 0x00007ff8e17b7000 	C:\WINDOWS\SYSTEM32\ncrypt.dll
0x00007ff8e1c00000 - 0x00007ff8e1c2e000 	C:\WINDOWS\SYSTEM32\USERENV.dll
0x00007ff8e1110000 - 0x00007ff8e114b000 	C:\WINDOWS\SYSTEM32\IPHLPAPI.DLL
0x00007ff8e1750000 - 0x00007ff8e178b000 	C:\WINDOWS\SYSTEM32\NTASN1.dll
0x00007ff8e1420000 - 0x00007ff8e148a000 	C:\WINDOWS\system32\mswsock.dll
0x00007ff8cc0b0000 - 0x00007ff8cc0c9000 	C:\Program Files\graalvm-ce-java17-windows-amd64-21.3.0\graalvm-ce-java17-21.3.0\bin\net.dll
0x00007ff8d6510000 - 0x00007ff8d661c000 	C:\WINDOWS\SYSTEM32\WINHTTP.dll
0x00007ff8cb540000 - 0x00007ff8cb555000 	C:\Program Files\graalvm-ce-java17-windows-amd64-21.3.0\graalvm-ce-java17-21.3.0\bin\nio.dll
0x00007ff8bc0d0000 - 0x00007ff8bc0e8000 	C:\Program Files\graalvm-ce-java17-windows-amd64-21.3.0\graalvm-ce-java17-21.3.0\bin\zip.dll

dbghelp: loaded successfully - version: 4.0.5 - missing functions: none
symbol engine: initialized successfully - sym options: 0x614 - pdb path: .;C:\Program Files\graalvm-ce-java17-windows-amd64-21.3.0\graalvm-ce-java17-21.3.0\bin;C:\WINDOWS\SYSTEM32;C:\WINDOWS\WinSxS\amd64_microsoft.windows.common-controls_6595b64144ccf1df_6.0.19041.1110_none_60b5254171f9507e;C:\Program Files\graalvm-ce-java17-windows-amd64-21.3.0\graalvm-ce-java17-21.3.0\bin\server

VM Arguments:
jvm_args: -XX:ThreadPriorityPolicy=1 -XX:+UnlockExperimentalVMOptions -XX:+EnableJVMCIProduct -XX:-UnlockExperimentalVMOptions -Dapplication.home=C:\Program Files\graalvm-ce-java17-windows-amd64-21.3.0\graalvm-ce-java17-21.3.0 --add-modules=ALL-DEFAULT -Xms8m -Djdk.module.main=jdk.jlink 
java_command: jdk.jlink/jdk.tools.jlink.internal.Main --module-path C:\Users\jonat\.gradle\caches\transforms-3\8ee3d696f280412d36aaea3225f23db5\transformed\output\temp\jmod --add-modules java.base --output C:\Users\jonat\.gradle\caches\transforms-3\8ee3d696f280412d36aaea3225f23db5\transformed\output\jdkImage --disable-plugin system-modules
java_class_path (initial): <not set>
Launcher Type: SUN_STANDARD

[Global flags]
     intx CICompilerCount                          = 4                                         {product} {ergonomic}
     uint ConcGCThreads                            = 2                                         {product} {ergonomic}
     bool EnableJVMCIProduct                       = true                                {JVMCI product} {jimage}
     uint G1ConcRefinementThreads                  = 8                                         {product} {ergonomic}
   size_t G1HeapRegionSize                         = 2097152                                   {product} {ergonomic}
    uintx GCDrainStackTargetSize                   = 64                                        {product} {ergonomic}
   size_t InitialHeapSize                          = 8388608                                   {product} {command line}
   size_t MarkStackSize                            = 4194304                                   {product} {ergonomic}
   size_t MaxHeapSize                              = 2667577344                                {product} {ergonomic}
   size_t MaxNewSize                               = 1600126976                                {product} {ergonomic}
   size_t MinHeapDeltaBytes                        = 2097152                                   {product} {ergonomic}
   size_t MinHeapSize                              = 8388608                                   {product} {command line}
    uintx NonNMethodCodeHeapSize                   = 5839372                                {pd product} {ergonomic}
    uintx NonProfiledCodeHeapSize                  = 122909434                              {pd product} {ergonomic}
    uintx ProfiledCodeHeapSize                     = 122909434                              {pd product} {ergonomic}
    uintx ReservedCodeCacheSize                    = 251658240                              {pd product} {ergonomic}
     bool SegmentedCodeCache                       = true                                      {product} {ergonomic}
   size_t SoftMaxHeapSize                          = 2667577344                             {manageable} {ergonomic}
     intx ThreadPriorityPolicy                     = 1                                         {product} {jimage}
     bool UseCompressedClassPointers               = true                           {product lp64_product} {ergonomic}
     bool UseCompressedOops                        = true                           {product lp64_product} {ergonomic}
     bool UseG1GC                                  = true                                      {product} {ergonomic}
     bool UseLargePagesIndividualAllocation        = false                                  {pd product} {ergonomic}

Logging:
Log output configuration:
 #0: stdout all=warning uptime,level,tags
 #1: stderr all=off uptime,level,tags

Environment Variables:
JAVA_HOME=C:\Program Files\graalvm-ce-java17-windows-amd64-21.3.0\graalvm-ce-java17-21.3.0
PATH=C:\Program Files\Python39\Scripts\;C:\Program Files\Python39\;C:\oraclexe\app\oracle\product\11.2.0\server\bin;C:\Program Files (x86)\Borland\Delphi7\Bin;C:\Program Files (x86)\Borland\Delphi7\Projects\Bpl\;C:\WINDOWS\system32;C:\WINDOWS;C:\WINDOWS\System32\Wbem;C:\WINDOWS\System32\WindowsPowerShell\v1.0\;C:\WINDOWS\System32\OpenSSH\;C:\Program Files\nodejs\;C:\ProgramData\chocolatey\bin;C:\xampp\mysql\bin;C:\php-7.4.10;C:\GhostScript;C:\Program Files\dotnet\;C:\Program Files\apache-maven-3.8.1\bin;C:\Program Files\apache-maven-3.8.1\bin;C:\Users\jonat\AppData\Roaming\Python\Python39\Scripts;C:\Program Files\gradle-7.1.1\bin;C:\Program Files\Git\cmd;C:\Program Files\graalvm-ce-java17-windows-amd64-21.3.0\graalvm-ce-java17-21.3.0\bin;C:\Program Files\Java\jdk-17.0.1\bin;C:\Users\jonat\.cargo\bin;C:\Users\jonat\AppData\Local\Microsoft\WindowsApps;C:\Users\jonat\AppData\Local\Programs\Microsoft VS Code\bin;C:\Users\jonat\AppData\Roaming\npm;C:\Program Files\JetBrains\PyCharm Community Edition 2020.3.1\bin;;C:\Users\jonat\.dotnet\tools;C:\Users\jonat\AppData\Local\Pandoc\;C:\Users\jonat\MikTeX\miktex\bin\x64\;C:\Program Files\JetBrains\IntelliJ IDEA Community Edition 2021.2.3\bin;
USERNAME=jonat
OS=Windows_NT
PROCESSOR_IDENTIFIER=AMD64 Family 23 Model 24 Stepping 1, AuthenticAMD



---------------  S Y S T E M  ---------------

OS:
 Windows 10 , 64 bit Build 19041 (10.0.19041.1348)
OS uptime: 3 days 6:31 hours

CPU: total 8 (initial active 8) (8 cores per cpu, 2 threads per core) family 23 model 24 stepping 1 microcode 0x0, cx8, cmov, fxsr, ht, mmx, 3dnowpref, sse, sse2, sse3, ssse3, sse4a, sse4.1, sse4.2, popcnt, lzcnt, tsc, tscinvbit, avx, avx2, aes, clmul, bmi1, bmi2, adx, sha, fma, vzeroupper, clflush, clflushopt

Memory: 4k page, system-wide physical 10170M (382M free)
TotalPageFile size 22170M (AvailPageFile size 5M)
current process WorkingSet (physical memory assigned to process): 256M, peak: 256M
current process commit charge ("private bytes"): 345M, peak: 346M

vm_info: OpenJDK 64-Bit Server VM (17.0.1+12-jvmci-21.3-b05) for windows-amd64 JRE (17.0.1+12-jvmci-21.3-b05), built on Oct 15 2021 23:20:35 by "" with MS VC++ 16.8 (VS2019)

END.
